{"/Users/ismail/Apps/personal/promptvitals project/backend/src/App.tsx": {"path":"/Users/ismail/Apps/personal/promptvitals project/backend/src/App.tsx","statementMap":{"0":{"start":{"line":26,"column":0},"end":{"line":26,"column":15}},"1":{"start":{"line":1,"column":18},"end":{"line":1,"column":null}},"2":{"start":{"line":2,"column":19},"end":{"line":2,"column":null}},"3":{"start":{"line":3,"column":17},"end":{"line":3,"column":null}},"4":{"start":{"line":4,"column":23},"end":{"line":4,"column":null}},"5":{"start":{"line":5,"column":21},"end":{"line":5,"column":null}},"6":{"start":{"line":6,"column":21},"end":{"line":6,"column":null}},"7":{"start":{"line":7,"column":25},"end":{"line":7,"column":null}},"8":{"start":{"line":8,"column":19},"end":{"line":8,"column":null}},"9":{"start":{"line":26,"column":15},"end":{"line":26,"column":null}}},"fnMap":{"0":{"name":"App","decl":{"start":{"line":10,"column":9},"end":{"line":10,"column":null}},"loc":{"start":{"line":10,"column":9},"end":{"line":24,"column":null}}}},"branchMap":{},"s":{"0":0,"1":0,"2":0,"3":0,"4":0,"5":0,"6":0,"7":0,"8":0,"9":0},"f":{"0":0},"b":{}}
,"/Users/ismail/Apps/personal/promptvitals project/backend/src/app/layout.tsx": {"path":"/Users/ismail/Apps/personal/promptvitals project/backend/src/app/layout.tsx","statementMap":{"0":{"start":{"line":9,"column":24},"end":{"line":9,"column":35}},"1":{"start":{"line":4,"column":13},"end":{"line":4,"column":21}},"2":{"start":{"line":2,"column":7},"end":{"line":2,"column":null}},"3":{"start":{"line":4,"column":34},"end":{"line":7,"column":null}}},"fnMap":{"0":{"name":"RootLayout","decl":{"start":{"line":9,"column":24},"end":{"line":9,"column":35}},"loc":{"start":{"line":13,"column":1},"end":{"line":26,"column":1}}}},"branchMap":{},"s":{"0":0,"1":0,"2":0,"3":0},"f":{"0":0},"b":{}}
,"/Users/ismail/Apps/personal/promptvitals project/backend/src/app/page.tsx": {"path":"/Users/ismail/Apps/personal/promptvitals project/backend/src/app/page.tsx","statementMap":{"0":{"start":{"line":12,"column":24},"end":{"line":12,"column":null}},"1":{"start":{"line":3,"column":18},"end":{"line":3,"column":null}},"2":{"start":{"line":4,"column":19},"end":{"line":4,"column":null}},"3":{"start":{"line":5,"column":17},"end":{"line":5,"column":null}},"4":{"start":{"line":6,"column":23},"end":{"line":6,"column":null}},"5":{"start":{"line":7,"column":21},"end":{"line":7,"column":null}},"6":{"start":{"line":8,"column":21},"end":{"line":8,"column":null}},"7":{"start":{"line":9,"column":29},"end":{"line":9,"column":null}},"8":{"start":{"line":10,"column":19},"end":{"line":10,"column":null}}},"fnMap":{"0":{"name":"Home","decl":{"start":{"line":12,"column":24},"end":{"line":12,"column":null}},"loc":{"start":{"line":12,"column":24},"end":{"line":26,"column":null}}}},"branchMap":{},"s":{"0":0,"1":0,"2":0,"3":0,"4":0,"5":0,"6":0,"7":0,"8":0},"f":{"0":0},"b":{}}
,"/Users/ismail/Apps/personal/promptvitals project/backend/src/app/api/[...not_found]/route.ts": {"path":"/Users/ismail/Apps/personal/promptvitals project/backend/src/app/api/[...not_found]/route.ts","statementMap":{"0":{"start":{"line":18,"column":13},"end":{"line":18,"column":19}},"1":{"start":{"line":6,"column":13},"end":{"line":6,"column":16}},"2":{"start":{"line":22,"column":13},"end":{"line":22,"column":18}},"3":{"start":{"line":10,"column":13},"end":{"line":10,"column":17}},"4":{"start":{"line":14,"column":13},"end":{"line":14,"column":16}},"5":{"start":{"line":1,"column":30},"end":{"line":1,"column":null}},"6":{"start":{"line":6,"column":19},"end":{"line":8,"column":null}},"7":{"start":{"line":7,"column":2},"end":{"line":7,"column":null}},"8":{"start":{"line":10,"column":20},"end":{"line":12,"column":null}},"9":{"start":{"line":11,"column":2},"end":{"line":11,"column":null}},"10":{"start":{"line":14,"column":19},"end":{"line":16,"column":null}},"11":{"start":{"line":15,"column":2},"end":{"line":15,"column":null}},"12":{"start":{"line":18,"column":22},"end":{"line":20,"column":null}},"13":{"start":{"line":19,"column":2},"end":{"line":19,"column":null}},"14":{"start":{"line":22,"column":21},"end":{"line":24,"column":null}},"15":{"start":{"line":23,"column":2},"end":{"line":23,"column":null}}},"fnMap":{"0":{"name":"(anonymous_6)","decl":{"start":{"line":6,"column":19},"end":{"line":6,"column":null}},"loc":{"start":{"line":6,"column":19},"end":{"line":8,"column":null}}},"1":{"name":"(anonymous_7)","decl":{"start":{"line":10,"column":20},"end":{"line":10,"column":null}},"loc":{"start":{"line":10,"column":20},"end":{"line":12,"column":null}}},"2":{"name":"(anonymous_8)","decl":{"start":{"line":14,"column":19},"end":{"line":14,"column":null}},"loc":{"start":{"line":14,"column":19},"end":{"line":16,"column":null}}},"3":{"name":"(anonymous_9)","decl":{"start":{"line":18,"column":22},"end":{"line":18,"column":null}},"loc":{"start":{"line":18,"column":22},"end":{"line":20,"column":null}}},"4":{"name":"(anonymous_10)","decl":{"start":{"line":22,"column":21},"end":{"line":22,"column":null}},"loc":{"start":{"line":22,"column":21},"end":{"line":24,"column":null}}}},"branchMap":{},"s":{"0":0,"1":0,"2":0,"3":0,"4":0,"5":0,"6":0,"7":0,"8":0,"9":0,"10":0,"11":0,"12":0,"13":0,"14":0,"15":0},"f":{"0":0,"1":0,"2":0,"3":0,"4":0},"b":{}}
,"/Users/ismail/Apps/personal/promptvitals project/backend/src/app/api/summary/route.ts": {"path":"/Users/ismail/Apps/personal/promptvitals project/backend/src/app/api/summary/route.ts","statementMap":{"0":{"start":{"line":10,"column":13},"end":{"line":10,"column":20}},"1":{"start":{"line":1,"column":18},"end":{"line":1,"column":null}},"2":{"start":{"line":2,"column":47},"end":{"line":2,"column":null}},"3":{"start":{"line":4,"column":29},"end":{"line":4,"column":null}},"4":{"start":{"line":6,"column":22},"end":{"line":8,"column":null}},"5":{"start":{"line":10,"column":20},"end":{"line":33,"column":null}},"6":{"start":{"line":11,"column":2},"end":{"line":32,"column":null}},"7":{"start":{"line":12,"column":17},"end":{"line":12,"column":null}},"8":{"start":{"line":13,"column":23},"end":{"line":13,"column":null}},"9":{"start":{"line":15,"column":4},"end":{"line":17,"column":null}},"10":{"start":{"line":16,"column":6},"end":{"line":16,"column":null}},"11":{"start":{"line":19,"column":25},"end":{"line":19,"column":null}},"12":{"start":{"line":20,"column":27},"end":{"line":20,"column":null}},"13":{"start":{"line":22,"column":4},"end":{"line":22,"column":null}},"14":{"start":{"line":25,"column":4},"end":{"line":30,"column":null}}},"fnMap":{"0":{"name":"(anonymous_1)","decl":{"start":{"line":10,"column":20},"end":{"line":10,"column":27}},"loc":{"start":{"line":10,"column":27},"end":{"line":33,"column":null}}}},"branchMap":{"0":{"loc":{"start":{"line":15,"column":4},"end":{"line":17,"column":null}},"type":"if","locations":[{"start":{"line":15,"column":4},"end":{"line":17,"column":null}}]},"1":{"loc":{"start":{"line":28,"column":17},"end":{"line":28,"column":null}},"type":"cond-expr","locations":[{"start":{"line":28,"column":42},"end":{"line":28,"column":55}},{"start":{"line":28,"column":58},"end":{"line":28,"column":null}}]}},"s":{"0":0,"1":0,"2":0,"3":0,"4":0,"5":0,"6":0,"7":0,"8":0,"9":0,"10":0,"11":0,"12":0,"13":0,"14":0},"f":{"0":0},"b":{"0":[0],"1":[0,0]}}
,"/Users/ismail/Apps/personal/promptvitals project/backend/src/app/evaluate/page.tsx": {"path":"/Users/ismail/Apps/personal/promptvitals project/backend/src/app/evaluate/page.tsx","statementMap":{"0":{"start":{"line":88,"column":0},"end":{"line":88,"column":15}},"1":{"start":{"line":3,"column":32},"end":{"line":3,"column":null}},"2":{"start":{"line":4,"column":19},"end":{"line":4,"column":null}},"3":{"start":{"line":5,"column":19},"end":{"line":5,"column":null}},"4":{"start":{"line":6,"column":31},"end":{"line":6,"column":null}},"5":{"start":{"line":7,"column":33},"end":{"line":7,"column":null}},"6":{"start":{"line":10,"column":39},"end":{"line":86,"column":null}},"7":{"start":{"line":11,"column":46},"end":{"line":11,"column":null}},"8":{"start":{"line":12,"column":36},"end":{"line":12,"column":null}},"9":{"start":{"line":14,"column":31},"end":{"line":16,"column":null}},"10":{"start":{"line":15,"column":4},"end":{"line":15,"column":null}},"11":{"start":{"line":18,"column":30},"end":{"line":20,"column":null}},"12":{"start":{"line":19,"column":4},"end":{"line":19,"column":null}},"13":{"start":{"line":88,"column":15},"end":{"line":88,"column":null}}},"fnMap":{"0":{"name":"(anonymous_5)","decl":{"start":{"line":10,"column":39},"end":{"line":10,"column":null}},"loc":{"start":{"line":10,"column":39},"end":{"line":86,"column":null}}},"1":{"name":"(anonymous_6)","decl":{"start":{"line":14,"column":31},"end":{"line":14,"column":32}},"loc":{"start":{"line":14,"column":32},"end":{"line":16,"column":null}}},"2":{"name":"(anonymous_7)","decl":{"start":{"line":18,"column":30},"end":{"line":18,"column":31}},"loc":{"start":{"line":18,"column":31},"end":{"line":20,"column":null}}}},"branchMap":{"0":{"loc":{"start":{"line":44,"column":12},"end":{"line":44,"column":30}},"type":"binary-expr","locations":[{"start":{"line":44,"column":12},"end":{"line":44,"column":30}},{"start":{"line":44,"column":30},"end":{"line":44,"column":38}}]},"1":{"loc":{"start":{"line":46,"column":30},"end":{"line":46,"column":null}},"type":"binary-expr","locations":[{"start":{"line":46,"column":30},"end":{"line":46,"column":95}},{"start":{"line":46,"column":95},"end":{"line":46,"column":null}}]},"2":{"loc":{"start":{"line":47,"column":35},"end":{"line":47,"column":112}},"type":"binary-expr","locations":[{"start":{"line":47,"column":35},"end":{"line":47,"column":110}},{"start":{"line":47,"column":110},"end":{"line":47,"column":112}}]}},"s":{"0":0,"1":0,"2":0,"3":0,"4":0,"5":0,"6":0,"7":0,"8":0,"9":0,"10":0,"11":0,"12":0,"13":0},"f":{"0":0,"1":0,"2":0},"b":{"0":[0,0],"1":[0,0],"2":[0,0]}}
,"/Users/ismail/Apps/personal/promptvitals project/backend/src/components/Button.tsx": {"path":"/Users/ismail/Apps/personal/promptvitals project/backend/src/components/Button.tsx","statementMap":{"0":{"start":{"line":43,"column":0},"end":{"line":43,"column":15}},"1":{"start":{"line":3,"column":18},"end":{"line":3,"column":null}},"2":{"start":{"line":13,"column":38},"end":{"line":41,"column":null}},"3":{"start":{"line":20,"column":22},"end":{"line":20,"column":null}},"4":{"start":{"line":22,"column":25},"end":{"line":26,"column":null}},"5":{"start":{"line":28,"column":22},"end":{"line":32,"column":null}},"6":{"start":{"line":34,"column":18},"end":{"line":34,"column":95}},"7":{"start":{"line":43,"column":15},"end":{"line":43,"column":null}}},"fnMap":{"0":{"name":"(anonymous_2)","decl":{"start":{"line":13,"column":38},"end":{"line":13,"column":39}},"loc":{"start":{"line":19,"column":1},"end":{"line":41,"column":null}}}},"branchMap":{"0":{"loc":{"start":{"line":15,"column":2},"end":{"line":15,"column":18}},"type":"default-arg","locations":[{"start":{"line":15,"column":12},"end":{"line":15,"column":18}}]},"1":{"loc":{"start":{"line":16,"column":2},"end":{"line":16,"column":13}},"type":"default-arg","locations":[{"start":{"line":16,"column":9},"end":{"line":16,"column":13}}]},"2":{"loc":{"start":{"line":17,"column":2},"end":{"line":17,"column":16}},"type":"default-arg","locations":[{"start":{"line":17,"column":14},"end":{"line":17,"column":16}}]}},"s":{"0":0,"1":0,"2":0,"3":0,"4":0,"5":0,"6":0,"7":0},"f":{"0":0},"b":{"0":[0],"1":[0],"2":[0]}}
,"/Users/ismail/Apps/personal/promptvitals project/backend/src/components/Footer.tsx": {"path":"/Users/ismail/Apps/personal/promptvitals project/backend/src/components/Footer.tsx","statementMap":{"0":{"start":{"line":122,"column":0},"end":{"line":122,"column":15}},"1":{"start":{"line":3,"column":18},"end":{"line":3,"column":null}},"2":{"start":{"line":5,"column":25},"end":{"line":120,"column":null}},"3":{"start":{"line":6,"column":22},"end":{"line":6,"column":null}},"4":{"start":{"line":8,"column":29},"end":{"line":20,"column":null}},"5":{"start":{"line":9,"column":4},"end":{"line":9,"column":null}},"6":{"start":{"line":10,"column":21},"end":{"line":10,"column":null}},"7":{"start":{"line":11,"column":4},"end":{"line":19,"column":null}},"8":{"start":{"line":12,"column":28},"end":{"line":12,"column":null}},"9":{"start":{"line":13,"column":6},"end":{"line":18,"column":null}},"10":{"start":{"line":14,"column":8},"end":{"line":17,"column":null}},"11":{"start":{"line":22,"column":28},"end":{"line":28,"column":null}},"12":{"start":{"line":23,"column":4},"end":{"line":23,"column":null}},"13":{"start":{"line":24,"column":4},"end":{"line":27,"column":null}},"14":{"start":{"line":30,"column":22},"end":{"line":66,"column":null}},"15":{"start":{"line":82,"column":12},"end":{"line":82,"column":null}},"16":{"start":{"line":86,"column":18},"end":{"line":86,"column":null}},"17":{"start":{"line":122,"column":15},"end":{"line":122,"column":null}}},"fnMap":{"0":{"name":"(anonymous_2)","decl":{"start":{"line":5,"column":25},"end":{"line":5,"column":null}},"loc":{"start":{"line":5,"column":25},"end":{"line":120,"column":null}}},"1":{"name":"(anonymous_3)","decl":{"start":{"line":8,"column":29},"end":{"line":8,"column":30}},"loc":{"start":{"line":8,"column":30},"end":{"line":20,"column":null}}},"2":{"name":"(anonymous_4)","decl":{"start":{"line":22,"column":28},"end":{"line":22,"column":29}},"loc":{"start":{"line":22,"column":29},"end":{"line":28,"column":null}}},"3":{"name":"(anonymous_5)","decl":{"start":{"line":81,"column":27},"end":{"line":81,"column":28}},"loc":{"start":{"line":82,"column":12},"end":{"line":82,"column":null}}},"4":{"name":"(anonymous_6)","decl":{"start":{"line":85,"column":35},"end":{"line":85,"column":36}},"loc":{"start":{"line":86,"column":18},"end":{"line":86,"column":null}}}},"branchMap":{"0":{"loc":{"start":{"line":11,"column":4},"end":{"line":19,"column":null}},"type":"if","locations":[{"start":{"line":11,"column":4},"end":{"line":19,"column":null}}]},"1":{"loc":{"start":{"line":13,"column":6},"end":{"line":18,"column":null}},"type":"if","locations":[{"start":{"line":13,"column":6},"end":{"line":18,"column":null}}]},"2":{"loc":{"start":{"line":90,"column":31},"end":{"line":90,"column":null}},"type":"cond-expr","locations":[{"start":{"line":90,"column":51},"end":{"line":90,"column":71}},{"start":{"line":90,"column":71},"end":{"line":90,"column":null}}]}},"s":{"0":0,"1":0,"2":0,"3":0,"4":0,"5":0,"6":0,"7":0,"8":0,"9":0,"10":0,"11":0,"12":0,"13":0,"14":0,"15":0,"16":0,"17":0},"f":{"0":0,"1":0,"2":0,"3":0,"4":0},"b":{"0":[0],"1":[0],"2":[0,0]}}
,"/Users/ismail/Apps/personal/promptvitals project/backend/src/components/Header.tsx": {"path":"/Users/ismail/Apps/personal/promptvitals project/backend/src/components/Header.tsx","statementMap":{"0":{"start":{"line":114,"column":0},"end":{"line":114,"column":15}},"1":{"start":{"line":3,"column":43},"end":{"line":3,"column":null}},"2":{"start":{"line":4,"column":28},"end":{"line":4,"column":null}},"3":{"start":{"line":5,"column":17},"end":{"line":5,"column":null}},"4":{"start":{"line":6,"column":28},"end":{"line":6,"column":null}},"5":{"start":{"line":8,"column":25},"end":{"line":112,"column":null}},"6":{"start":{"line":9,"column":30},"end":{"line":9,"column":null}},"7":{"start":{"line":10,"column":34},"end":{"line":10,"column":null}},"8":{"start":{"line":11,"column":19},"end":{"line":11,"column":null}},"9":{"start":{"line":13,"column":2},"end":{"line":24,"column":null}},"10":{"start":{"line":14,"column":25},"end":{"line":20,"column":null}},"11":{"start":{"line":15,"column":6},"end":{"line":19,"column":null}},"12":{"start":{"line":16,"column":8},"end":{"line":16,"column":null}},"13":{"start":{"line":18,"column":8},"end":{"line":18,"column":null}},"14":{"start":{"line":22,"column":4},"end":{"line":22,"column":null}},"15":{"start":{"line":23,"column":4},"end":{"line":23,"column":null}},"16":{"start":{"line":23,"column":17},"end":{"line":23,"column":null}},"17":{"start":{"line":26,"column":21},"end":{"line":28,"column":null}},"18":{"start":{"line":27,"column":4},"end":{"line":27,"column":null}},"19":{"start":{"line":31,"column":29},"end":{"line":43,"column":null}},"20":{"start":{"line":32,"column":4},"end":{"line":32,"column":null}},"21":{"start":{"line":33,"column":21},"end":{"line":33,"column":null}},"22":{"start":{"line":34,"column":4},"end":{"line":42,"column":null}},"23":{"start":{"line":35,"column":28},"end":{"line":35,"column":null}},"24":{"start":{"line":36,"column":6},"end":{"line":41,"column":null}},"25":{"start":{"line":37,"column":8},"end":{"line":40,"column":null}},"26":{"start":{"line":45,"column":28},"end":{"line":51,"column":null}},"27":{"start":{"line":46,"column":4},"end":{"line":46,"column":null}},"28":{"start":{"line":47,"column":4},"end":{"line":50,"column":null}},"29":{"start":{"line":114,"column":15},"end":{"line":114,"column":null}}},"fnMap":{"0":{"name":"(anonymous_5)","decl":{"start":{"line":8,"column":25},"end":{"line":8,"column":null}},"loc":{"start":{"line":8,"column":25},"end":{"line":112,"column":null}}},"1":{"name":"(anonymous_6)","decl":{"start":{"line":13,"column":12},"end":{"line":13,"column":null}},"loc":{"start":{"line":13,"column":12},"end":{"line":24,"column":5}}},"2":{"name":"(anonymous_7)","decl":{"start":{"line":14,"column":25},"end":{"line":14,"column":null}},"loc":{"start":{"line":14,"column":25},"end":{"line":20,"column":null}}},"3":{"name":"(anonymous_8)","decl":{"start":{"line":23,"column":11},"end":{"line":23,"column":17}},"loc":{"start":{"line":23,"column":17},"end":{"line":23,"column":null}}},"4":{"name":"(anonymous_9)","decl":{"start":{"line":26,"column":21},"end":{"line":26,"column":null}},"loc":{"start":{"line":26,"column":21},"end":{"line":28,"column":null}}},"5":{"name":"(anonymous_10)","decl":{"start":{"line":31,"column":29},"end":{"line":31,"column":30}},"loc":{"start":{"line":31,"column":30},"end":{"line":43,"column":null}}},"6":{"name":"(anonymous_11)","decl":{"start":{"line":45,"column":28},"end":{"line":45,"column":29}},"loc":{"start":{"line":45,"column":29},"end":{"line":51,"column":null}}}},"branchMap":{"0":{"loc":{"start":{"line":15,"column":6},"end":{"line":19,"column":null}},"type":"if","locations":[{"start":{"line":15,"column":6},"end":{"line":19,"column":null}},{"start":{"line":17,"column":13},"end":{"line":19,"column":null}}]},"1":{"loc":{"start":{"line":34,"column":4},"end":{"line":42,"column":null}},"type":"if","locations":[{"start":{"line":34,"column":4},"end":{"line":42,"column":null}}]},"2":{"loc":{"start":{"line":36,"column":6},"end":{"line":41,"column":null}},"type":"if","locations":[{"start":{"line":36,"column":6},"end":{"line":41,"column":null}}]},"3":{"loc":{"start":{"line":56,"column":8},"end":{"line":58,"column":null}},"type":"cond-expr","locations":[{"start":{"line":57,"column":12},"end":{"line":57,"column":null}},{"start":{"line":58,"column":12},"end":{"line":58,"column":null}}]},"4":{"loc":{"start":{"line":70,"column":91},"end":{"line":70,"column":144}},"type":"cond-expr","locations":[{"start":{"line":70,"column":110},"end":{"line":70,"column":128}},{"start":{"line":70,"column":128},"end":{"line":70,"column":144}}]},"5":{"loc":{"start":{"line":73,"column":99},"end":{"line":73,"column":160}},"type":"cond-expr","locations":[{"start":{"line":73,"column":126},"end":{"line":73,"column":144}},{"start":{"line":73,"column":144},"end":{"line":73,"column":160}}]},"6":{"loc":{"start":{"line":91,"column":24},"end":{"line":91,"column":43}},"type":"cond-expr","locations":[{"start":{"line":91,"column":24},"end":{"line":91,"column":43}}]},"7":{"loc":{"start":{"line":98,"column":7},"end":{"line":98,"column":null}},"type":"binary-expr","locations":[{"start":{"line":98,"column":7},"end":{"line":98,"column":null}}]},"8":{"loc":{"start":{"line":101,"column":102},"end":{"line":101,"column":155}},"type":"cond-expr","locations":[{"start":{"line":101,"column":121},"end":{"line":101,"column":139}},{"start":{"line":101,"column":139},"end":{"line":101,"column":155}}]},"9":{"loc":{"start":{"line":104,"column":110},"end":{"line":104,"column":171}},"type":"cond-expr","locations":[{"start":{"line":104,"column":137},"end":{"line":104,"column":155}},{"start":{"line":104,"column":155},"end":{"line":104,"column":171}}]}},"s":{"0":0,"1":0,"2":0,"3":0,"4":0,"5":0,"6":0,"7":0,"8":0,"9":0,"10":0,"11":0,"12":0,"13":0,"14":0,"15":0,"16":0,"17":0,"18":0,"19":0,"20":0,"21":0,"22":0,"23":0,"24":0,"25":0,"26":0,"27":0,"28":0,"29":0},"f":{"0":0,"1":0,"2":0,"3":0,"4":0,"5":0,"6":0},"b":{"0":[0,0],"1":[0],"2":[0],"3":[0,0],"4":[0,0],"5":[0,0],"6":[0],"7":[0],"8":[0,0],"9":[0,0]}}
,"/Users/ismail/Apps/personal/promptvitals project/backend/src/components/evaluate/BackToOverallButton.tsx": {"path":"/Users/ismail/Apps/personal/promptvitals project/backend/src/components/evaluate/BackToOverallButton.tsx","statementMap":{"0":{"start":{"line":26,"column":0},"end":{"line":26,"column":15}},"1":{"start":{"line":1,"column":18},"end":{"line":1,"column":null}},"2":{"start":{"line":8,"column":64},"end":{"line":24,"column":null}},"3":{"start":{"line":9,"column":2},"end":{"line":9,"column":null}},"4":{"start":{"line":9,"column":13},"end":{"line":9,"column":null}},"5":{"start":{"line":26,"column":15},"end":{"line":26,"column":null}}},"fnMap":{"0":{"name":"(anonymous_2)","decl":{"start":{"line":8,"column":64},"end":{"line":8,"column":65}},"loc":{"start":{"line":8,"column":82},"end":{"line":24,"column":null}}}},"branchMap":{"0":{"loc":{"start":{"line":9,"column":2},"end":{"line":9,"column":null}},"type":"if","locations":[{"start":{"line":9,"column":2},"end":{"line":9,"column":null}}]}},"s":{"0":0,"1":0,"2":0,"3":0,"4":0,"5":0},"f":{"0":0},"b":{"0":[0]}}
,"/Users/ismail/Apps/personal/promptvitals project/backend/src/components/evaluate/CategoryWheelsGrid.tsx": {"path":"/Users/ismail/Apps/personal/promptvitals project/backend/src/components/evaluate/CategoryWheelsGrid.tsx","statementMap":{"0":{"start":{"line":43,"column":0},"end":{"line":43,"column":15}},"1":{"start":{"line":1,"column":18},"end":{"line":1,"column":null}},"2":{"start":{"line":2,"column":29},"end":{"line":2,"column":null}},"3":{"start":{"line":3,"column":31},"end":{"line":3,"column":null}},"4":{"start":{"line":15,"column":23},"end":{"line":15,"column":null}},"5":{"start":{"line":16,"column":8},"end":{"line":18,"column":null}},"6":{"start":{"line":20,"column":27},"end":{"line":20,"column":null}},"7":{"start":{"line":43,"column":15},"end":{"line":43,"column":null}}},"fnMap":{"0":{"name":"(anonymous_3)","decl":{"start":{"line":14,"column":43},"end":{"line":14,"column":44}},"loc":{"start":{"line":14,"column":44},"end":{"line":38,"column":null}}},"1":{"name":"(anonymous_4)","decl":{"start":{"line":20,"column":21},"end":{"line":20,"column":27}},"loc":{"start":{"line":20,"column":27},"end":{"line":20,"column":null}}}},"branchMap":{},"s":{"0":0,"1":0,"2":0,"3":0,"4":0,"5":0,"6":0,"7":0},"f":{"0":0,"1":0},"b":{}}
,"/Users/ismail/Apps/personal/promptvitals project/backend/src/components/evaluate/CircularProgress.tsx": {"path":"/Users/ismail/Apps/personal/promptvitals project/backend/src/components/evaluate/CircularProgress.tsx","statementMap":{"0":{"start":{"line":53,"column":0},"end":{"line":53,"column":15}},"1":{"start":{"line":1,"column":18},"end":{"line":1,"column":null}},"2":{"start":{"line":2,"column":31},"end":{"line":2,"column":null}},"3":{"start":{"line":9,"column":58},"end":{"line":51,"column":null}},"4":{"start":{"line":10,"column":17},"end":{"line":10,"column":null}},"5":{"start":{"line":11,"column":24},"end":{"line":11,"column":null}},"6":{"start":{"line":12,"column":26},"end":{"line":12,"column":77}},"7":{"start":{"line":53,"column":15},"end":{"line":53,"column":null}}},"fnMap":{"0":{"name":"(anonymous_2)","decl":{"start":{"line":9,"column":58},"end":{"line":9,"column":59}},"loc":{"start":{"line":9,"column":80},"end":{"line":51,"column":null}}}},"branchMap":{"0":{"loc":{"start":{"line":9,"column":68},"end":{"line":9,"column":78}},"type":"default-arg","locations":[{"start":{"line":9,"column":75},"end":{"line":9,"column":78}}]}},"s":{"0":0,"1":0,"2":0,"3":0,"4":0,"5":0,"6":0,"7":0},"f":{"0":0},"b":{"0":[0]}}
,"/Users/ismail/Apps/personal/promptvitals project/backend/src/components/evaluate/DetailedCategoryAnalyses.tsx": {"path":"/Users/ismail/Apps/personal/promptvitals project/backend/src/components/evaluate/DetailedCategoryAnalyses.tsx","statementMap":{"0":{"start":{"line":121,"column":0},"end":{"line":121,"column":15}},"1":{"start":{"line":1,"column":18},"end":{"line":1,"column":null}},"2":{"start":{"line":2,"column":31},"end":{"line":2,"column":null}},"3":{"start":{"line":18,"column":6},"end":{"line":19,"column":null}},"4":{"start":{"line":45,"column":29},"end":{"line":45,"column":null}},"5":{"start":{"line":58,"column":34},"end":{"line":58,"column":null}},"6":{"start":{"line":59,"column":16},"end":{"line":60,"column":35}},"7":{"start":{"line":99,"column":30},"end":{"line":99,"column":44}},"8":{"start":{"line":121,"column":15},"end":{"line":121,"column":null}}},"fnMap":{"0":{"name":"(anonymous_3)","decl":{"start":{"line":17,"column":41},"end":{"line":17,"column":42}},"loc":{"start":{"line":18,"column":6},"end":{"line":19,"column":null}}},"1":{"name":"(anonymous_4)","decl":{"start":{"line":45,"column":23},"end":{"line":45,"column":29}},"loc":{"start":{"line":45,"column":29},"end":{"line":45,"column":null}}},"2":{"name":"(anonymous_5)","decl":{"start":{"line":57,"column":44},"end":{"line":57,"column":45}},"loc":{"start":{"line":57,"column":50},"end":{"line":112,"column":null}}},"3":{"name":"(anonymous_6)","decl":{"start":{"line":98,"column":61},"end":{"line":98,"column":62}},"loc":{"start":{"line":99,"column":30},"end":{"line":99,"column":44}}}},"branchMap":{"0":{"loc":{"start":{"line":48,"column":15},"end":{"line":48,"column":null}},"type":"cond-expr","locations":[{"start":{"line":48,"column":60},"end":{"line":48,"column":66}},{"start":{"line":48,"column":66},"end":{"line":48,"column":null}}]},"1":{"loc":{"start":{"line":54,"column":9},"end":{"line":54,"column":52}},"type":"binary-expr","locations":[{"start":{"line":54,"column":9},"end":{"line":54,"column":52}}]},"2":{"loc":{"start":{"line":67,"column":31},"end":{"line":67,"column":null}},"type":"cond-expr","locations":[{"start":{"line":67,"column":49},"end":{"line":67,"column":55}},{"start":{"line":67,"column":55},"end":{"line":67,"column":null}}]},"3":{"loc":{"start":{"line":67,"column":55},"end":{"line":67,"column":null}},"type":"cond-expr","locations":[{"start":{"line":67,"column":73},"end":{"line":67,"column":79}},{"start":{"line":67,"column":79},"end":{"line":67,"column":null}}]},"4":{"loc":{"start":{"line":67,"column":79},"end":{"line":67,"column":null}},"type":"cond-expr","locations":[{"start":{"line":67,"column":97},"end":{"line":67,"column":103}},{"start":{"line":67,"column":103},"end":{"line":67,"column":null}}]},"5":{"loc":{"start":{"line":91,"column":23},"end":{"line":91,"column":50}},"type":"binary-expr","locations":[{"start":{"line":91,"column":23},"end":{"line":91,"column":50}},{"start":{"line":91,"column":54},"end":{"line":91,"column":null}}]}},"s":{"0":0,"1":0,"2":0,"3":0,"4":0,"5":0,"6":0,"7":0,"8":0},"f":{"0":0,"1":0,"2":0,"3":0},"b":{"0":[0,0],"1":[0],"2":[0,0],"3":[0,0],"4":[0,0],"5":[0,0]}}
,"/Users/ismail/Apps/personal/promptvitals project/backend/src/components/evaluate/HumanReviewNotice.tsx": {"path":"/Users/ismail/Apps/personal/promptvitals project/backend/src/components/evaluate/HumanReviewNotice.tsx","statementMap":{"0":{"start":{"line":35,"column":0},"end":{"line":35,"column":15}},"1":{"start":{"line":1,"column":18},"end":{"line":1,"column":null}},"2":{"start":{"line":35,"column":15},"end":{"line":35,"column":null}}},"fnMap":{},"branchMap":{"0":{"loc":{"start":{"line":23,"column":9},"end":{"line":23,"column":null}},"type":"binary-expr","locations":[{"start":{"line":23,"column":9},"end":{"line":23,"column":null}}]}},"s":{"0":0,"1":0,"2":0},"f":{},"b":{"0":[0]}}
,"/Users/ismail/Apps/personal/promptvitals project/backend/src/components/evaluate/Loader.tsx": {"path":"/Users/ismail/Apps/personal/promptvitals project/backend/src/components/evaluate/Loader.tsx","statementMap":{"0":{"start":{"line":22,"column":0},"end":{"line":22,"column":15}},"1":{"start":{"line":1,"column":18},"end":{"line":1,"column":null}},"2":{"start":{"line":22,"column":15},"end":{"line":22,"column":null}}},"fnMap":{},"branchMap":{},"s":{"0":0,"1":0,"2":0},"f":{},"b":{}}
,"/Users/ismail/Apps/personal/promptvitals project/backend/src/components/evaluate/OverallScoreSection.tsx": {"path":"/Users/ismail/Apps/personal/promptvitals project/backend/src/components/evaluate/OverallScoreSection.tsx","statementMap":{"0":{"start":{"line":105,"column":0},"end":{"line":105,"column":15}},"1":{"start":{"line":1,"column":18},"end":{"line":1,"column":null}},"2":{"start":{"line":2,"column":29},"end":{"line":2,"column":null}},"3":{"start":{"line":3,"column":30},"end":{"line":3,"column":null}},"4":{"start":{"line":4,"column":25},"end":{"line":4,"column":null}},"5":{"start":{"line":64,"column":16},"end":{"line":64,"column":32}},"6":{"start":{"line":90,"column":16},"end":{"line":90,"column":32}},"7":{"start":{"line":105,"column":15},"end":{"line":105,"column":null}}},"fnMap":{"0":{"name":"(anonymous_3)","decl":{"start":{"line":63,"column":48},"end":{"line":63,"column":49}},"loc":{"start":{"line":64,"column":16},"end":{"line":64,"column":32}}},"1":{"name":"(anonymous_4)","decl":{"start":{"line":89,"column":61},"end":{"line":89,"column":62}},"loc":{"start":{"line":90,"column":16},"end":{"line":90,"column":32}}}},"branchMap":{"0":{"loc":{"start":{"line":28,"column":9},"end":{"line":28,"column":null}},"type":"binary-expr","locations":[{"start":{"line":28,"column":9},"end":{"line":28,"column":48}},{"start":{"line":28,"column":48},"end":{"line":28,"column":null}}]},"1":{"loc":{"start":{"line":38,"column":7},"end":{"line":38,"column":null}},"type":"binary-expr","locations":[{"start":{"line":38,"column":7},"end":{"line":38,"column":null}}]},"2":{"loc":{"start":{"line":42,"column":7},"end":{"line":42,"column":40}},"type":"binary-expr","locations":[{"start":{"line":42,"column":7},"end":{"line":42,"column":40}},{"start":{"line":42,"column":40},"end":{"line":42,"column":null}}]},"3":{"loc":{"start":{"line":50,"column":7},"end":{"line":50,"column":40}},"type":"binary-expr","locations":[{"start":{"line":50,"column":7},"end":{"line":50,"column":40}},{"start":{"line":50,"column":40},"end":{"line":50,"column":null}}]},"4":{"loc":{"start":{"line":76,"column":7},"end":{"line":76,"column":53}},"type":"binary-expr","locations":[{"start":{"line":76,"column":7},"end":{"line":76,"column":53}},{"start":{"line":76,"column":53},"end":{"line":76,"column":null}}]}},"s":{"0":0,"1":0,"2":0,"3":0,"4":0,"5":0,"6":0,"7":0},"f":{"0":0,"1":0},"b":{"0":[0,0],"1":[0],"2":[0,0],"3":[0,0],"4":[0,0]}}
,"/Users/ismail/Apps/personal/promptvitals project/backend/src/components/evaluate/PromptInputSection.tsx": {"path":"/Users/ismail/Apps/personal/promptvitals project/backend/src/components/evaluate/PromptInputSection.tsx","statementMap":{"0":{"start":{"line":145,"column":0},"end":{"line":145,"column":15}},"1":{"start":{"line":1,"column":43},"end":{"line":1,"column":null}},"2":{"start":{"line":2,"column":23},"end":{"line":2,"column":null}},"3":{"start":{"line":5,"column":21},"end":{"line":9,"column":null}},"4":{"start":{"line":11,"column":13},"end":{"line":15,"column":null}},"5":{"start":{"line":23,"column":62},"end":{"line":143,"column":null}},"6":{"start":{"line":28,"column":64},"end":{"line":28,"column":null}},"7":{"start":{"line":29,"column":48},"end":{"line":29,"column":null}},"8":{"start":{"line":30,"column":40},"end":{"line":30,"column":null}},"9":{"start":{"line":31,"column":54},"end":{"line":31,"column":null}},"10":{"start":{"line":32,"column":38},"end":{"line":32,"column":null}},"11":{"start":{"line":34,"column":2},"end":{"line":44,"column":null}},"12":{"start":{"line":35,"column":32},"end":{"line":41,"column":14}},"13":{"start":{"line":36,"column":6},"end":{"line":36,"column":null}},"14":{"start":{"line":37,"column":6},"end":{"line":40,"column":15}},"15":{"start":{"line":38,"column":8},"end":{"line":38,"column":null}},"16":{"start":{"line":38,"column":50},"end":{"line":38,"column":87}},"17":{"start":{"line":39,"column":8},"end":{"line":39,"column":null}},"18":{"start":{"line":43,"column":4},"end":{"line":43,"column":null}},"19":{"start":{"line":43,"column":17},"end":{"line":43,"column":null}},"20":{"start":{"line":46,"column":2},"end":{"line":59,"column":null}},"21":{"start":{"line":48,"column":4},"end":{"line":48,"column":null}},"22":{"start":{"line":50,"column":24},"end":{"line":56,"column":14}},"23":{"start":{"line":51,"column":6},"end":{"line":51,"column":null}},"24":{"start":{"line":52,"column":6},"end":{"line":55,"column":15}},"25":{"start":{"line":53,"column":8},"end":{"line":53,"column":null}},"26":{"start":{"line":53,"column":42},"end":{"line":53,"column":71}},"27":{"start":{"line":54,"column":8},"end":{"line":54,"column":null}},"28":{"start":{"line":58,"column":4},"end":{"line":58,"column":null}},"29":{"start":{"line":58,"column":17},"end":{"line":58,"column":null}},"30":{"start":{"line":61,"column":28},"end":{"line":63,"column":null}},"31":{"start":{"line":62,"column":4},"end":{"line":62,"column":null}},"32":{"start":{"line":65,"column":30},"end":{"line":100,"column":null}},"33":{"start":{"line":66,"column":4},"end":{"line":66,"column":null}},"34":{"start":{"line":66,"column":33},"end":{"line":66,"column":null}},"35":{"start":{"line":68,"column":4},"end":{"line":99,"column":null}},"36":{"start":{"line":69,"column":6},"end":{"line":69,"column":null}},"37":{"start":{"line":80,"column":23},"end":{"line":86,"column":null}},"38":{"start":{"line":88,"column":6},"end":{"line":90,"column":null}},"39":{"start":{"line":89,"column":8},"end":{"line":89,"column":null}},"40":{"start":{"line":92,"column":19},"end":{"line":92,"column":null}},"41":{"start":{"line":93,"column":6},"end":{"line":93,"column":null}},"42":{"start":{"line":95,"column":6},"end":{"line":95,"column":null}},"43":{"start":{"line":98,"column":6},"end":{"line":98,"column":null}},"44":{"start":{"line":102,"column":21},"end":{"line":102,"column":null}},"45":{"start":{"line":103,"column":27},"end":{"line":103,"column":null}},"46":{"start":{"line":145,"column":15},"end":{"line":145,"column":null}}},"fnMap":{"0":{"name":"(anonymous_4)","decl":{"start":{"line":23,"column":62},"end":{"line":23,"column":63}},"loc":{"start":{"line":27,"column":1},"end":{"line":143,"column":null}}},"1":{"name":"(anonymous_5)","decl":{"start":{"line":34,"column":12},"end":{"line":34,"column":null}},"loc":{"start":{"line":34,"column":12},"end":{"line":44,"column":5}}},"2":{"name":"(anonymous_6)","decl":{"start":{"line":35,"column":44},"end":{"line":35,"column":null}},"loc":{"start":{"line":35,"column":44},"end":{"line":41,"column":7}}},"3":{"name":"(anonymous_7)","decl":{"start":{"line":37,"column":17},"end":{"line":37,"column":null}},"loc":{"start":{"line":37,"column":17},"end":{"line":40,"column":9}}},"4":{"name":"(anonymous_8)","decl":{"start":{"line":38,"column":35},"end":{"line":38,"column":36}},"loc":{"start":{"line":38,"column":50},"end":{"line":38,"column":87}}},"5":{"name":"(anonymous_9)","decl":{"start":{"line":43,"column":11},"end":{"line":43,"column":17}},"loc":{"start":{"line":43,"column":17},"end":{"line":43,"column":null}}},"6":{"name":"(anonymous_10)","decl":{"start":{"line":46,"column":12},"end":{"line":46,"column":null}},"loc":{"start":{"line":46,"column":12},"end":{"line":59,"column":5}}},"7":{"name":"(anonymous_11)","decl":{"start":{"line":50,"column":36},"end":{"line":50,"column":null}},"loc":{"start":{"line":50,"column":36},"end":{"line":56,"column":7}}},"8":{"name":"(anonymous_12)","decl":{"start":{"line":52,"column":17},"end":{"line":52,"column":null}},"loc":{"start":{"line":52,"column":17},"end":{"line":55,"column":9}}},"9":{"name":"(anonymous_13)","decl":{"start":{"line":53,"column":27},"end":{"line":53,"column":28}},"loc":{"start":{"line":53,"column":42},"end":{"line":53,"column":71}}},"10":{"name":"(anonymous_14)","decl":{"start":{"line":58,"column":11},"end":{"line":58,"column":17}},"loc":{"start":{"line":58,"column":17},"end":{"line":58,"column":null}}},"11":{"name":"(anonymous_15)","decl":{"start":{"line":61,"column":28},"end":{"line":61,"column":29}},"loc":{"start":{"line":61,"column":29},"end":{"line":63,"column":null}}},"12":{"name":"(anonymous_16)","decl":{"start":{"line":65,"column":30},"end":{"line":65,"column":null}},"loc":{"start":{"line":65,"column":30},"end":{"line":100,"column":null}}}},"branchMap":{"0":{"loc":{"start":{"line":26,"column":2},"end":{"line":26,"column":21}},"type":"default-arg","locations":[{"start":{"line":26,"column":16},"end":{"line":26,"column":21}}]},"1":{"loc":{"start":{"line":66,"column":4},"end":{"line":66,"column":null}},"type":"if","locations":[{"start":{"line":66,"column":4},"end":{"line":66,"column":null}}]},"2":{"loc":{"start":{"line":88,"column":6},"end":{"line":90,"column":null}},"type":"if","locations":[{"start":{"line":88,"column":6},"end":{"line":90,"column":null}}]},"3":{"loc":{"start":{"line":102,"column":21},"end":{"line":102,"column":null}},"type":"cond-expr","locations":[{"start":{"line":102,"column":48},"end":{"line":102,"column":75}},{"start":{"line":102,"column":75},"end":{"line":102,"column":null}}]}},"s":{"0":0,"1":0,"2":0,"3":0,"4":0,"5":0,"6":0,"7":0,"8":0,"9":0,"10":0,"11":0,"12":0,"13":0,"14":0,"15":0,"16":0,"17":0,"18":0,"19":0,"20":0,"21":0,"22":0,"23":0,"24":0,"25":0,"26":0,"27":0,"28":0,"29":0,"30":0,"31":0,"32":0,"33":0,"34":0,"35":0,"36":0,"37":0,"38":0,"39":0,"40":0,"41":0,"42":0,"43":0,"44":0,"45":0,"46":0},"f":{"0":0,"1":0,"2":0,"3":0,"4":0,"5":0,"6":0,"7":0,"8":0,"9":0,"10":0,"11":0,"12":0},"b":{"0":[0],"1":[0],"2":[0],"3":[0,0]}}
,"/Users/ismail/Apps/personal/promptvitals project/backend/src/components/evaluate/PromptResultsSection.tsx": {"path":"/Users/ismail/Apps/personal/promptvitals project/backend/src/components/evaluate/PromptResultsSection.tsx","statementMap":{"0":{"start":{"line":137,"column":0},"end":{"line":137,"column":15}},"1":{"start":{"line":1,"column":32},"end":{"line":1,"column":null}},"2":{"start":{"line":2,"column":31},"end":{"line":2,"column":null}},"3":{"start":{"line":4,"column":19},"end":{"line":4,"column":null}},"4":{"start":{"line":7,"column":32},"end":{"line":7,"column":null}},"5":{"start":{"line":8,"column":32},"end":{"line":8,"column":null}},"6":{"start":{"line":9,"column":31},"end":{"line":9,"column":null}},"7":{"start":{"line":10,"column":37},"end":{"line":10,"column":null}},"8":{"start":{"line":14,"column":66},"end":{"line":135,"column":null}},"9":{"start":{"line":21,"column":21},"end":{"line":21,"column":null}},"10":{"start":{"line":22,"column":50},"end":{"line":22,"column":null}},"11":{"start":{"line":23,"column":42},"end":{"line":23,"column":null}},"12":{"start":{"line":26,"column":2},"end":{"line":42,"column":null}},"13":{"start":{"line":27,"column":15},"end":{"line":27,"column":33}},"14":{"start":{"line":28,"column":4},"end":{"line":28,"column":null}},"15":{"start":{"line":28,"column":13},"end":{"line":28,"column":null}},"16":{"start":{"line":30,"column":21},"end":{"line":36,"column":null}},"17":{"start":{"line":32,"column":8},"end":{"line":34,"column":null}},"18":{"start":{"line":33,"column":10},"end":{"line":33,"column":null}},"19":{"start":{"line":39,"column":4},"end":{"line":39,"column":null}},"20":{"start":{"line":41,"column":4},"end":{"line":41,"column":null}},"21":{"start":{"line":41,"column":17},"end":{"line":41,"column":null}},"22":{"start":{"line":45,"column":2},"end":{"line":51,"column":null}},"23":{"start":{"line":46,"column":25},"end":{"line":48,"column":null}},"24":{"start":{"line":47,"column":6},"end":{"line":47,"column":null}},"25":{"start":{"line":49,"column":4},"end":{"line":49,"column":null}},"26":{"start":{"line":50,"column":4},"end":{"line":50,"column":null}},"27":{"start":{"line":50,"column":17},"end":{"line":50,"column":null}},"28":{"start":{"line":53,"column":26},"end":{"line":58,"column":null}},"29":{"start":{"line":54,"column":15},"end":{"line":54,"column":33}},"30":{"start":{"line":55,"column":4},"end":{"line":57,"column":null}},"31":{"start":{"line":56,"column":6},"end":{"line":56,"column":null}},"32":{"start":{"line":61,"column":56},"end":{"line":61,"column":null}},"33":{"start":{"line":63,"column":25},"end":{"line":68,"column":null}},"34":{"start":{"line":64,"column":4},"end":{"line":67,"column":null}},"35":{"start":{"line":64,"column":36},"end":{"line":67,"column":null}},"36":{"start":{"line":70,"column":27},"end":{"line":82,"column":null}},"37":{"start":{"line":73,"column":4},"end":{"line":73,"column":null}},"38":{"start":{"line":73,"column":36},"end":{"line":73,"column":null}},"39":{"start":{"line":76,"column":4},"end":{"line":81,"column":null}},"40":{"start":{"line":77,"column":22},"end":{"line":77,"column":null}},"41":{"start":{"line":78,"column":6},"end":{"line":80,"column":null}},"42":{"start":{"line":79,"column":8},"end":{"line":79,"column":null}},"43":{"start":{"line":85,"column":2},"end":{"line":87,"column":null}},"44":{"start":{"line":86,"column":4},"end":{"line":86,"column":null}},"45":{"start":{"line":90,"column":2},"end":{"line":92,"column":null}},"46":{"start":{"line":91,"column":4},"end":{"line":91,"column":null}},"47":{"start":{"line":94,"column":23},"end":{"line":94,"column":null}},"48":{"start":{"line":95,"column":24},"end":{"line":95,"column":null}},"49":{"start":{"line":137,"column":15},"end":{"line":137,"column":null}}},"fnMap":{"0":{"name":"(anonymous_5)","decl":{"start":{"line":14,"column":66},"end":{"line":14,"column":67}},"loc":{"start":{"line":18,"column":1},"end":{"line":135,"column":null}}},"1":{"name":"(anonymous_6)","decl":{"start":{"line":26,"column":18},"end":{"line":26,"column":null}},"loc":{"start":{"line":26,"column":18},"end":{"line":42,"column":5}}},"2":{"name":"(anonymous_7)","decl":{"start":{"line":31,"column":6},"end":{"line":31,"column":7}},"loc":{"start":{"line":31,"column":7},"end":{"line":35,"column":null}}},"3":{"name":"(anonymous_8)","decl":{"start":{"line":32,"column":24},"end":{"line":32,"column":null}},"loc":{"start":{"line":32,"column":24},"end":{"line":34,"column":null}}},"4":{"name":"(anonymous_9)","decl":{"start":{"line":41,"column":11},"end":{"line":41,"column":17}},"loc":{"start":{"line":41,"column":17},"end":{"line":41,"column":null}}},"5":{"name":"(anonymous_10)","decl":{"start":{"line":45,"column":18},"end":{"line":45,"column":null}},"loc":{"start":{"line":45,"column":18},"end":{"line":51,"column":5}}},"6":{"name":"(anonymous_11)","decl":{"start":{"line":46,"column":25},"end":{"line":46,"column":null}},"loc":{"start":{"line":46,"column":25},"end":{"line":48,"column":null}}},"7":{"name":"(anonymous_12)","decl":{"start":{"line":50,"column":11},"end":{"line":50,"column":17}},"loc":{"start":{"line":50,"column":17},"end":{"line":50,"column":null}}},"8":{"name":"(anonymous_13)","decl":{"start":{"line":53,"column":26},"end":{"line":53,"column":null}},"loc":{"start":{"line":53,"column":26},"end":{"line":58,"column":null}}},"9":{"name":"(anonymous_14)","decl":{"start":{"line":63,"column":25},"end":{"line":63,"column":26}},"loc":{"start":{"line":63,"column":26},"end":{"line":68,"column":null}}},"10":{"name":"(anonymous_15)","decl":{"start":{"line":64,"column":27},"end":{"line":64,"column":36}},"loc":{"start":{"line":64,"column":36},"end":{"line":67,"column":null}}},"11":{"name":"(anonymous_16)","decl":{"start":{"line":70,"column":27},"end":{"line":70,"column":28}},"loc":{"start":{"line":70,"column":28},"end":{"line":82,"column":null}}},"12":{"name":"(anonymous_17)","decl":{"start":{"line":73,"column":27},"end":{"line":73,"column":36}},"loc":{"start":{"line":73,"column":36},"end":{"line":73,"column":null}}},"13":{"name":"(anonymous_18)","decl":{"start":{"line":76,"column":15},"end":{"line":76,"column":null}},"loc":{"start":{"line":76,"column":15},"end":{"line":81,"column":7}}}},"branchMap":{"0":{"loc":{"start":{"line":16,"column":2},"end":{"line":16,"column":26}},"type":"default-arg","locations":[{"start":{"line":16,"column":24},"end":{"line":16,"column":26}}]},"1":{"loc":{"start":{"line":17,"column":2},"end":{"line":17,"column":19}},"type":"default-arg","locations":[{"start":{"line":17,"column":14},"end":{"line":17,"column":19}}]},"2":{"loc":{"start":{"line":28,"column":4},"end":{"line":28,"column":null}},"type":"if","locations":[{"start":{"line":28,"column":4},"end":{"line":28,"column":null}}]},"3":{"loc":{"start":{"line":33,"column":30},"end":{"line":33,"column":null}},"type":"binary-expr","locations":[{"start":{"line":33,"column":30},"end":{"line":33,"column":50}},{"start":{"line":33,"column":54},"end":{"line":33,"column":null}}]},"4":{"loc":{"start":{"line":55,"column":4},"end":{"line":57,"column":null}},"type":"if","locations":[{"start":{"line":55,"column":4},"end":{"line":57,"column":null}}]},"5":{"loc":{"start":{"line":78,"column":6},"end":{"line":80,"column":null}},"type":"if","locations":[{"start":{"line":78,"column":6},"end":{"line":80,"column":null}}]},"6":{"loc":{"start":{"line":85,"column":2},"end":{"line":87,"column":null}},"type":"if","locations":[{"start":{"line":85,"column":2},"end":{"line":87,"column":null}}]},"7":{"loc":{"start":{"line":85,"column":6},"end":{"line":85,"column":37}},"type":"binary-expr","locations":[{"start":{"line":85,"column":6},"end":{"line":85,"column":25}},{"start":{"line":85,"column":25},"end":{"line":85,"column":37}}]},"8":{"loc":{"start":{"line":90,"column":2},"end":{"line":92,"column":null}},"type":"if","locations":[{"start":{"line":90,"column":2},"end":{"line":92,"column":null}}]},"9":{"loc":{"start":{"line":94,"column":23},"end":{"line":94,"column":null}},"type":"binary-expr","locations":[{"start":{"line":94,"column":23},"end":{"line":94,"column":63}},{"start":{"line":94,"column":63},"end":{"line":94,"column":null}}]},"10":{"loc":{"start":{"line":109,"column":11},"end":{"line":109,"column":null}},"type":"binary-expr","locations":[{"start":{"line":109,"column":11},"end":{"line":109,"column":null}}]},"11":{"loc":{"start":{"line":132,"column":35},"end":{"line":132,"column":70}},"type":"binary-expr","locations":[{"start":{"line":132,"column":35},"end":{"line":132,"column":56}},{"start":{"line":132,"column":56},"end":{"line":132,"column":70}}]}},"s":{"0":0,"1":0,"2":0,"3":0,"4":0,"5":0,"6":0,"7":0,"8":0,"9":0,"10":0,"11":0,"12":0,"13":0,"14":0,"15":0,"16":0,"17":0,"18":0,"19":0,"20":0,"21":0,"22":0,"23":0,"24":0,"25":0,"26":0,"27":0,"28":0,"29":0,"30":0,"31":0,"32":0,"33":0,"34":0,"35":0,"36":0,"37":0,"38":0,"39":0,"40":0,"41":0,"42":0,"43":0,"44":0,"45":0,"46":0,"47":0,"48":0,"49":0},"f":{"0":0,"1":0,"2":0,"3":0,"4":0,"5":0,"6":0,"7":0,"8":0,"9":0,"10":0,"11":0,"12":0,"13":0},"b":{"0":[0],"1":[0],"2":[0],"3":[0,0],"4":[0],"5":[0],"6":[0],"7":[0,0],"8":[0],"9":[0,0],"10":[0],"11":[0,0]}}
,"/Users/ismail/Apps/personal/promptvitals project/backend/src/components/evaluate/PromptResultsSectionOld.tsx": {"path":"/Users/ismail/Apps/personal/promptvitals project/backend/src/components/evaluate/PromptResultsSectionOld.tsx","statementMap":{"0":{"start":{"line":549,"column":0},"end":{"line":549,"column":15}},"1":{"start":{"line":1,"column":32},"end":{"line":1,"column":null}},"2":{"start":{"line":33,"column":69},"end":{"line":547,"column":null}},"3":{"start":{"line":40,"column":21},"end":{"line":40,"column":null}},"4":{"start":{"line":41,"column":50},"end":{"line":41,"column":null}},"5":{"start":{"line":42,"column":42},"end":{"line":42,"column":null}},"6":{"start":{"line":45,"column":2},"end":{"line":61,"column":null}},"7":{"start":{"line":46,"column":15},"end":{"line":46,"column":33}},"8":{"start":{"line":47,"column":4},"end":{"line":47,"column":null}},"9":{"start":{"line":47,"column":13},"end":{"line":47,"column":null}},"10":{"start":{"line":49,"column":21},"end":{"line":55,"column":null}},"11":{"start":{"line":51,"column":8},"end":{"line":53,"column":null}},"12":{"start":{"line":52,"column":10},"end":{"line":52,"column":null}},"13":{"start":{"line":58,"column":4},"end":{"line":58,"column":null}},"14":{"start":{"line":60,"column":4},"end":{"line":60,"column":null}},"15":{"start":{"line":60,"column":17},"end":{"line":60,"column":null}},"16":{"start":{"line":64,"column":2},"end":{"line":70,"column":null}},"17":{"start":{"line":65,"column":25},"end":{"line":67,"column":null}},"18":{"start":{"line":66,"column":6},"end":{"line":66,"column":null}},"19":{"start":{"line":68,"column":4},"end":{"line":68,"column":null}},"20":{"start":{"line":69,"column":4},"end":{"line":69,"column":null}},"21":{"start":{"line":69,"column":17},"end":{"line":69,"column":null}},"22":{"start":{"line":72,"column":26},"end":{"line":77,"column":null}},"23":{"start":{"line":73,"column":15},"end":{"line":73,"column":33}},"24":{"start":{"line":74,"column":4},"end":{"line":76,"column":null}},"25":{"start":{"line":75,"column":6},"end":{"line":75,"column":null}},"26":{"start":{"line":80,"column":56},"end":{"line":80,"column":null}},"27":{"start":{"line":82,"column":25},"end":{"line":87,"column":null}},"28":{"start":{"line":83,"column":4},"end":{"line":86,"column":null}},"29":{"start":{"line":83,"column":36},"end":{"line":86,"column":null}},"30":{"start":{"line":89,"column":27},"end":{"line":101,"column":null}},"31":{"start":{"line":92,"column":4},"end":{"line":92,"column":null}},"32":{"start":{"line":92,"column":36},"end":{"line":92,"column":null}},"33":{"start":{"line":95,"column":4},"end":{"line":100,"column":null}},"34":{"start":{"line":96,"column":22},"end":{"line":96,"column":null}},"35":{"start":{"line":97,"column":6},"end":{"line":99,"column":null}},"36":{"start":{"line":98,"column":8},"end":{"line":98,"column":null}},"37":{"start":{"line":104,"column":2},"end":{"line":106,"column":null}},"38":{"start":{"line":105,"column":4},"end":{"line":105,"column":null}},"39":{"start":{"line":109,"column":25},"end":{"line":139,"column":null}},"40":{"start":{"line":110,"column":4},"end":{"line":138,"column":null}},"41":{"start":{"line":111,"column":6},"end":{"line":116,"column":null}},"42":{"start":{"line":117,"column":11},"end":{"line":138,"column":null}},"43":{"start":{"line":118,"column":6},"end":{"line":123,"column":null}},"44":{"start":{"line":124,"column":11},"end":{"line":138,"column":null}},"45":{"start":{"line":125,"column":6},"end":{"line":130,"column":null}},"46":{"start":{"line":132,"column":6},"end":{"line":137,"column":null}},"47":{"start":{"line":141,"column":71},"end":{"line":187,"column":null}},"48":{"start":{"line":142,"column":19},"end":{"line":142,"column":null}},"49":{"start":{"line":143,"column":26},"end":{"line":143,"column":null}},"50":{"start":{"line":144,"column":28},"end":{"line":144,"column":79}},"51":{"start":{"line":189,"column":2},"end":{"line":208,"column":null}},"52":{"start":{"line":210,"column":23},"end":{"line":210,"column":null}},"53":{"start":{"line":211,"column":24},"end":{"line":211,"column":null}},"54":{"start":{"line":328,"column":24},"end":{"line":328,"column":40}},"55":{"start":{"line":355,"column":24},"end":{"line":355,"column":40}},"56":{"start":{"line":390,"column":33},"end":{"line":390,"column":null}},"57":{"start":{"line":391,"column":18},"end":{"line":393,"column":null}},"58":{"start":{"line":395,"column":37},"end":{"line":395,"column":null}},"59":{"start":{"line":421,"column":16},"end":{"line":422,"column":null}},"60":{"start":{"line":449,"column":39},"end":{"line":449,"column":null}},"61":{"start":{"line":462,"column":44},"end":{"line":462,"column":null}},"62":{"start":{"line":463,"column":26},"end":{"line":464,"column":45}},"63":{"start":{"line":506,"column":40},"end":{"line":506,"column":54}},"64":{"start":{"line":549,"column":15},"end":{"line":549,"column":null}}},"fnMap":{"0":{"name":"(anonymous_4)","decl":{"start":{"line":33,"column":69},"end":{"line":33,"column":70}},"loc":{"start":{"line":37,"column":1},"end":{"line":547,"column":null}}},"1":{"name":"(anonymous_5)","decl":{"start":{"line":45,"column":18},"end":{"line":45,"column":null}},"loc":{"start":{"line":45,"column":18},"end":{"line":61,"column":5}}},"2":{"name":"(anonymous_6)","decl":{"start":{"line":50,"column":6},"end":{"line":50,"column":7}},"loc":{"start":{"line":50,"column":7},"end":{"line":54,"column":null}}},"3":{"name":"(anonymous_7)","decl":{"start":{"line":51,"column":24},"end":{"line":51,"column":null}},"loc":{"start":{"line":51,"column":24},"end":{"line":53,"column":null}}},"4":{"name":"(anonymous_8)","decl":{"start":{"line":60,"column":11},"end":{"line":60,"column":17}},"loc":{"start":{"line":60,"column":17},"end":{"line":60,"column":null}}},"5":{"name":"(anonymous_9)","decl":{"start":{"line":64,"column":18},"end":{"line":64,"column":null}},"loc":{"start":{"line":64,"column":18},"end":{"line":70,"column":5}}},"6":{"name":"(anonymous_10)","decl":{"start":{"line":65,"column":25},"end":{"line":65,"column":null}},"loc":{"start":{"line":65,"column":25},"end":{"line":67,"column":null}}},"7":{"name":"(anonymous_11)","decl":{"start":{"line":69,"column":11},"end":{"line":69,"column":17}},"loc":{"start":{"line":69,"column":17},"end":{"line":69,"column":null}}},"8":{"name":"(anonymous_12)","decl":{"start":{"line":72,"column":26},"end":{"line":72,"column":null}},"loc":{"start":{"line":72,"column":26},"end":{"line":77,"column":null}}},"9":{"name":"(anonymous_13)","decl":{"start":{"line":82,"column":25},"end":{"line":82,"column":26}},"loc":{"start":{"line":82,"column":26},"end":{"line":87,"column":null}}},"10":{"name":"(anonymous_14)","decl":{"start":{"line":83,"column":27},"end":{"line":83,"column":36}},"loc":{"start":{"line":83,"column":36},"end":{"line":86,"column":null}}},"11":{"name":"(anonymous_15)","decl":{"start":{"line":89,"column":27},"end":{"line":89,"column":28}},"loc":{"start":{"line":89,"column":28},"end":{"line":101,"column":null}}},"12":{"name":"(anonymous_16)","decl":{"start":{"line":92,"column":27},"end":{"line":92,"column":36}},"loc":{"start":{"line":92,"column":36},"end":{"line":92,"column":null}}},"13":{"name":"(anonymous_17)","decl":{"start":{"line":95,"column":15},"end":{"line":95,"column":null}},"loc":{"start":{"line":95,"column":15},"end":{"line":100,"column":7}}},"14":{"name":"(anonymous_18)","decl":{"start":{"line":109,"column":25},"end":{"line":109,"column":26}},"loc":{"start":{"line":109,"column":26},"end":{"line":139,"column":null}}},"15":{"name":"(anonymous_19)","decl":{"start":{"line":141,"column":71},"end":{"line":141,"column":72}},"loc":{"start":{"line":141,"column":93},"end":{"line":187,"column":null}}},"16":{"name":"(anonymous_20)","decl":{"start":{"line":327,"column":56},"end":{"line":327,"column":57}},"loc":{"start":{"line":328,"column":24},"end":{"line":328,"column":40}}},"17":{"name":"(anonymous_21)","decl":{"start":{"line":354,"column":69},"end":{"line":354,"column":70}},"loc":{"start":{"line":355,"column":24},"end":{"line":355,"column":40}}},"18":{"name":"(anonymous_22)","decl":{"start":{"line":389,"column":53},"end":{"line":389,"column":54}},"loc":{"start":{"line":389,"column":54},"end":{"line":414,"column":null}}},"19":{"name":"(anonymous_23)","decl":{"start":{"line":395,"column":31},"end":{"line":395,"column":37}},"loc":{"start":{"line":395,"column":37},"end":{"line":395,"column":null}}},"20":{"name":"(anonymous_24)","decl":{"start":{"line":420,"column":51},"end":{"line":420,"column":52}},"loc":{"start":{"line":421,"column":16},"end":{"line":422,"column":null}}},"21":{"name":"(anonymous_25)","decl":{"start":{"line":449,"column":33},"end":{"line":449,"column":39}},"loc":{"start":{"line":449,"column":39},"end":{"line":449,"column":null}}},"22":{"name":"(anonymous_26)","decl":{"start":{"line":461,"column":54},"end":{"line":461,"column":55}},"loc":{"start":{"line":461,"column":60},"end":{"line":519,"column":null}}},"23":{"name":"(anonymous_27)","decl":{"start":{"line":505,"column":71},"end":{"line":505,"column":72}},"loc":{"start":{"line":506,"column":40},"end":{"line":506,"column":54}}}},"branchMap":{"0":{"loc":{"start":{"line":35,"column":2},"end":{"line":35,"column":26}},"type":"default-arg","locations":[{"start":{"line":35,"column":24},"end":{"line":35,"column":26}}]},"1":{"loc":{"start":{"line":36,"column":2},"end":{"line":36,"column":19}},"type":"default-arg","locations":[{"start":{"line":36,"column":14},"end":{"line":36,"column":19}}]},"2":{"loc":{"start":{"line":47,"column":4},"end":{"line":47,"column":null}},"type":"if","locations":[{"start":{"line":47,"column":4},"end":{"line":47,"column":null}}]},"3":{"loc":{"start":{"line":52,"column":30},"end":{"line":52,"column":null}},"type":"binary-expr","locations":[{"start":{"line":52,"column":30},"end":{"line":52,"column":50}},{"start":{"line":52,"column":54},"end":{"line":52,"column":null}}]},"4":{"loc":{"start":{"line":74,"column":4},"end":{"line":76,"column":null}},"type":"if","locations":[{"start":{"line":74,"column":4},"end":{"line":76,"column":null}}]},"5":{"loc":{"start":{"line":97,"column":6},"end":{"line":99,"column":null}},"type":"if","locations":[{"start":{"line":97,"column":6},"end":{"line":99,"column":null}}]},"6":{"loc":{"start":{"line":104,"column":2},"end":{"line":106,"column":null}},"type":"if","locations":[{"start":{"line":104,"column":2},"end":{"line":106,"column":null}}]},"7":{"loc":{"start":{"line":104,"column":6},"end":{"line":104,"column":37}},"type":"binary-expr","locations":[{"start":{"line":104,"column":6},"end":{"line":104,"column":25}},{"start":{"line":104,"column":25},"end":{"line":104,"column":37}}]},"8":{"loc":{"start":{"line":110,"column":4},"end":{"line":138,"column":null}},"type":"if","locations":[{"start":{"line":110,"column":4},"end":{"line":138,"column":null}},{"start":{"line":117,"column":11},"end":{"line":138,"column":null}}]},"9":{"loc":{"start":{"line":117,"column":11},"end":{"line":138,"column":null}},"type":"if","locations":[{"start":{"line":117,"column":11},"end":{"line":138,"column":null}},{"start":{"line":124,"column":11},"end":{"line":138,"column":null}}]},"10":{"loc":{"start":{"line":124,"column":11},"end":{"line":138,"column":null}},"type":"if","locations":[{"start":{"line":124,"column":11},"end":{"line":138,"column":null}},{"start":{"line":131,"column":11},"end":{"line":138,"column":null}}]},"11":{"loc":{"start":{"line":141,"column":81},"end":{"line":141,"column":91}},"type":"default-arg","locations":[{"start":{"line":141,"column":88},"end":{"line":141,"column":91}}]},"12":{"loc":{"start":{"line":189,"column":2},"end":{"line":208,"column":null}},"type":"if","locations":[{"start":{"line":189,"column":2},"end":{"line":208,"column":null}}]},"13":{"loc":{"start":{"line":210,"column":23},"end":{"line":210,"column":null}},"type":"binary-expr","locations":[{"start":{"line":210,"column":23},"end":{"line":210,"column":63}},{"start":{"line":210,"column":63},"end":{"line":210,"column":null}}]},"14":{"loc":{"start":{"line":238,"column":17},"end":{"line":238,"column":null}},"type":"binary-expr","locations":[{"start":{"line":238,"column":17},"end":{"line":238,"column":56}},{"start":{"line":238,"column":56},"end":{"line":238,"column":null}}]},"15":{"loc":{"start":{"line":248,"column":15},"end":{"line":248,"column":null}},"type":"binary-expr","locations":[{"start":{"line":248,"column":15},"end":{"line":248,"column":null}}]},"16":{"loc":{"start":{"line":264,"column":23},"end":{"line":264,"column":57}},"type":"binary-expr","locations":[{"start":{"line":264,"column":23},"end":{"line":264,"column":57}}]},"17":{"loc":{"start":{"line":277,"column":15},"end":{"line":277,"column":48}},"type":"binary-expr","locations":[{"start":{"line":277,"column":15},"end":{"line":277,"column":48}},{"start":{"line":277,"column":48},"end":{"line":277,"column":null}}]},"18":{"loc":{"start":{"line":279,"column":18},"end":{"line":281,"column":null}},"type":"cond-expr","locations":[{"start":{"line":280,"column":22},"end":{"line":280,"column":null}},{"start":{"line":281,"column":22},"end":{"line":281,"column":null}}]},"19":{"loc":{"start":{"line":284,"column":20},"end":{"line":284,"column":null}},"type":"cond-expr","locations":[{"start":{"line":284,"column":63},"end":{"line":284,"column":86}},{"start":{"line":284,"column":86},"end":{"line":284,"column":null}}]},"20":{"loc":{"start":{"line":289,"column":24},"end":{"line":289,"column":null}},"type":"cond-expr","locations":[{"start":{"line":289,"column":67},"end":{"line":289,"column":87}},{"start":{"line":289,"column":87},"end":{"line":289,"column":null}}]},"21":{"loc":{"start":{"line":296,"column":24},"end":{"line":296,"column":null}},"type":"cond-expr","locations":[{"start":{"line":296,"column":67},"end":{"line":296,"column":89}},{"start":{"line":296,"column":89},"end":{"line":296,"column":null}}]},"22":{"loc":{"start":{"line":301,"column":24},"end":{"line":301,"column":null}},"type":"cond-expr","locations":[{"start":{"line":301,"column":67},"end":{"line":301,"column":89}},{"start":{"line":301,"column":89},"end":{"line":301,"column":null}}]},"23":{"loc":{"start":{"line":303,"column":25},"end":{"line":303,"column":null}},"type":"binary-expr","locations":[{"start":{"line":303,"column":25},"end":{"line":303,"column":51}},{"start":{"line":303,"column":55},"end":{"line":303,"column":null}}]},"24":{"loc":{"start":{"line":314,"column":15},"end":{"line":314,"column":48}},"type":"binary-expr","locations":[{"start":{"line":314,"column":15},"end":{"line":314,"column":48}},{"start":{"line":314,"column":48},"end":{"line":314,"column":null}}]},"25":{"loc":{"start":{"line":341,"column":15},"end":{"line":341,"column":61}},"type":"binary-expr","locations":[{"start":{"line":341,"column":15},"end":{"line":341,"column":61}},{"start":{"line":341,"column":61},"end":{"line":341,"column":null}}]},"26":{"loc":{"start":{"line":452,"column":25},"end":{"line":452,"column":null}},"type":"cond-expr","locations":[{"start":{"line":452,"column":70},"end":{"line":452,"column":76}},{"start":{"line":452,"column":76},"end":{"line":452,"column":null}}]},"27":{"loc":{"start":{"line":458,"column":19},"end":{"line":458,"column":62}},"type":"binary-expr","locations":[{"start":{"line":458,"column":19},"end":{"line":458,"column":62}}]},"28":{"loc":{"start":{"line":471,"column":41},"end":{"line":471,"column":null}},"type":"cond-expr","locations":[{"start":{"line":471,"column":59},"end":{"line":471,"column":65}},{"start":{"line":471,"column":65},"end":{"line":471,"column":null}}]},"29":{"loc":{"start":{"line":471,"column":65},"end":{"line":471,"column":null}},"type":"cond-expr","locations":[{"start":{"line":471,"column":83},"end":{"line":471,"column":89}},{"start":{"line":471,"column":89},"end":{"line":471,"column":null}}]},"30":{"loc":{"start":{"line":471,"column":89},"end":{"line":471,"column":null}},"type":"cond-expr","locations":[{"start":{"line":471,"column":107},"end":{"line":471,"column":113}},{"start":{"line":471,"column":113},"end":{"line":471,"column":null}}]},"31":{"loc":{"start":{"line":498,"column":33},"end":{"line":498,"column":60}},"type":"binary-expr","locations":[{"start":{"line":498,"column":33},"end":{"line":498,"column":60}},{"start":{"line":498,"column":64},"end":{"line":498,"column":null}}]},"32":{"loc":{"start":{"line":530,"column":10},"end":{"line":530,"column":31}},"type":"binary-expr","locations":[{"start":{"line":530,"column":10},"end":{"line":530,"column":31}},{"start":{"line":530,"column":31},"end":{"line":530,"column":null}}]}},"s":{"0":0,"1":0,"2":0,"3":0,"4":0,"5":0,"6":0,"7":0,"8":0,"9":0,"10":0,"11":0,"12":0,"13":0,"14":0,"15":0,"16":0,"17":0,"18":0,"19":0,"20":0,"21":0,"22":0,"23":0,"24":0,"25":0,"26":0,"27":0,"28":0,"29":0,"30":0,"31":0,"32":0,"33":0,"34":0,"35":0,"36":0,"37":0,"38":0,"39":0,"40":0,"41":0,"42":0,"43":0,"44":0,"45":0,"46":0,"47":0,"48":0,"49":0,"50":0,"51":0,"52":0,"53":0,"54":0,"55":0,"56":0,"57":0,"58":0,"59":0,"60":0,"61":0,"62":0,"63":0,"64":0},"f":{"0":0,"1":0,"2":0,"3":0,"4":0,"5":0,"6":0,"7":0,"8":0,"9":0,"10":0,"11":0,"12":0,"13":0,"14":0,"15":0,"16":0,"17":0,"18":0,"19":0,"20":0,"21":0,"22":0,"23":0},"b":{"0":[0],"1":[0],"2":[0],"3":[0,0],"4":[0],"5":[0],"6":[0],"7":[0,0],"8":[0,0],"9":[0,0],"10":[0,0],"11":[0],"12":[0],"13":[0,0],"14":[0,0],"15":[0],"16":[0],"17":[0,0],"18":[0,0],"19":[0,0],"20":[0,0],"21":[0,0],"22":[0,0],"23":[0,0],"24":[0,0],"25":[0,0],"26":[0,0],"27":[0],"28":[0,0],"29":[0,0],"30":[0,0],"31":[0,0],"32":[0,0]}}
,"/Users/ismail/Apps/personal/promptvitals project/backend/src/components/evaluate/SafetyNotice.tsx": {"path":"/Users/ismail/Apps/personal/promptvitals project/backend/src/components/evaluate/SafetyNotice.tsx","statementMap":{"0":{"start":{"line":41,"column":0},"end":{"line":41,"column":15}},"1":{"start":{"line":1,"column":18},"end":{"line":1,"column":null}},"2":{"start":{"line":41,"column":15},"end":{"line":41,"column":null}}},"fnMap":{},"branchMap":{"0":{"loc":{"start":{"line":10,"column":4},"end":{"line":12,"column":null}},"type":"cond-expr","locations":[{"start":{"line":11,"column":8},"end":{"line":11,"column":null}},{"start":{"line":12,"column":8},"end":{"line":12,"column":null}}]},"1":{"loc":{"start":{"line":15,"column":6},"end":{"line":15,"column":null}},"type":"cond-expr","locations":[{"start":{"line":15,"column":27},"end":{"line":15,"column":50}},{"start":{"line":15,"column":50},"end":{"line":15,"column":null}}]},"2":{"loc":{"start":{"line":20,"column":10},"end":{"line":20,"column":null}},"type":"cond-expr","locations":[{"start":{"line":20,"column":31},"end":{"line":20,"column":51}},{"start":{"line":20,"column":51},"end":{"line":20,"column":null}}]},"3":{"loc":{"start":{"line":27,"column":10},"end":{"line":27,"column":null}},"type":"cond-expr","locations":[{"start":{"line":27,"column":31},"end":{"line":27,"column":53}},{"start":{"line":27,"column":53},"end":{"line":27,"column":null}}]},"4":{"loc":{"start":{"line":32,"column":10},"end":{"line":32,"column":null}},"type":"cond-expr","locations":[{"start":{"line":32,"column":31},"end":{"line":32,"column":53}},{"start":{"line":32,"column":53},"end":{"line":32,"column":null}}]},"5":{"loc":{"start":{"line":34,"column":11},"end":{"line":34,"column":null}},"type":"binary-expr","locations":[{"start":{"line":34,"column":11},"end":{"line":34,"column":19}},{"start":{"line":34,"column":19},"end":{"line":34,"column":null}}]}},"s":{"0":0,"1":0,"2":0},"f":{},"b":{"0":[0,0],"1":[0,0],"2":[0,0],"3":[0,0],"4":[0,0],"5":[0,0]}}
,"/Users/ismail/Apps/personal/promptvitals project/backend/src/components/home/Benefits.tsx": {"path":"/Users/ismail/Apps/personal/promptvitals project/backend/src/components/home/Benefits.tsx","statementMap":{"0":{"start":{"line":49,"column":0},"end":{"line":49,"column":15}},"1":{"start":{"line":3,"column":18},"end":{"line":3,"column":null}},"2":{"start":{"line":5,"column":27},"end":{"line":47,"column":null}},"3":{"start":{"line":49,"column":15},"end":{"line":49,"column":null}}},"fnMap":{"0":{"name":"(anonymous_2)","decl":{"start":{"line":5,"column":27},"end":{"line":5,"column":null}},"loc":{"start":{"line":5,"column":27},"end":{"line":47,"column":null}}}},"branchMap":{},"s":{"0":0,"1":0,"2":0,"3":0},"f":{"0":0},"b":{}}
,"/Users/ismail/Apps/personal/promptvitals project/backend/src/components/home/Features.tsx": {"path":"/Users/ismail/Apps/personal/promptvitals project/backend/src/components/home/Features.tsx","statementMap":{"0":{"start":{"line":98,"column":0},"end":{"line":98,"column":15}},"1":{"start":{"line":3,"column":18},"end":{"line":3,"column":null}},"2":{"start":{"line":5,"column":27},"end":{"line":96,"column":null}},"3":{"start":{"line":98,"column":15},"end":{"line":98,"column":null}}},"fnMap":{"0":{"name":"(anonymous_2)","decl":{"start":{"line":5,"column":27},"end":{"line":5,"column":null}},"loc":{"start":{"line":5,"column":27},"end":{"line":96,"column":null}}}},"branchMap":{},"s":{"0":0,"1":0,"2":0,"3":0},"f":{"0":0},"b":{}}
,"/Users/ismail/Apps/personal/promptvitals project/backend/src/components/home/Hero.tsx": {"path":"/Users/ismail/Apps/personal/promptvitals project/backend/src/components/home/Hero.tsx","statementMap":{"0":{"start":{"line":44,"column":0},"end":{"line":44,"column":15}},"1":{"start":{"line":3,"column":18},"end":{"line":3,"column":null}},"2":{"start":{"line":5,"column":23},"end":{"line":5,"column":null}},"3":{"start":{"line":6,"column":26},"end":{"line":6,"column":null}},"4":{"start":{"line":8,"column":23},"end":{"line":42,"column":null}},"5":{"start":{"line":9,"column":17},"end":{"line":9,"column":30}},"6":{"start":{"line":11,"column":32},"end":{"line":16,"column":null}},"7":{"start":{"line":12,"column":30},"end":{"line":12,"column":null}},"8":{"start":{"line":13,"column":4},"end":{"line":15,"column":null}},"9":{"start":{"line":14,"column":6},"end":{"line":14,"column":null}},"10":{"start":{"line":19,"column":33},"end":{"line":21,"column":null}},"11":{"start":{"line":20,"column":4},"end":{"line":20,"column":30}},"12":{"start":{"line":44,"column":15},"end":{"line":44,"column":null}}},"fnMap":{"0":{"name":"(anonymous_2)","decl":{"start":{"line":8,"column":23},"end":{"line":8,"column":null}},"loc":{"start":{"line":8,"column":23},"end":{"line":42,"column":null}}},"1":{"name":"(anonymous_3)","decl":{"start":{"line":11,"column":32},"end":{"line":11,"column":null}},"loc":{"start":{"line":11,"column":32},"end":{"line":16,"column":null}}},"2":{"name":"(anonymous_4)","decl":{"start":{"line":19,"column":33},"end":{"line":19,"column":null}},"loc":{"start":{"line":19,"column":33},"end":{"line":21,"column":null}}}},"branchMap":{"0":{"loc":{"start":{"line":13,"column":4},"end":{"line":15,"column":null}},"type":"if","locations":[{"start":{"line":13,"column":4},"end":{"line":15,"column":null}}]}},"s":{"0":0,"1":0,"2":0,"3":0,"4":0,"5":0,"6":0,"7":0,"8":0,"9":0,"10":0,"11":0,"12":0},"f":{"0":0,"1":0,"2":0},"b":{"0":[0]}}
,"/Users/ismail/Apps/personal/promptvitals project/backend/src/components/home/HowItWorks.tsx": {"path":"/Users/ismail/Apps/personal/promptvitals project/backend/src/components/home/HowItWorks.tsx","statementMap":{"0":{"start":{"line":48,"column":0},"end":{"line":48,"column":15}},"1":{"start":{"line":3,"column":18},"end":{"line":3,"column":null}},"2":{"start":{"line":5,"column":29},"end":{"line":46,"column":null}},"3":{"start":{"line":48,"column":15},"end":{"line":48,"column":null}}},"fnMap":{"0":{"name":"(anonymous_2)","decl":{"start":{"line":5,"column":29},"end":{"line":5,"column":null}},"loc":{"start":{"line":5,"column":29},"end":{"line":46,"column":null}}}},"branchMap":{},"s":{"0":0,"1":0,"2":0,"3":0},"f":{"0":0},"b":{}}
,"/Users/ismail/Apps/personal/promptvitals project/backend/src/components/home/PromptInputSection.tsx": {"path":"/Users/ismail/Apps/personal/promptvitals project/backend/src/components/home/PromptInputSection.tsx","statementMap":{"0":{"start":{"line":145,"column":0},"end":{"line":145,"column":15}},"1":{"start":{"line":1,"column":43},"end":{"line":1,"column":null}},"2":{"start":{"line":2,"column":23},"end":{"line":2,"column":null}},"3":{"start":{"line":3,"column":32},"end":{"line":3,"column":null}},"4":{"start":{"line":5,"column":21},"end":{"line":9,"column":null}},"5":{"start":{"line":11,"column":13},"end":{"line":15,"column":null}},"6":{"start":{"line":23,"column":62},"end":{"line":143,"column":null}},"7":{"start":{"line":28,"column":64},"end":{"line":28,"column":null}},"8":{"start":{"line":29,"column":48},"end":{"line":29,"column":null}},"9":{"start":{"line":30,"column":40},"end":{"line":30,"column":null}},"10":{"start":{"line":31,"column":54},"end":{"line":31,"column":null}},"11":{"start":{"line":32,"column":38},"end":{"line":32,"column":null}},"12":{"start":{"line":34,"column":2},"end":{"line":44,"column":null}},"13":{"start":{"line":35,"column":32},"end":{"line":41,"column":14}},"14":{"start":{"line":36,"column":6},"end":{"line":36,"column":null}},"15":{"start":{"line":37,"column":6},"end":{"line":40,"column":15}},"16":{"start":{"line":38,"column":8},"end":{"line":38,"column":null}},"17":{"start":{"line":38,"column":50},"end":{"line":38,"column":87}},"18":{"start":{"line":39,"column":8},"end":{"line":39,"column":null}},"19":{"start":{"line":43,"column":4},"end":{"line":43,"column":null}},"20":{"start":{"line":43,"column":17},"end":{"line":43,"column":null}},"21":{"start":{"line":46,"column":2},"end":{"line":59,"column":null}},"22":{"start":{"line":48,"column":4},"end":{"line":48,"column":null}},"23":{"start":{"line":50,"column":24},"end":{"line":56,"column":14}},"24":{"start":{"line":51,"column":6},"end":{"line":51,"column":null}},"25":{"start":{"line":52,"column":6},"end":{"line":55,"column":15}},"26":{"start":{"line":53,"column":8},"end":{"line":53,"column":null}},"27":{"start":{"line":53,"column":42},"end":{"line":53,"column":71}},"28":{"start":{"line":54,"column":8},"end":{"line":54,"column":null}},"29":{"start":{"line":58,"column":4},"end":{"line":58,"column":null}},"30":{"start":{"line":58,"column":17},"end":{"line":58,"column":null}},"31":{"start":{"line":61,"column":28},"end":{"line":63,"column":null}},"32":{"start":{"line":62,"column":4},"end":{"line":62,"column":null}},"33":{"start":{"line":65,"column":30},"end":{"line":100,"column":null}},"34":{"start":{"line":66,"column":4},"end":{"line":66,"column":null}},"35":{"start":{"line":66,"column":33},"end":{"line":66,"column":null}},"36":{"start":{"line":68,"column":4},"end":{"line":99,"column":null}},"37":{"start":{"line":69,"column":6},"end":{"line":69,"column":null}},"38":{"start":{"line":71,"column":6},"end":{"line":78,"column":null}},"39":{"start":{"line":73,"column":8},"end":{"line":76,"column":null}},"40":{"start":{"line":74,"column":10},"end":{"line":74,"column":null}},"41":{"start":{"line":75,"column":10},"end":{"line":75,"column":null}},"42":{"start":{"line":77,"column":8},"end":{"line":77,"column":null}},"43":{"start":{"line":80,"column":23},"end":{"line":86,"column":null}},"44":{"start":{"line":88,"column":6},"end":{"line":90,"column":null}},"45":{"start":{"line":89,"column":8},"end":{"line":89,"column":null}},"46":{"start":{"line":92,"column":19},"end":{"line":92,"column":null}},"47":{"start":{"line":93,"column":6},"end":{"line":93,"column":null}},"48":{"start":{"line":95,"column":6},"end":{"line":95,"column":null}},"49":{"start":{"line":98,"column":6},"end":{"line":98,"column":null}},"50":{"start":{"line":102,"column":21},"end":{"line":102,"column":null}},"51":{"start":{"line":103,"column":27},"end":{"line":103,"column":null}},"52":{"start":{"line":145,"column":15},"end":{"line":145,"column":null}}},"fnMap":{"0":{"name":"(anonymous_4)","decl":{"start":{"line":23,"column":62},"end":{"line":23,"column":63}},"loc":{"start":{"line":27,"column":1},"end":{"line":143,"column":null}}},"1":{"name":"(anonymous_5)","decl":{"start":{"line":34,"column":12},"end":{"line":34,"column":null}},"loc":{"start":{"line":34,"column":12},"end":{"line":44,"column":5}}},"2":{"name":"(anonymous_6)","decl":{"start":{"line":35,"column":44},"end":{"line":35,"column":null}},"loc":{"start":{"line":35,"column":44},"end":{"line":41,"column":7}}},"3":{"name":"(anonymous_7)","decl":{"start":{"line":37,"column":17},"end":{"line":37,"column":null}},"loc":{"start":{"line":37,"column":17},"end":{"line":40,"column":9}}},"4":{"name":"(anonymous_8)","decl":{"start":{"line":38,"column":35},"end":{"line":38,"column":36}},"loc":{"start":{"line":38,"column":50},"end":{"line":38,"column":87}}},"5":{"name":"(anonymous_9)","decl":{"start":{"line":43,"column":11},"end":{"line":43,"column":17}},"loc":{"start":{"line":43,"column":17},"end":{"line":43,"column":null}}},"6":{"name":"(anonymous_10)","decl":{"start":{"line":46,"column":12},"end":{"line":46,"column":null}},"loc":{"start":{"line":46,"column":12},"end":{"line":59,"column":5}}},"7":{"name":"(anonymous_11)","decl":{"start":{"line":50,"column":36},"end":{"line":50,"column":null}},"loc":{"start":{"line":50,"column":36},"end":{"line":56,"column":7}}},"8":{"name":"(anonymous_12)","decl":{"start":{"line":52,"column":17},"end":{"line":52,"column":null}},"loc":{"start":{"line":52,"column":17},"end":{"line":55,"column":9}}},"9":{"name":"(anonymous_13)","decl":{"start":{"line":53,"column":27},"end":{"line":53,"column":28}},"loc":{"start":{"line":53,"column":42},"end":{"line":53,"column":71}}},"10":{"name":"(anonymous_14)","decl":{"start":{"line":58,"column":11},"end":{"line":58,"column":17}},"loc":{"start":{"line":58,"column":17},"end":{"line":58,"column":null}}},"11":{"name":"(anonymous_15)","decl":{"start":{"line":61,"column":28},"end":{"line":61,"column":29}},"loc":{"start":{"line":61,"column":29},"end":{"line":63,"column":null}}},"12":{"name":"(anonymous_16)","decl":{"start":{"line":65,"column":30},"end":{"line":65,"column":null}},"loc":{"start":{"line":65,"column":30},"end":{"line":100,"column":null}}},"13":{"name":"(anonymous_17)","decl":{"start":{"line":73,"column":19},"end":{"line":73,"column":null}},"loc":{"start":{"line":73,"column":19},"end":{"line":76,"column":11}}}},"branchMap":{"0":{"loc":{"start":{"line":26,"column":2},"end":{"line":26,"column":21}},"type":"default-arg","locations":[{"start":{"line":26,"column":16},"end":{"line":26,"column":21}}]},"1":{"loc":{"start":{"line":66,"column":4},"end":{"line":66,"column":null}},"type":"if","locations":[{"start":{"line":66,"column":4},"end":{"line":66,"column":null}}]},"2":{"loc":{"start":{"line":71,"column":6},"end":{"line":78,"column":null}},"type":"if","locations":[{"start":{"line":71,"column":6},"end":{"line":78,"column":null}}]},"3":{"loc":{"start":{"line":88,"column":6},"end":{"line":90,"column":null}},"type":"if","locations":[{"start":{"line":88,"column":6},"end":{"line":90,"column":null}}]},"4":{"loc":{"start":{"line":102,"column":21},"end":{"line":102,"column":null}},"type":"cond-expr","locations":[{"start":{"line":102,"column":48},"end":{"line":102,"column":75}},{"start":{"line":102,"column":75},"end":{"line":102,"column":null}}]}},"s":{"0":0,"1":0,"2":0,"3":0,"4":0,"5":0,"6":0,"7":0,"8":0,"9":0,"10":0,"11":0,"12":0,"13":0,"14":0,"15":0,"16":0,"17":0,"18":0,"19":0,"20":0,"21":0,"22":0,"23":0,"24":0,"25":0,"26":0,"27":0,"28":0,"29":0,"30":0,"31":0,"32":0,"33":0,"34":0,"35":0,"36":0,"37":0,"38":0,"39":0,"40":0,"41":0,"42":0,"43":0,"44":0,"45":0,"46":0,"47":0,"48":0,"49":0,"50":0,"51":0,"52":0},"f":{"0":0,"1":0,"2":0,"3":0,"4":0,"5":0,"6":0,"7":0,"8":0,"9":0,"10":0,"11":0,"12":0,"13":0},"b":{"0":[0],"1":[0],"2":[0],"3":[0],"4":[0,0]}}
,"/Users/ismail/Apps/personal/promptvitals project/backend/src/components/home/UserActionPrompt.tsx": {"path":"/Users/ismail/Apps/personal/promptvitals project/backend/src/components/home/UserActionPrompt.tsx","statementMap":{"0":{"start":{"line":34,"column":0},"end":{"line":34,"column":15}},"1":{"start":{"line":3,"column":18},"end":{"line":3,"column":null}},"2":{"start":{"line":4,"column":23},"end":{"line":4,"column":null}},"3":{"start":{"line":6,"column":31},"end":{"line":30,"column":null}},"4":{"start":{"line":34,"column":15},"end":{"line":34,"column":null}}},"fnMap":{"0":{"name":"(anonymous_2)","decl":{"start":{"line":6,"column":31},"end":{"line":6,"column":null}},"loc":{"start":{"line":6,"column":31},"end":{"line":30,"column":null}}}},"branchMap":{},"s":{"0":0,"1":0,"2":0,"3":0,"4":0},"f":{"0":0},"b":{}}
[...]
art":{"line":156,"column":24},"end":{"line":156,"column":49}},{"start":{"line":156,"column":49},"end":{"line":156,"column":84}}]},"23":{"loc":{"start":{"line":161,"column":61},"end":{"line":161,"column":null}},"type":"cond-expr","locations":[{"start":{"line":161,"column":103},"end":{"line":161,"column":128}},{"start":{"line":161,"column":131},"end":{"line":161,"column":null}}]},"24":{"loc":{"start":{"line":166,"column":33},"end":{"line":166,"column":null}},"type":"binary-expr","locations":[{"start":{"line":166,"column":33},"end":{"line":166,"column":52}},{"start":{"line":166,"column":56},"end":{"line":166,"column":null}}]},"25":{"loc":{"start":{"line":172,"column":16},"end":{"line":172,"column":67}},"type":"if","locations":[{"start":{"line":172,"column":16},"end":{"line":172,"column":67}}]},"26":{"loc":{"start":{"line":176,"column":43},"end":{"line":176,"column":null}},"type":"cond-expr","locations":[{"start":{"line":176,"column":62},"end":{"line":176,"column":76}},{"start":{"line":176,"column":76},"end":{"line":176,"column":null}}]},"27":{"loc":{"start":{"line":229,"column":21},"end":{"line":229,"column":null}},"type":"binary-expr","locations":[{"start":{"line":229,"column":21},"end":{"line":229,"column":30}},{"start":{"line":229,"column":75},"end":{"line":229,"column":null}}]},"28":{"loc":{"start":{"line":231,"column":19},"end":{"line":231,"column":null}},"type":"cond-expr","locations":[{"start":{"line":231,"column":30},"end":{"line":231,"column":55}},{"start":{"line":231,"column":55},"end":{"line":231,"column":null}}]},"29":{"loc":{"start":{"line":232,"column":23},"end":{"line":232,"column":36}},"type":"binary-expr","locations":[{"start":{"line":232,"column":23},"end":{"line":232,"column":31}},{"start":{"line":232,"column":35},"end":{"line":232,"column":36}}]},"30":{"loc":{"start":{"line":235,"column":23},"end":{"line":235,"column":null}},"type":"binary-expr","locations":[{"start":{"line":235,"column":23},"end":{"line":235,"column":34}},{"start":{"line":235,"column":38},"end":{"line":235,"column":null}}]},"31":{"loc":{"start":{"line":239,"column":33},"end":{"line":239,"column":null}},"type":"cond-expr","locations":[{"start":{"line":239,"column":59},"end":{"line":239,"column":71}},{"start":{"line":239,"column":71},"end":{"line":239,"column":null}}]},"32":{"loc":{"start":{"line":240,"column":4},"end":{"line":242,"column":null}},"type":"if","locations":[{"start":{"line":240,"column":4},"end":{"line":242,"column":null}}]},"33":{"loc":{"start":{"line":245,"column":4},"end":{"line":249,"column":null}},"type":"if","locations":[{"start":{"line":245,"column":4},"end":{"line":249,"column":null}},{"start":{"line":247,"column":11},"end":{"line":249,"column":null}}]},"34":{"loc":{"start":{"line":258,"column":12},"end":{"line":258,"column":null}},"type":"cond-expr","locations":[{"start":{"line":258,"column":56},"end":{"line":258,"column":73}},{"start":{"line":258,"column":73},"end":{"line":258,"column":null}}]},"35":{"loc":{"start":{"line":287,"column":23},"end":{"line":287,"column":null}},"type":"binary-expr","locations":[{"start":{"line":287,"column":23},"end":{"line":287,"column":34}},{"start":{"line":287,"column":38},"end":{"line":287,"column":null}}]},"36":{"loc":{"start":{"line":289,"column":24},"end":{"line":289,"column":37}},"type":"binary-expr","locations":[{"start":{"line":289,"column":24},"end":{"line":289,"column":32}},{"start":{"line":289,"column":36},"end":{"line":289,"column":37}}]},"37":{"loc":{"start":{"line":290,"column":19},"end":{"line":290,"column":null}},"type":"binary-expr","locations":[{"start":{"line":290,"column":19},"end":{"line":290,"column":69}},{"start":{"line":290,"column":73},"end":{"line":290,"column":null}}]},"38":{"loc":{"start":{"line":292,"column":4},"end":{"line":315,"column":null}},"type":"if","locations":[{"start":{"line":292,"column":4},"end":{"line":315,"column":null}}]},"39":{"loc":{"start":{"line":328,"column":50},"end":{"line":328,"column":null}},"type":"binary-expr","locations":[{"start":{"line":328,"column":50},"end":{"line":328,"column":58}},{"start":{"line":328,"column":58},"end":{"line":328,"column":null}}]},"40":{"loc":{"start":{"line":329,"column":2},"end":{"line":329,"column":null}},"type":"if","locations":[{"start":{"line":329,"column":2},"end":{"line":329,"column":null}}]},"41":{"loc":{"start":{"line":329,"column":6},"end":{"line":329,"column":48}},"type":"binary-expr","locations":[{"start":{"line":329,"column":6},"end":{"line":329,"column":22}},{"start":{"line":329,"column":22},"end":{"line":329,"column":48}}]},"42":{"loc":{"start":{"line":332,"column":40},"end":{"line":332,"column":null}},"type":"binary-expr","locations":[{"start":{"line":332,"column":40},"end":{"line":332,"column":86}},{"start":{"line":332,"column":86},"end":{"line":332,"column":null}}]},"43":{"loc":{"start":{"line":333,"column":2},"end":{"line":342,"column":null}},"type":"if","locations":[{"start":{"line":333,"column":2},"end":{"line":342,"column":null}}]},"44":{"loc":{"start":{"line":334,"column":16},"end":{"line":334,"column":null}},"type":"cond-expr","locations":[{"start":{"line":334,"column":67},"end":{"line":334,"column":104}},{"start":{"line":334,"column":107},"end":{"line":334,"column":null}}]},"45":{"loc":{"start":{"line":336,"column":12},"end":{"line":336,"column":40}},"type":"binary-expr","locations":[{"start":{"line":336,"column":12},"end":{"line":336,"column":29}},{"start":{"line":336,"column":33},"end":{"line":336,"column":40}}]},"46":{"loc":{"start":{"line":345,"column":37},"end":{"line":345,"column":null}},"type":"binary-expr","locations":[{"start":{"line":345,"column":37},"end":{"line":345,"column":83}},{"start":{"line":345,"column":83},"end":{"line":345,"column":null}}]},"47":{"loc":{"start":{"line":346,"column":2},"end":{"line":362,"column":null}},"type":"if","locations":[{"start":{"line":346,"column":2},"end":{"line":362,"column":null}}]},"48":{"loc":{"start":{"line":347,"column":16},"end":{"line":347,"column":null}},"type":"cond-expr","locations":[{"start":{"line":347,"column":64},"end":{"line":347,"column":98}},{"start":{"line":347,"column":101},"end":{"line":347,"column":null}}]},"49":{"loc":{"start":{"line":348,"column":18},"end":{"line":348,"column":null}},"type":"binary-expr","locations":[{"start":{"line":348,"column":18},"end":{"line":348,"column":33}},{"start":{"line":348,"column":37},"end":{"line":348,"column":null}}]},"50":{"loc":{"start":{"line":349,"column":16},"end":{"line":349,"column":null}},"type":"binary-expr","locations":[{"start":{"line":349,"column":16},"end":{"line":349,"column":29}},{"start":{"line":349,"column":34},"end":{"line":349,"column":null}}]},"51":{"loc":{"start":{"line":349,"column":43},"end":{"line":349,"column":null}},"type":"binary-expr","locations":[{"start":{"line":349,"column":43},"end":{"line":349,"column":71}},{"start":{"line":349,"column":71},"end":{"line":349,"column":null}}]},"52":{"loc":{"start":{"line":351,"column":12},"end":{"line":351,"column":null}},"type":"binary-expr","locations":[{"start":{"line":351,"column":12},"end":{"line":351,"column":29}},{"start":{"line":351,"column":33},"end":{"line":351,"column":null}}]},"53":{"loc":{"start":{"line":351,"column":34},"end":{"line":351,"column":55}},"type":"binary-expr","locations":[{"start":{"line":351,"column":34},"end":{"line":351,"column":50}},{"start":{"line":351,"column":54},"end":{"line":351,"column":55}}]},"54":{"loc":{"start":{"line":354,"column":22},"end":{"line":354,"column":43}},"type":"binary-expr","locations":[{"start":{"line":354,"column":22},"end":{"line":354,"column":38}},{"start":{"line":354,"column":42},"end":{"line":354,"column":43}}]},"55":{"loc":{"start":{"line":355,"column":51},"end":{"line":355,"column":72}},"type":"binary-expr","locations":[{"start":{"line":355,"column":51},"end":{"line":355,"column":67}},{"start":{"line":355,"column":71},"end":{"line":355,"column":72}}]},"56":{"loc":{"start":{"line":390,"column":8},"end":{"line":407,"column":null}},"type":"if","locations":[{"start":{"line":390,"column":8},"end":{"line":407,"column":null}}]},"57":{"loc":{"start":{"line":390,"column":12},"end":{"line":390,"column":110}},"type":"binary-expr","locations":[{"start":{"line":390,"column":12},"end":{"line":390,"column":67}},{"start":{"line":390,"column":67},"end":{"line":390,"column":110}}]},"58":{"loc":{"start":{"line":391,"column":31},"end":{"line":391,"column":null}},"type":"binary-expr","locations":[{"start":{"line":391,"column":31},"end":{"line":391,"column":42}},{"start":{"line":391,"column":46},"end":{"line":391,"column":null}}]},"59":{"loc":{"start":{"line":417,"column":8},"end":{"line":435,"column":null}},"type":"if","locations":[{"start":{"line":417,"column":8},"end":{"line":435,"column":null}}]},"60":{"loc":{"start":{"line":417,"column":12},"end":{"line":417,"column":69}},"type":"binary-expr","locations":[{"start":{"line":417,"column":12},"end":{"line":417,"column":26}},{"start":{"line":417,"column":26},"end":{"line":417,"column":69}}]},"61":{"loc":{"start":{"line":419,"column":32},"end":{"line":419,"column":52}},"type":"binary-expr","locations":[{"start":{"line":419,"column":32},"end":{"line":419,"column":43}},{"start":{"line":419,"column":47},"end":{"line":419,"column":52}}]},"62":{"loc":{"start":{"line":445,"column":8},"end":{"line":462,"column":null}},"type":"if","locations":[{"start":{"line":445,"column":8},"end":{"line":462,"column":null}}]},"63":{"loc":{"start":{"line":445,"column":12},"end":{"line":445,"column":106}},"type":"binary-expr","locations":[{"start":{"line":445,"column":12},"end":{"line":445,"column":26}},{"start":{"line":445,"column":26},"end":{"line":445,"column":63}},{"start":{"line":445,"column":63},"end":{"line":445,"column":106}}]},"64":{"loc":{"start":{"line":446,"column":32},"end":{"line":446,"column":52}},"type":"binary-expr","locations":[{"start":{"line":446,"column":32},"end":{"line":446,"column":43}},{"start":{"line":446,"column":47},"end":{"line":446,"column":52}}]},"65":{"loc":{"start":{"line":477,"column":4},"end":{"line":477,"column":null}},"type":"if","locations":[{"start":{"line":477,"column":4},"end":{"line":477,"column":null}}]},"66":{"loc":{"start":{"line":477,"column":8},"end":{"line":477,"column":50}},"type":"binary-expr","locations":[{"start":{"line":477,"column":8},"end":{"line":477,"column":17}},{"start":{"line":477,"column":17},"end":{"line":477,"column":50}}]},"67":{"loc":{"start":{"line":480,"column":8},"end":{"line":482,"column":null}},"type":"if","locations":[{"start":{"line":480,"column":8},"end":{"line":482,"column":null}}]},"68":{"loc":{"start":{"line":502,"column":4},"end":{"line":502,"column":44}},"type":"if","locations":[{"start":{"line":502,"column":4},"end":{"line":502,"column":44}}]},"69":{"loc":{"start":{"line":502,"column":8},"end":{"line":502,"column":31}},"type":"binary-expr","locations":[{"start":{"line":502,"column":8},"end":{"line":502,"column":17}},{"start":{"line":502,"column":17},"end":{"line":502,"column":31}}]},"70":{"loc":{"start":{"line":507,"column":4},"end":{"line":507,"column":51}},"type":"if","locations":[{"start":{"line":507,"column":4},"end":{"line":507,"column":51}}]},"71":{"loc":{"start":{"line":507,"column":8},"end":{"line":507,"column":38}},"type":"binary-expr","locations":[{"start":{"line":507,"column":8},"end":{"line":507,"column":18}},{"start":{"line":507,"column":18},"end":{"line":507,"column":38}}]},"72":{"loc":{"start":{"line":527,"column":29},"end":{"line":527,"column":51}},"type":"binary-expr","locations":[{"start":{"line":527,"column":29},"end":{"line":527,"column":50}},{"start":{"line":527,"column":50},"end":{"line":527,"column":51}}]},"73":{"loc":{"start":{"line":530,"column":4},"end":{"line":530,"column":null}},"type":"if","locations":[{"start":{"line":530,"column":4},"end":{"line":530,"column":null}}]},"74":{"loc":{"start":{"line":530,"column":8},"end":{"line":530,"column":37}},"type":"binary-expr","locations":[{"start":{"line":530,"column":8},"end":{"line":530,"column":17}},{"start":{"line":530,"column":17},"end":{"line":530,"column":37}}]},"75":{"loc":{"start":{"line":539,"column":8},"end":{"line":541,"column":null}},"type":"if","locations":[{"start":{"line":539,"column":8},"end":{"line":541,"column":null}}]},"76":{"loc":{"start":{"line":544,"column":8},"end":{"line":546,"column":null}},"type":"if","locations":[{"start":{"line":544,"column":8},"end":{"line":546,"column":null}}]},"77":{"loc":{"start":{"line":549,"column":8},"end":{"line":567,"column":null}},"type":"if","locations":[{"start":{"line":549,"column":8},"end":{"line":567,"column":null}}]},"78":{"loc":{"start":{"line":549,"column":12},"end":{"line":549,"column":50}},"type":"binary-expr","locations":[{"start":{"line":549,"column":12},"end":{"line":549,"column":25}},{"start":{"line":549,"column":25},"end":{"line":549,"column":50}}]},"79":{"loc":{"start":{"line":553,"column":12},"end":{"line":566,"column":null}},"type":"if","locations":[{"start":{"line":553,"column":12},"end":{"line":566,"column":null}},{"start":{"line":563,"column":19},"end":{"line":566,"column":null}}]},"80":{"loc":{"start":{"line":556,"column":16},"end":{"line":562,"column":null}},"type":"if","locations":[{"start":{"line":556,"column":16},"end":{"line":562,"column":null}},{"start":{"line":558,"column":23},"end":{"line":562,"column":null}}]},"81":{"loc":{"start":{"line":558,"column":23},"end":{"line":562,"column":null}},"type":"if","locations":[{"start":{"line":558,"column":23},"end":{"line":562,"column":null}},{"start":{"line":560,"column":23},"end":{"line":562,"column":null}}]},"82":{"loc":{"start":{"line":580,"column":4},"end":{"line":580,"column":null}},"type":"if","locations":[{"start":{"line":580,"column":4},"end":{"line":580,"column":null}}]},"83":{"loc":{"start":{"line":580,"column":8},"end":{"line":580,"column":37}},"type":"binary-expr","locations":[{"start":{"line":580,"column":8},"end":{"line":580,"column":17}},{"start":{"line":580,"column":17},"end":{"line":580,"column":37}}]},"84":{"loc":{"start":{"line":596,"column":8},"end":{"line":598,"column":null}},"type":"if","locations":[{"start":{"line":596,"column":8},"end":{"line":598,"column":null}}]},"85":{"loc":{"start":{"line":606,"column":8},"end":{"line":608,"column":null}},"type":"if","locations":[{"start":{"line":606,"column":8},"end":{"line":608,"column":null}}]},"86":{"loc":{"start":{"line":658,"column":4},"end":{"line":658,"column":74}},"type":"default-arg","locations":[{"start":{"line":658,"column":48},"end":{"line":658,"column":74}}]},"87":{"loc":{"start":{"line":661,"column":4},"end":{"line":661,"column":null}},"type":"if","locations":[{"start":{"line":661,"column":4},"end":{"line":661,"column":null}}]},"88":{"loc":{"start":{"line":676,"column":23},"end":{"line":676,"column":null}},"type":"binary-expr","locations":[{"start":{"line":676,"column":23},"end":{"line":676,"column":42}},{"start":{"line":676,"column":46},"end":{"line":676,"column":null}}]},"89":{"loc":{"start":{"line":684,"column":8},"end":{"line":686,"column":null}},"type":"if","locations":[{"start":{"line":684,"column":8},"end":{"line":686,"column":null}}]},"90":{"loc":{"start":{"line":688,"column":8},"end":{"line":709,"column":null}},"type":"if","locations":[{"start":{"line":688,"column":8},"end":{"line":709,"column":null}}]},"91":{"loc":{"start":{"line":706,"column":10},"end":{"line":708,"column":null}},"type":"if","locations":[{"start":{"line":706,"column":10},"end":{"line":708,"column":null}}]},"92":{"loc":{"start":{"line":725,"column":2},"end":{"line":725,"column":null}},"type":"if","locations":[{"start":{"line":725,"column":2},"end":{"line":725,"column":null}}]},"93":{"loc":{"start":{"line":725,"column":6},"end":{"line":725,"column":35}},"type":"binary-expr","locations":[{"start":{"line":725,"column":6},"end":{"line":725,"column":15}},{"start":{"line":725,"column":15},"end":{"line":725,"column":35}}]},"94":{"loc":{"start":{"line":731,"column":4},"end":{"line":731,"column":null}},"type":"if","locations":[{"start":{"line":731,"column":4},"end":{"line":731,"column":null}}]},"95":{"loc":{"start":{"line":731,"column":8},"end":{"line":731,"column":43}},"type":"binary-expr","locations":[{"start":{"line":731,"column":8},"end":{"line":731,"column":26}},{"start":{"line":731,"column":26},"end":{"line":731,"column":43}}]},"96":{"loc":{"start":{"line":732,"column":4},"end":{"line":732,"column":null}},"type":"if","locations":[{"start":{"line":732,"column":4},"end":{"line":732,"column":null}}]},"97":{"loc":{"start":{"line":734,"column":2},"end":{"line":734,"column":null}},"type":"if","locations":[{"start":{"line":734,"column":2},"end":{"line":734,"column":null}}]}},"s":{"0":0,"1":0,"2":0,"3":0,"4":0,"5":0,"6":0,"7":0,"8":0,"9":0,"10":0,"11":0,"12":0,"13":0,"14":0,"15":18,"16":18,"17":18,"18":18,"19":18,"20":18,"21":18,"22":18,"23":18,"24":18,"25":0,"26":18,"27":0,"28":0,"29":0,"30":0,"31":18,"32":0,"33":0,"34":0,"35":0,"36":0,"37":0,"38":0,"39":0,"40":0,"41":0,"42":0,"43":0,"44":0,"45":0,"46":0,"47":18,"48":0,"49":0,"50":0,"51":0,"52":18,"53":0,"54":0,"55":0,"56":0,"57":0,"58":0,"59":0,"60":0,"61":0,"62":0,"63":0,"64":0,"65":0,"66":0,"67":0,"68":18,"69":0,"70":0,"71":0,"72":0,"73":0,"74":0,"75":0,"76":0,"77":0,"78":0,"79":0,"80":0,"81":0,"82":0,"83":0,"84":0,"85":0,"86":0,"87":0,"88":18,"89":0,"90":0,"91":0,"92":0,"93":0,"94":0,"95":0,"96":0,"97":0,"98":0,"99":0,"100":0,"101":0,"102":0,"103":0,"104":0,"105":0,"106":0,"107":0,"108":0,"109":0,"110":0,"111":0,"112":0,"113":0,"114":0,"115":0,"116":0,"117":0,"118":0,"119":0,"120":0,"121":0,"122":0,"123":0,"124":0,"125":0,"126":18,"127":0,"128":0,"129":0,"130":0,"131":0,"132":0,"133":0,"134":0,"135":0,"136":0,"137":0,"138":0,"139":0,"140":0,"141":0,"142":0,"143":18,"144":0,"145":0,"146":0,"147":0,"148":0,"149":0,"150":0,"151":0,"152":0,"153":0,"154":0,"155":0,"156":0,"157":0,"158":0,"159":0,"160":0,"161":0,"162":0,"163":0,"164":0,"165":0,"166":0,"167":0,"168":0,"169":0,"170":0,"171":0,"172":0,"173":0,"174":0,"175":0,"176":18,"177":0,"178":0,"179":0,"180":0,"181":0,"182":0,"183":0,"184":18,"185":0,"186":0,"187":0,"188":0,"189":0,"190":0,"191":0,"192":0,"193":18,"194":0,"195":0,"196":0,"197":0,"198":0,"199":0,"200":0,"201":0,"202":0,"203":0,"204":0,"205":0,"206":0,"207":0,"208":0,"209":0,"210":0,"211":0,"212":0,"213":0,"214":0,"215":0,"216":0,"217":0,"218":0,"219":18,"220":0,"221":0,"222":0,"223":0,"224":0,"225":0,"226":0,"227":0,"228":0,"229":0,"230":0,"231":0,"232":0,"233":0,"234":0,"235":0,"236":0,"237":0,"238":0,"239":0,"240":0,"241":0,"242":0,"243":0,"244":18,"245":0,"246":0,"247":0,"248":0,"249":0,"250":0,"251":0,"252":0,"253":0,"254":0,"255":0,"256":0,"257":0,"258":0,"259":0,"260":0,"261":0,"262":0,"263":0,"264":0,"265":0,"266":0,"267":0,"268":0,"269":0,"270":0,"271":0,"272":0,"273":0,"274":0,"275":0,"276":0,"277":0,"278":0,"279":0},"f":{"0":0,"1":0,"2":0,"3":0,"4":0,"5":0,"6":0,"7":0,"8":0,"9":0,"10":0,"11":0,"12":0,"13":0,"14":0,"15":0,"16":0,"17":0,"18":0,"19":0,"20":0,"21":0,"22":0,"23":0,"24":0,"25":0,"26":0,"27":0,"28":0,"29":0,"30":0,"31":0,"32":0,"33":0,"34":0,"35":0,"36":0,"37":0},"b":{"0":[0],"1":[0,0],"2":[0,0],"3":[0],"4":[0],"5":[0],"6":[0,0],"7":[0],"8":[0,0],"9":[0],"10":[0,0],"11":[0],"12":[0,0],"13":[0],"14":[0,0,0],"15":[0],"16":[0,0],"17":[0],"18":[0,0],"19":[0],"20":[0,0],"21":[0],"22":[0,0,0],"23":[0,0],"24":[0,0],"25":[0],"26":[0,0],"27":[0,0],"28":[0,0],"29":[0,0],"30":[0,0],"31":[0,0],"32":[0],"33":[0,0],"34":[0,0],"35":[0,0],"36":[0,0],"37":[0,0],"38":[0],"39":[0,0],"40":[0],"41":[0,0],"42":[0,0],"43":[0],"44":[0,0],"45":[0,0],"46":[0,0],"47":[0],"48":[0,0],"49":[0,0],"50":[0,0],"51":[0,0],"52":[0,0],"53":[0,0],"54":[0,0],"55":[0,0],"56":[0],"57":[0,0],"58":[0,0],"59":[0],"60":[0,0],"61":[0,0],"62":[0],"63":[0,0,0],"64":[0,0],"65":[0],"66":[0,0],"67":[0],"68":[0],"69":[0,0],"70":[0],"71":[0,0],"72":[0,0],"73":[0],"74":[0,0],"75":[0],"76":[0],"77":[0],"78":[0,0],"79":[0,0],"80":[0,0],"81":[0,0],"82":[0],"83":[0,0],"84":[0],"85":[0],"86":[0],"87":[0],"88":[0,0],"89":[0],"90":[0],"91":[0],"92":[0],"93":[0,0],"94":[0],"95":[0,0],"96":[0],"97":[0]}}
}
