TN:
SF:src/App.tsx
FN:10,App
FNF:1
FNH:0
FNDA:0,App
DA:1,0
DA:2,0
DA:3,0
DA:4,0
DA:5,0
DA:6,0
DA:7,0
DA:8,0
DA:26,0
LF:9
LH:0
BRF:0
BRH:0
end_of_record
TN:
SF:src/app/layout.tsx
FN:9,RootLayout
FNF:1
FNH:0
FNDA:0,RootLayout
DA:2,0
DA:4,0
DA:9,0
LF:3
LH:0
BRF:0
BRH:0
end_of_record
TN:
SF:src/app/page.tsx
FN:12,Home
FNF:1
FNH:0
FNDA:0,Home
DA:3,0
DA:4,0
DA:5,0
DA:6,0
DA:7,0
DA:8,0
DA:9,0
DA:10,0
DA:12,0
LF:9
LH:0
BRF:0
BRH:0
end_of_record
TN:
SF:src/app/api/[...not_found]/route.ts
FN:6,(anonymous_6)
FN:10,(anonymous_7)
FN:14,(anonymous_8)
FN:18,(anonymous_9)
FN:22,(anonymous_10)
FNF:5
FNH:0
FNDA:0,(anonymous_6)
FNDA:0,(anonymous_7)
FNDA:0,(anonymous_8)
FNDA:0,(anonymous_9)
FNDA:0,(anonymous_10)
DA:1,0
DA:6,0
DA:7,0
DA:10,0
DA:11,0
DA:14,0
DA:15,0
DA:18,0
DA:19,0
DA:22,0
DA:23,0
LF:11
LH:0
BRF:0
BRH:0
end_of_record
TN:
SF:src/app/api/summary/route.ts
FN:10,(anonymous_1)
FNF:1
FNH:0
FNDA:0,(anonymous_1)
DA:1,0
DA:2,0
DA:4,0
DA:6,0
DA:10,0
DA:11,0
DA:12,0
DA:13,0
DA:15,0
DA:16,0
DA:19,0
DA:20,0
DA:22,0
DA:25,0
LF:14
LH:0
BRDA:15,0,0,0
BRDA:28,1,0,0
BRDA:28,1,1,0
BRF:3
BRH:0
end_of_record
TN:
SF:src/app/evaluate/page.tsx
FN:10,(anonymous_5)
FN:14,(anonymous_6)
FN:18,(anonymous_7)
FNF:3
FNH:0
FNDA:0,(anonymous_5)
FNDA:0,(anonymous_6)
FNDA:0,(anonymous_7)
DA:3,0
DA:4,0
DA:5,0
DA:6,0
DA:7,0
DA:10,0
DA:11,0
DA:12,0
DA:14,0
DA:15,0
DA:18,0
DA:19,0
DA:88,0
LF:13
LH:0
BRDA:44,0,0,0
BRDA:44,0,1,0
BRDA:46,1,0,0
BRDA:46,1,1,0
BRDA:47,2,0,0
BRDA:47,2,1,0
BRF:6
BRH:0
end_of_record
TN:
SF:src/components/Button.tsx
FN:13,(anonymous_2)
FNF:1
FNH:0
FNDA:0,(anonymous_2)
DA:3,0
DA:13,0
DA:20,0
DA:22,0
DA:28,0
DA:34,0
DA:43,0
LF:7
LH:0
BRDA:15,0,0,0
BRDA:16,1,0,0
BRDA:17,2,0,0
BRF:3
BRH:0
end_of_record
TN:
SF:src/components/Footer.tsx
FN:5,(anonymous_2)
FN:8,(anonymous_3)
FN:22,(anonymous_4)
FN:81,(anonymous_5)
FN:85,(anonymous_6)
FNF:5
FNH:0
FNDA:0,(anonymous_2)
FNDA:0,(anonymous_3)
FNDA:0,(anonymous_4)
FNDA:0,(anonymous_5)
FNDA:0,(anonymous_6)
DA:3,0
DA:5,0
DA:6,0
DA:8,0
DA:9,0
DA:10,0
DA:11,0
DA:12,0
DA:13,0
DA:14,0
DA:22,0
DA:23,0
DA:24,0
DA:30,0
DA:82,0
DA:86,0
DA:122,0
LF:17
LH:0
BRDA:11,0,0,0
BRDA:13,1,0,0
BRDA:90,2,0,0
BRDA:90,2,1,0
BRF:4
BRH:0
end_of_record
TN:
SF:src/components/Header.tsx
FN:8,(anonymous_5)
FN:13,(anonymous_6)
FN:14,(anonymous_7)
FN:23,(anonymous_8)
FN:26,(anonymous_9)
FN:31,(anonymous_10)
FN:45,(anonymous_11)
FNF:7
FNH:0
FNDA:0,(anonymous_5)
FNDA:0,(anonymous_6)
FNDA:0,(anonymous_7)
FNDA:0,(anonymous_8)
FNDA:0,(anonymous_9)
FNDA:0,(anonymous_10)
FNDA:0,(anonymous_11)
DA:3,0
DA:4,0
DA:5,0
DA:6,0
DA:8,0
DA:9,0
DA:10,0
DA:11,0
DA:13,0
DA:14,0
DA:15,0
DA:16,0
DA:18,0
DA:22,0
DA:23,0
DA:26,0
DA:27,0
DA:31,0
DA:32,0
DA:33,0
DA:34,0
DA:35,0
DA:36,0
DA:37,0
DA:45,0
DA:46,0
DA:47,0
DA:114,0
LF:28
LH:0
BRDA:15,0,0,0
BRDA:15,0,1,0
BRDA:34,1,0,0
BRDA:36,2,0,0
BRDA:56,3,0,0
BRDA:56,3,1,0
BRDA:70,4,0,0
BRDA:70,4,1,0
BRDA:73,5,0,0
BRDA:73,5,1,0
BRDA:91,6,0,0
BRDA:98,7,0,0
BRDA:101,8,0,0
BRDA:101,8,1,0
BRDA:104,9,0,0
BRDA:104,9,1,0
BRF:16
BRH:0
end_of_record
TN:
SF:src/components/evaluate/BackToOverallButton.tsx
FN:8,(anonymous_2)
FNF:1
FNH:0
FNDA:0,(anonymous_2)
DA:1,0
DA:8,0
DA:9,0
DA:26,0
LF:4
LH:0
BRDA:9,0,0,0
BRF:1
BRH:0
end_of_record
TN:
SF:src/components/evaluate/CategoryWheelsGrid.tsx
FN:14,(anonymous_3)
FN:20,(anonymous_4)
FNF:2
FNH:0
FNDA:0,(anonymous_3)
FNDA:0,(anonymous_4)
DA:1,0
DA:2,0
DA:3,0
DA:15,0
DA:16,0
DA:20,0
DA:43,0
LF:7
LH:0
BRF:0
BRH:0
end_of_record
TN:
SF:src/components/evaluate/CircularProgress.tsx
FN:9,(anonymous_2)
FNF:1
FNH:0
FNDA:0,(anonymous_2)
DA:1,0
DA:2,0
DA:9,0
DA:10,0
DA:11,0
DA:12,0
DA:53,0
LF:7
LH:0
BRDA:9,0,0,0
BRF:1
BRH:0
end_of_record
TN:
SF:src/components/evaluate/DetailedCategoryAnalyses.tsx
FN:17,(anonymous_3)
FN:45,(anonymous_4)
FN:57,(anonymous_5)
FN:98,(anonymous_6)
FNF:4
FNH:0
FNDA:0,(anonymous_3)
FNDA:0,(anonymous_4)
FNDA:0,(anonymous_5)
FNDA:0,(anonymous_6)
DA:1,0
DA:2,0
DA:18,0
DA:45,0
DA:58,0
DA:59,0
DA:99,0
DA:121,0
LF:8
LH:0
BRDA:48,0,0,0
BRDA:48,0,1,0
BRDA:54,1,0,0
BRDA:67,2,0,0
BRDA:67,2,1,0
BRDA:67,3,0,0
BRDA:67,3,1,0
BRDA:67,4,0,0
BRDA:67,4,1,0
BRDA:91,5,0,0
BRDA:91,5,1,0
BRF:11
BRH:0
end_of_record
TN:
SF:src/components/evaluate/HumanReviewNotice.tsx
FNF:0
FNH:0
DA:1,0
DA:35,0
LF:2
LH:0
BRDA:23,0,0,0
BRF:1
BRH:0
end_of_record
TN:
SF:src/components/evaluate/Loader.tsx
FNF:0
FNH:0
DA:1,0
DA:22,0
LF:2
LH:0
BRF:0
BRH:0
end_of_record
TN:
SF:src/components/evaluate/OverallScoreSection.tsx
FN:63,(anonymous_3)
FN:89,(anonymous_4)
FNF:2
FNH:0
FNDA:0,(anonymous_3)
FNDA:0,(anonymous_4)
DA:1,0
DA:2,0
DA:3,0
DA:4,0
DA:64,0
DA:90,0
DA:105,0
LF:7
LH:0
BRDA:28,0,0,0
BRDA:28,0,1,0
BRDA:38,1,0,0
BRDA:42,2,0,0
BRDA:42,2,1,0
BRDA:50,3,0,0
BRDA:50,3,1,0
BRDA:76,4,0,0
BRDA:76,4,1,0
BRF:9
BRH:0
end_of_record
TN:
SF:src/components/evaluate/PromptInputSection.tsx
FN:23,(anonymous_4)
FN:34,(anonymous_5)
FN:35,(anonymous_6)
FN:37,(anonymous_7)
FN:38,(anonymous_8)
FN:43,(anonymous_9)
FN:46,(anonymous_10)
FN:50,(anonymous_11)
FN:52,(anonymous_12)
FN:53,(anonymous_13)
FN:58,(anonymous_14)
FN:61,(anonymous_15)
FN:65,(anonymous_16)
FNF:13
FNH:0
FNDA:0,(anonymous_4)
FNDA:0,(anonymous_5)
FNDA:0,(anonymous_6)
FNDA:0,(anonymous_7)
FNDA:0,(anonymous_8)
FNDA:0,(anonymous_9)
FNDA:0,(anonymous_10)
FNDA:0,(anonymous_11)
FNDA:0,(anonymous_12)
FNDA:0,(anonymous_13)
FNDA:0,(anonymous_14)
FNDA:0,(anonymous_15)
FNDA:0,(anonymous_16)
DA:1,0
DA:2,0
DA:5,0
DA:11,0
DA:23,0
DA:28,0
DA:29,0
DA:30,0
DA:31,0
DA:32,0
DA:34,0
DA:35,0
DA:36,0
DA:37,0
DA:38,0
DA:39,0
DA:43,0
DA:46,0
DA:48,0
DA:50,0
DA:51,0
DA:52,0
DA:53,0
DA:54,0
DA:58,0
DA:61,0
DA:62,0
DA:65,0
DA:66,0
DA:68,0
DA:69,0
DA:80,0
DA:88,0
DA:89,0
DA:92,0
DA:93,0
DA:95,0
DA:98,0
DA:102,0
DA:103,0
DA:145,0
LF:41
LH:0
BRDA:26,0,0,0
BRDA:66,1,0,0
BRDA:88,2,0,0
BRDA:102,3,0,0
BRDA:102,3,1,0
BRF:5
BRH:0
end_of_record
TN:
SF:src/components/evaluate/PromptResultsSection.tsx
FN:14,(anonymous_5)
FN:26,(anonymous_6)
FN:31,(anonymous_7)
FN:32,(anonymous_8)
FN:41,(anonymous_9)
FN:45,(anonymous_10)
FN:46,(anonymous_11)
FN:50,(anonymous_12)
FN:53,(anonymous_13)
FN:63,(anonymous_14)
FN:64,(anonymous_15)
FN:70,(anonymous_16)
FN:73,(anonymous_17)
FN:76,(anonymous_18)
FNF:14
FNH:0
FNDA:0,(anonymous_5)
FNDA:0,(anonymous_6)
FNDA:0,(anonymous_7)
FNDA:0,(anonymous_8)
FNDA:0,(anonymous_9)
FNDA:0,(anonymous_10)
FNDA:0,(anonymous_11)
FNDA:0,(anonymous_12)
FNDA:0,(anonymous_13)
FNDA:0,(anonymous_14)
FNDA:0,(anonymous_15)
FNDA:0,(anonymous_16)
FNDA:0,(anonymous_17)
FNDA:0,(anonymous_18)
DA:1,0
DA:2,0
DA:4,0
DA:7,0
DA:8,0
DA:9,0
DA:10,0
DA:14,0
DA:21,0
DA:22,0
DA:23,0
DA:26,0
DA:27,0
DA:28,0
DA:30,0
DA:32,0
DA:33,0
DA:39,0
DA:41,0
DA:45,0
DA:46,0
DA:47,0
DA:49,0
DA:50,0
DA:53,0
DA:54,0
DA:55,0
DA:56,0
DA:61,0
DA:63,0
DA:64,0
DA:70,0
DA:73,0
DA:76,0
DA:77,0
DA:78,0
DA:79,0
DA:85,0
DA:86,0
DA:90,0
DA:91,0
DA:94,0
DA:95,0
DA:137,0
LF:44
LH:0
BRDA:16,0,0,0
BRDA:17,1,0,0
BRDA:28,2,0,0
BRDA:33,3,0,0
BRDA:33,3,1,0
BRDA:55,4,0,0
BRDA:78,5,0,0
BRDA:85,6,0,0
BRDA:85,7,0,0
BRDA:85,7,1,0
BRDA:90,8,0,0
BRDA:94,9,0,0
BRDA:94,9,1,0
BRDA:109,10,0,0
BRDA:132,11,0,0
BRDA:132,11,1,0
BRF:16
BRH:0
end_of_record
TN:
SF:src/components/evaluate/PromptResultsSectionOld.tsx
FN:33,(anonymous_4)
FN:45,(anonymous_5)
FN:50,(anonymous_6)
FN:51,(anonymous_7)
FN:60,(anonymous_8)
FN:64,(anonymous_9)
FN:65,(anonymous_10)
FN:69,(anonymous_11)
FN:72,(anonymous_12)
FN:82,(anonymous_13)
FN:83,(anonymous_14)
FN:89,(anonymous_15)
FN:92,(anonymous_16)
FN:95,(anonymous_17)
FN:109,(anonymous_18)
FN:141,(anonymous_19)
FN:327,(anonymous_20)
FN:354,(anonymous_21)
FN:389,(anonymous_22)
FN:395,(anonymous_23)
FN:420,(anonymous_24)
FN:449,(anonymous_25)
FN:461,(anonymous_26)
FN:505,(anonymous_27)
FNF:24
FNH:0
FNDA:0,(anonymous_4)
FNDA:0,(anonymous_5)
FNDA:0,(anonymous_6)
FNDA:0,(anonymous_7)
FNDA:0,(anonymous_8)
FNDA:0,(anonymous_9)
FNDA:0,(anonymous_10)
FNDA:0,(anonymous_11)
FNDA:0,(anonymous_12)
FNDA:0,(anonymous_13)
FNDA:0,(anonymous_14)
FNDA:0,(anonymous_15)
FNDA:0,(anonymous_16)
FNDA:0,(anonymous_17)
FNDA:0,(anonymous_18)
FNDA:0,(anonymous_19)
FNDA:0,(anonymous_20)
FNDA:0,(anonymous_21)
FNDA:0,(anonymous_22)
FNDA:0,(anonymous_23)
FNDA:0,(anonymous_24)
FNDA:0,(anonymous_25)
FNDA:0,(anonymous_26)
FNDA:0,(anonymous_27)
DA:1,0
DA:33,0
DA:40,0
DA:41,0
DA:42,0
DA:45,0
DA:46,0
DA:47,0
DA:49,0
DA:51,0
DA:52,0
DA:58,0
DA:60,0
DA:64,0
DA:65,0
DA:66,0
DA:68,0
DA:69,0
DA:72,0
DA:73,0
DA:74,0
DA:75,0
DA:80,0
DA:82,0
DA:83,0
DA:89,0
DA:92,0
DA:95,0
DA:96,0
DA:97,0
DA:98,0
DA:104,0
DA:105,0
DA:109,0
DA:110,0
DA:111,0
DA:117,0
DA:118,0
DA:124,0
DA:125,0
DA:132,0
DA:141,0
DA:142,0
DA:143,0
DA:144,0
DA:189,0
DA:210,0
DA:211,0
DA:328,0
DA:355,0
DA:390,0
DA:391,0
DA:395,0
DA:421,0
DA:449,0
DA:462,0
DA:463,0
DA:506,0
DA:549,0
LF:59
LH:0
BRDA:35,0,0,0
BRDA:36,1,0,0
BRDA:47,2,0,0
BRDA:52,3,0,0
BRDA:52,3,1,0
BRDA:74,4,0,0
BRDA:97,5,0,0
BRDA:104,6,0,0
BRDA:104,7,0,0
BRDA:104,7,1,0
BRDA:110,8,0,0
BRDA:110,8,1,0
BRDA:117,9,0,0
BRDA:117,9,1,0
BRDA:124,10,0,0
BRDA:124,10,1,0
BRDA:141,11,0,0
BRDA:189,12,0,0
BRDA:210,13,0,0
BRDA:210,13,1,0
BRDA:238,14,0,0
BRDA:238,14,1,0
BRDA:248,15,0,0
BRDA:264,16,0,0
BRDA:277,17,0,0
BRDA:277,17,1,0
BRDA:279,18,0,0
BRDA:279,18,1,0
BRDA:284,19,0,0
BRDA:284,19,1,0
BRDA:289,20,0,0
BRDA:289,20,1,0
BRDA:296,21,0,0
BRDA:296,21,1,0
BRDA:301,22,0,0
BRDA:301,22,1,0
BRDA:303,23,0,0
BRDA:303,23,1,0
BRDA:314,24,0,0
BRDA:314,24,1,0
BRDA:341,25,0,0
BRDA:341,25,1,0
BRDA:452,26,0,0
BRDA:452,26,1,0
BRDA:458,27,0,0
BRDA:471,28,0,0
BRDA:471,28,1,0
BRDA:471,29,0,0
BRDA:471,29,1,0
BRDA:471,30,0,0
BRDA:471,30,1,0
BRDA:498,31,0,0
BRDA:498,31,1,0
BRDA:530,32,0,0
BRDA:530,32,1,0
BRF:55
BRH:0
end_of_record
TN:
SF:src/components/evaluate/SafetyNotice.tsx
FNF:0
FNH:0
DA:1,0
DA:41,0
LF:2
LH:0
BRDA:10,0,0,0
BRDA:10,0,1,0
BRDA:15,1,0,0
BRDA:15,1,1,0
BRDA:20,2,0,0
BRDA:20,2,1,0
BRDA:27,3,0,0
BRDA:27,3,1,0
BRDA:32,4,0,0
BRDA:32,4,1,0
BRDA:34,5,0,0
BRDA:34,5,1,0
BRF:12
BRH:0
end_of_record
TN:
SF:src/components/home/Benefits.tsx
FN:5,(anonymous_2)
FNF:1
FNH:0
FNDA:0,(anonymous_2)
DA:3,0
DA:5,0
DA:49,0
LF:3
LH:0
BRF:0
BRH:0
end_of_record
TN:
SF:src/components/home/Features.tsx
FN:5,(anonymous_2)
FNF:1
FNH:0
FNDA:0,(anonymous_2)
DA:3,0
DA:5,0
DA:98,0
LF:3
LH:0
BRF:0
BRH:0
end_of_record
TN:
SF:src/components/home/Hero.tsx
FN:8,(anonymous_2)
FN:11,(anonymous_3)
FN:19,(anonymous_4)
FNF:3
FNH:0
FNDA:0,(anonymous_2)
FNDA:0,(anonymous_3)
FNDA:0,(anonymous_4)
DA:3,0
DA:5,0
DA:6,0
DA:8,0
DA:9,0
DA:11,0
DA:12,0
DA:13,0
DA:14,0
DA:19,0
DA:20,0
DA:44,0
LF:12
LH:0
BRDA:13,0,0,0
BRF:1
BRH:0
end_of_record
TN:
SF:src/components/home/HowItWorks.tsx
FN:5,(anonymous_2)
FNF:1
FNH:0
FNDA:0,(anonymous_2)
DA:3,0
DA:5,0
DA:48,0
LF:3
LH:0
BRF:0
BRH:0
end_of_record
TN:
SF:src/components/home/PromptInputSection.tsx
FN:23,(anonymous_4)
FN:34,(anonymous_5)
FN:35,(anonymous_6)
FN:37,(anonymous_7)
FN:38,(anonymous_8)
FN:43,(anonymous_9)
FN:46,(anonymous_10)
FN:50,(anonymous_11)
FN:52,(anonymous_12)
FN:53,(anonymous_13)
FN:58,(anonymous_14)
FN:61,(anonymous_15)
FN:65,(anonymous_16)
FN:73,(anonymous_17)
FNF:14
FNH:0
FNDA:0,(anonymous_4)
FNDA:0,(anonymous_5)
FNDA:0,(anonymous_6)
FNDA:0,(anonymous_7)
FNDA:0,(anonymous_8)
FNDA:0,(anonymous_9)
FNDA:0,(anonymous_10)
FNDA:0,(anonymous_11)
FNDA:0,(anonymous_12)
FNDA:0,(anonymous_13)
FNDA:0,(anonymous_14)
FNDA:0,(anonymous_15)
FNDA:0,(anonymous_16)
FNDA:0,(anonymous_17)
DA:1,0
DA:2,0
DA:3,0
DA:5,0
DA:11,0
DA:23,0
DA:28,0
DA:29,0
DA:30,0
DA:31,0
DA:32,0
DA:34,0
DA:35,0
DA:36,0
DA:37,0
DA:38,0
DA:39,0
DA:43,0
DA:46,0
DA:48,0
DA:50,0
DA:51,0
DA:52,0
DA:53,0
DA:54,0
DA:58,0
DA:61,0
DA:62,0
DA:65,0
DA:66,0
DA:68,0
DA:69,0
DA:71,0
DA:73,0
DA:74,0
DA:75,0
DA:77,0
DA:80,0
DA:88,0
DA:89,0
DA:92,0
DA:93,0
DA:95,0
DA:98,0
DA:102,0
DA:103,0
DA:145,0
LF:47
LH:0
BRDA:26,0,0,0
BRDA:66,1,0,0
BRDA:71,2,0,0
BRDA:88,3,0,0
BRDA:102,4,0,0
BRDA:102,4,1,0
BRF:6
BRH:0
end_of_record
TN:
SF:src/components/home/UserActionPrompt.tsx
FN:6,(anonymous_2)
FNF:1
FNH:0
FNDA:0,(anonymous_2)
DA:3,0
DA:4,0
DA:6,0
DA:34,0
LF:4
LH:0
BRF:0
BRH:0
end_of_record
TN:
SF:src/components/ui/button.tsx
FN:49,(anonymous_6)
FNF:1
FNH:0
FNDA:0,(anonymous_6)
DA:1,0
DA:2,0
DA:3,0
DA:5,0
DA:7,0
DA:48,0
DA:50,0
DA:60,0
DA:62,0
LF:9
LH:0
BRDA:49,0,0,0
BRDA:50,1,0,0
BRDA:50,1,1,0
BRF:3
BRH:0
end_of_record
TN:
SF:src/data/summary.ts
FNF:0
FNH:0
DA:1,0
LF:1
LH:0
BRF:0
BRH:0
end_of_record
TN:
SF:src/frontend/promptResultsHelpers.ts
FN:2,(anonymous_1)
FNF:1
FNH:0
FNDA:0,(anonymous_1)
DA:2,0
DA:3,0
DA:4,0
DA:10,0
DA:11,0
DA:17,0
DA:18,0
DA:25,0
LF:8
LH:0
BRDA:3,0,0,0
BRDA:3,0,1,0
BRDA:10,1,0,0
BRDA:10,1,1,0
BRDA:17,2,0,0
BRDA:17,2,1,0
BRF:6
BRH:0
end_of_record
TN:
SF:src/lib/utils.ts
FN:4,cn
FNF:1
FNH:0
FNDA:0,cn
DA:1,0
DA:2,0
DA:4,0
DA:5,0
LF:4
LH:0
BRF:0
BRH:0
end_of_record
TN:
SF:src/lib/agent-utils/agentUtils.ts
FN:9,parseLLMResponseLoose
FN:12,(anonymous_4)
FN:20,(anonymous_5)
FN:65,parseAIResponse
FNF:4
FNH:0
FNDA:0,parseLLMResponseLoose
FNDA:0,(anonymous_4)
FNDA:0,(anonymous_5)
FNDA:0,parseAIResponse
DA:9,0
DA:10,0
DA:12,0
DA:13,0
DA:14,0
DA:16,0
DA:20,0
DA:21,0
DA:23,0
DA:25,0
DA:26,0
DA:27,0
DA:28,0
DA:30,0
DA:33,0
DA:34,0
DA:36,0
DA:39,0
DA:41,0
DA:43,0
DA:46,0
DA:65,0
DA:66,0
DA:68,0
LF:24
LH:0
BRDA:27,0,0,0
BRDA:27,1,0,0
BRDA:27,1,1,0
BRDA:27,1,2,0
BRDA:41,2,0,0
BRF:5
BRH:0
end_of_record
TN:
SF:src/lib/agent-utils/aiEligibility.ts
FN:20,determineAIEligibilityFromRules
FN:47,(anonymous_5)
FN:54,(anonymous_6)
FN:64,(anonymous_7)
FN:72,createEligibilityRule
FNF:5
FNH:1
FNDA:0,determineAIEligibilityFromRules
FNDA:0,(anonymous_5)
FNDA:0,(anonymous_6)
FNDA:0,(anonymous_7)
FNDA:116,createEligibilityRule
DA:20,0
DA:24,0
DA:26,0
DA:27,0
DA:28,0
DA:29,0
DA:32,0
DA:37,0
DA:44,0
DA:48,0
DA:55,0
DA:65,0
DA:72,116
DA:76,116
LF:14
LH:2
BRDA:28,0,0,0
BRF:1
BRH:0
end_of_record
TN:
SF:src/lib/agent-utils/fixtureBuilders.ts
FN:9,makeContext
FN:92,makeSafetyContext
FN:117,makeClarityContext
FN:158,makeStructureContext
FN:223,makeContextRichContext
FN:278,makeDetectedPattern
FNF:6
FNH:1
FNDA:2,makeContext
FNDA:0,makeSafetyContext
FNDA:0,makeClarityContext
FNDA:0,makeStructureContext
FNDA:0,makeContextRichContext
FNDA:0,makeDetectedPattern
DA:2,8
DA:9,2
DA:10,2
DA:85,2
DA:92,0
DA:93,0
DA:110,0
DA:117,0
DA:118,0
DA:151,0
DA:158,0
DA:159,0
DA:216,0
DA:223,0
DA:224,0
DA:270,0
DA:278,0
DA:285,0
DA:286,0
DA:287,0
DA:294,0
LF:21
LH:4
BRDA:9,0,0,0
BRDA:92,1,0,0
BRDA:117,2,0,0
BRDA:158,3,0,0
BRDA:223,4,0,0
BRDA:281,5,0,0
BRDA:282,6,0,0
BRDA:286,7,0,0
BRF:8
BRH:0
end_of_record
TN:
SF:src/lib/agent-utils/hybridEnhancement.ts
FN:25,sanitizeAIResult
FN:46,ensureArrayFields
FN:69,reconcileScoreWithAI
FN:94,mergeEnhancementFlags
FN:111,calculateStandardAdjustment
FN:132,createGenericEnhancement
FN:136,(anonymous_15)
FN:170,applyAIEnhancements
FN:217,executeAIAnalysisWithErrorHandling
FNF:9
FNH:1
FNDA:0,sanitizeAIResult
FNDA:0,ensureArrayFields
FNDA:0,reconcileScoreWithAI
FNDA:0,mergeEnhancementFlags
FNDA:0,calculateStandardAdjustment
FNDA:410,createGenericEnhancement
FNDA:0,(anonymous_15)
FNDA:0,applyAIEnhancements
FNDA:0,executeAIAnalysisWithErrorHandling
DA:12,16
DA:13,16
DA:25,0
DA:26,0
DA:29,0
DA:32,0
DA:46,0
DA:47,0
DA:49,0
DA:50,0
DA:51,0
DA:52,0
DA:53,0
DA:54,0
DA:57,0
DA:69,0
DA:75,0
DA:78,0
DA:80,0
DA:82,0
DA:94,0
DA:99,0
DA:111,0
DA:112,0
DA:113,0
DA:114,0
DA:115,0
DA:116,0
DA:117,0
DA:118,0
DA:119,0
DA:121,0
DA:132,410
DA:136,410
DA:138,0
DA:141,0
DA:146,0
DA:149,0
DA:150,0
DA:152,0
DA:170,0
DA:176,0
DA:178,0
DA:179,0
DA:180,0
DA:181,0
DA:187,0
DA:188,0
DA:189,0
DA:195,0
DA:197,0
DA:205,0
DA:210,0
DA:217,0
DA:223,0
DA:224,0
DA:226,0
DA:229,0
DA:230,0
DA:231,0
DA:233,0
DA:236,0
LF:62
LH:4
BRDA:26,0,0,0
BRDA:29,1,0,0
BRDA:29,1,1,0
BRDA:47,2,0,0
BRDA:51,3,0,0
BRDA:51,3,1,0
BRDA:51,4,0,0
BRDA:51,4,1,0
BRDA:53,5,0,0
BRDA:100,6,0,0
BRDA:100,6,1,0
BRDA:112,7,0,0
BRDA:112,7,1,0
BRDA:114,8,0,0
BRDA:114,8,1,0
BRDA:116,9,0,0
BRDA:116,9,1,0
BRDA:118,10,0,0
BRDA:141,11,0,0
BRDA:141,11,1,0
BRDA:154,12,0,0
BRDA:154,12,1,0
BRDA:180,13,0,0
BRDA:180,14,0,0
BRDA:180,14,1,0
BRDA:188,15,0,0
BRDA:188,15,1,0
BRDA:188,16,0,0
BRDA:188,16,1,0
BRDA:190,17,0,0
BRDA:190,17,1,0
BRDA:191,18,0,0
BRDA:191,18,1,0
BRDA:195,19,0,0
BRDA:195,19,1,0
BRDA:195,20,0,0
BRDA:195,20,1,0
BRDA:201,21,0,0
BRDA:201,21,1,0
BRDA:221,22,0,0
BRDA:229,23,0,0
BRDA:229,23,1,0
BRF:42
BRH:0
end_of_record
TN:
SF:src/lib/agent-utils/parseTelemetry.ts
FN:6,recordTelemetry
FN:16,getTelemetry
FN:20,resetTelemetry
FNF:3
FNH:0
FNDA:0,recordTelemetry
FNDA:0,getTelemetry
FNDA:0,resetTelemetry
DA:3,0
DA:4,0
DA:6,0
DA:7,0
DA:8,0
DA:9,0
DA:10,0
DA:12,0
DA:16,0
DA:17,0
DA:20,0
DA:21,0
DA:22,0
LF:13
LH:0
BRDA:8,0,0,0
BRDA:8,0,1,0
BRDA:9,1,0,0
BRDA:10,2,0,0
BRDA:10,2,1,0
BRDA:12,3,0,0
BRF:6
BRH:0
end_of_record
TN:
SF:src/lib/agent-utils/ruleBasedEvaluation.ts
FN:26,computeRuleBasedResults
FNF:1
FNH:0
FNDA:0,computeRuleBasedResults
DA:26,0
DA:30,0
DA:32,0
DA:33,0
DA:34,0
DA:36,0
DA:38,0
DA:46,0
LF:8
LH:0
BRF:0
BRH:0
end_of_record
TN:
SF:src/lib/agent-utils/enhancementConfigs/clarityPurposeEnhancement.ts
FN:22,(anonymous_4)
FN:26,(anonymous_5)
FN:30,(anonymous_6)
FN:39,(anonymous_7)
FN:67,(anonymous_8)
FN:90,(anonymous_9)
FN:119,(anonymous_10)
FN:147,(anonymous_11)
FN:150,(anonymous_12)
FN:158,(anonymous_13)
FN:166,(anonymous_14)
FN:174,(anonymous_15)
FNF:12
FNH:1
FNDA:0,(anonymous_4)
FNDA:0,(anonymous_5)
FNDA:0,(anonymous_6)
FNDA:0,(anonymous_7)
FNDA:0,(anonymous_8)
FNDA:0,(anonymous_9)
FNDA:0,(anonymous_10)
FNDA:36,(anonymous_11)
FNDA:0,(anonymous_12)
FNDA:0,(anonymous_13)
FNDA:0,(anonymous_14)
FNDA:0,(anonymous_15)
DA:10,9
DA:11,9
DA:19,9
DA:22,0
DA:26,0
DA:31,0
DA:32,0
DA:33,0
DA:34,0
DA:40,0
DA:41,0
DA:42,0
DA:52,9
DA:62,9
DA:69,0
DA:70,0
DA:71,0
DA:72,0
DA:73,0
DA:74,0
DA:75,0
DA:76,0
DA:78,0
DA:85,9
DA:92,0
DA:93,0
DA:94,0
DA:95,0
DA:96,0
DA:98,0
DA:100,0
DA:101,0
DA:102,0
DA:103,0
DA:104,0
DA:105,0
DA:107,0
DA:114,9
DA:121,0
DA:122,0
DA:123,0
DA:124,0
DA:125,0
DA:126,0
DA:128,0
DA:129,0
DA:130,0
DA:131,0
DA:132,0
DA:133,0
DA:135,0
DA:136,0
DA:138,0
DA:147,36
DA:150,0
DA:158,0
DA:166,0
DA:174,0
DA:187,9
LF:59
LH:9
BRDA:22,0,0,0
BRDA:22,0,1,0
BRDA:22,1,0,0
BRDA:22,1,1,0
BRDA:26,2,0,0
BRDA:26,2,1,0
BRDA:34,3,0,0
BRDA:34,3,1,0
BRDA:34,3,2,0
BRDA:40,4,0,0
BRDA:40,4,1,0
BRDA:41,5,0,0
BRDA:41,5,1,0
BRDA:42,6,0,0
BRDA:42,6,1,0
BRDA:69,7,0,0
BRDA:69,7,1,0
BRDA:70,8,0,0
BRDA:70,8,1,0
BRDA:71,9,0,0
BRDA:71,9,1,0
BRDA:72,10,0,0
BRDA:72,10,1,0
BRDA:73,11,0,0
BRDA:73,11,1,0
BRDA:74,12,0,0
BRDA:74,12,1,0
BRDA:75,13,0,0
BRDA:92,14,0,0
BRDA:92,14,1,0
BRDA:93,15,0,0
BRDA:93,15,1,0
BRDA:95,16,0,0
BRDA:95,16,1,0
BRDA:100,17,0,0
BRDA:100,17,1,0
BRDA:101,18,0,0
BRDA:101,18,1,0
BRDA:102,19,0,0
BRDA:102,19,1,0
BRDA:103,20,0,0
BRDA:103,20,1,0
BRDA:104,21,0,0
BRDA:121,22,0,0
BRDA:121,22,1,0
BRDA:122,23,0,0
BRDA:122,23,1,0
BRDA:123,24,0,0
BRDA:123,24,1,0
BRDA:125,25,0,0
BRDA:128,26,0,0
BRDA:128,26,1,0
BRDA:129,27,0,0
BRDA:129,27,1,0
BRDA:130,28,0,0
BRDA:130,28,1,0
BRDA:132,29,0,0
BRDA:135,30,0,0
BRF:58
BRH:0
end_of_record
TN:
SF:src/lib/agent-utils/enhancementConfigs/contextContentEnhancement.ts
FN:13,(anonymous_4)
FN:29,(anonymous_5)
FN:41,(anonymous_6)
FN:60,(anonymous_7)
FN:70,(anonymous_8)
FN:71,(anonymous_9)
FN:76,(anonymous_10)
FNF:7
FNH:1
FNDA:0,(anonymous_4)
FNDA:0,(anonymous_5)
FNDA:0,(anonymous_6)
FNDA:0,(anonymous_7)
FNDA:18,(anonymous_8)
FNDA:0,(anonymous_9)
FNDA:0,(anonymous_10)
DA:4,9
DA:5,9
DA:6,9
DA:12,9
DA:15,0
DA:17,0
DA:18,0
DA:20,0
DA:21,0
DA:22,0
DA:27,0
DA:31,0
DA:36,9
DA:43,0
DA:44,0
DA:45,0
DA:46,0
DA:48,0
DA:49,0
DA:50,0
DA:51,0
DA:55,9
DA:62,0
DA:63,0
DA:64,0
DA:65,0
DA:66,0
DA:70,18
DA:71,0
DA:76,0
DA:81,9
LF:31
LH:8
BRDA:15,0,0,0
BRDA:17,1,0,0
BRDA:17,1,1,0
BRDA:18,2,0,0
BRDA:18,3,0,0
BRDA:18,3,1,0
BRDA:18,4,0,0
BRDA:18,4,1,0
BRDA:21,5,0,0
BRDA:21,5,1,0
BRDA:22,6,0,0
BRDA:22,7,0,0
BRDA:22,7,1,0
BRDA:31,8,0,0
BRDA:31,8,1,0
BRDA:31,9,0,0
BRDA:31,9,1,0
BRDA:43,10,0,0
BRDA:43,10,1,0
BRDA:44,11,0,0
BRDA:45,12,0,0
BRDA:46,13,0,0
BRDA:48,14,0,0
BRDA:49,15,0,0
BRDA:50,16,0,0
BRDA:62,17,0,0
BRDA:62,17,1,0
BRDA:63,18,0,0
BRDA:63,19,0,0
BRDA:63,19,1,0
BRDA:64,20,0,0
BRDA:64,21,0,0
BRDA:64,21,1,0
BRDA:65,22,0,0
BRDA:65,23,0,0
BRDA:65,23,1,0
BRF:36
BRH:0
end_of_record
TN:
SF:src/lib/agent-utils/enhancementConfigs/instructionsStructureEnhancement.ts
FN:20,(anonymous_4)
FN:33,(anonymous_5)
FN:37,(anonymous_6)
FN:47,(anonymous_7)
FN:69,(anonymous_8)
FN:94,(anonymous_9)
FN:117,(anonymous_10)
FN:143,(anonymous_11)
FN:161,(anonymous_12)
FN:164,(anonymous_13)
FN:173,(anonymous_14)
FN:182,(anonymous_15)
FN:191,(anonymous_16)
FNF:13
FNH:1
FNDA:0,(anonymous_4)
FNDA:0,(anonymous_5)
FNDA:0,(anonymous_6)
FNDA:0,(anonymous_7)
FNDA:0,(anonymous_8)
FNDA:0,(anonymous_9)
FNDA:0,(anonymous_10)
FNDA:0,(anonymous_11)
FNDA:44,(anonymous_12)
FNDA:0,(anonymous_13)
FNDA:0,(anonymous_14)
FNDA:0,(anonymous_15)
FNDA:0,(anonymous_16)
DA:9,11
DA:10,11
DA:17,11
DA:21,0
DA:22,0
DA:23,0
DA:24,0
DA:26,0
DA:33,0
DA:38,0
DA:39,0
DA:40,0
DA:42,0
DA:48,0
DA:49,0
DA:50,0
DA:52,0
DA:64,11
DA:70,0
DA:74,0
DA:75,0
DA:76,0
DA:77,0
DA:78,0
DA:79,0
DA:80,0
DA:82,0
DA:89,11
DA:95,0
DA:96,0
DA:97,0
DA:98,0
DA:99,0
DA:100,0
DA:101,0
DA:102,0
DA:103,0
DA:105,0
DA:112,11
DA:118,0
DA:119,0
DA:120,0
DA:121,0
DA:122,0
DA:123,0
DA:124,0
DA:128,0
DA:129,0
DA:131,0
DA:138,11
DA:144,0
DA:145,0
DA:146,0
DA:147,0
DA:148,0
DA:149,0
DA:150,0
DA:151,0
DA:152,0
DA:154,0
DA:161,44
DA:164,0
DA:173,0
DA:182,0
DA:191,0
DA:204,11
LF:66
LH:9
BRDA:22,0,0,0
BRDA:22,0,1,0
BRDA:23,1,0,0
BRDA:23,1,1,0
BRDA:24,2,0,0
BRDA:24,2,1,0
BRDA:26,3,0,0
BRDA:26,3,1,0
BRDA:26,3,2,0
BRDA:26,3,3,0
BRDA:26,3,4,0
BRDA:33,4,0,0
BRDA:33,4,1,0
BRDA:38,5,0,0
BRDA:38,5,1,0
BRDA:39,6,0,0
BRDA:39,6,1,0
BRDA:40,7,0,0
BRDA:40,7,1,0
BRDA:42,8,0,0
BRDA:42,8,1,0
BRDA:42,8,2,0
BRDA:48,9,0,0
BRDA:48,9,1,0
BRDA:49,10,0,0
BRDA:49,10,1,0
BRDA:52,11,0,0
BRDA:52,11,1,0
BRDA:52,11,2,0
BRDA:52,11,3,0
BRDA:52,11,4,0
BRDA:74,12,0,0
BRDA:74,12,1,0
BRDA:75,13,0,0
BRDA:75,13,1,0
BRDA:77,14,0,0
BRDA:77,14,1,0
BRDA:79,15,0,0
BRDA:96,16,0,0
BRDA:96,16,1,0
BRDA:98,17,0,0
BRDA:98,17,1,0
BRDA:100,18,0,0
BRDA:100,18,1,0
BRDA:102,19,0,0
BRDA:119,20,0,0
BRDA:119,20,1,0
BRDA:121,21,0,0
BRDA:121,21,1,0
BRDA:123,22,0,0
BRDA:128,23,0,0
BRDA:145,24,0,0
BRDA:145,24,1,0
BRDA:147,25,0,0
BRDA:147,25,1,0
BRDA:149,26,0,0
BRDA:149,26,1,0
BRDA:151,27,0,0
BRF:58
BRH:0
end_of_record
TN:
SF:src/lib/agent-utils/enhancementConfigs/safetyEthicsEnhancement.ts
FN:24,(anonymous_3)
FN:40,(anonymous_4)
FN:61,(anonymous_5)
FN:85,(anonymous_6)
FN:127,(anonymous_7)
FN:169,(anonymous_8)
FN:208,(anonymous_9)
FN:211,(anonymous_10)
FN:225,(anonymous_11)
FN:239,(anonymous_12)
FNF:10
FNH:1
FNDA:0,(anonymous_3)
FNDA:0,(anonymous_4)
FNDA:0,(anonymous_5)
FNDA:0,(anonymous_6)
FNDA:0,(anonymous_7)
FNDA:0,(anonymous_8)
FNDA:18,(anonymous_9)
FNDA:0,(anonymous_10)
FNDA:0,(anonymous_11)
FNDA:0,(anonymous_12)
DA:10,6
DA:11,6
DA:21,6
DA:29,0
DA:30,0
DA:31,0
DA:32,0
DA:34,0
DA:45,0
DA:48,0
DA:49,0
DA:50,0
DA:55,0
DA:66,0
DA:67,0
DA:68,0
DA:70,0
DA:80,6
DA:86,0
DA:89,0
DA:90,0
DA:91,0
DA:92,0
DA:93,0
DA:94,0
DA:95,0
DA:97,0
DA:99,0
DA:100,0
DA:101,0
DA:102,0
DA:103,0
DA:104,0
DA:108,0
DA:109,0
DA:110,0
DA:111,0
DA:112,0
DA:113,0
DA:122,6
DA:128,0
DA:131,0
DA:132,0
DA:133,0
DA:134,0
DA:135,0
DA:136,0
DA:137,0
DA:139,0
DA:141,0
DA:142,0
DA:143,0
DA:144,0
DA:145,0
DA:146,0
DA:150,0
DA:151,0
DA:152,0
DA:153,0
DA:154,0
DA:155,0
DA:164,6
DA:170,0
DA:173,0
DA:174,0
DA:175,0
DA:176,0
DA:177,0
DA:178,0
DA:179,0
DA:181,0
DA:183,0
DA:184,0
DA:185,0
DA:186,0
DA:187,0
DA:188,0
DA:192,0
DA:193,0
DA:194,0
DA:195,0
DA:196,0
DA:197,0
DA:208,18
DA:211,0
DA:225,0
DA:239,0
DA:256,6
LF:88
LH:8
BRDA:29,0,0,0
BRDA:29,0,1,0
BRDA:32,1,0,0
BRDA:32,1,1,0
BRDA:32,2,0,0
BRDA:32,2,1,0
BRDA:34,3,0,0
BRDA:34,3,1,0
BRDA:34,3,2,0
BRDA:34,3,3,0
BRDA:45,4,0,0
BRDA:45,4,1,0
BRDA:45,4,2,0
BRDA:45,5,0,0
BRDA:45,5,1,0
BRDA:46,6,0,0
BRDA:46,6,1,0
BRDA:47,7,0,0
BRDA:47,7,1,0
BRDA:49,8,0,0
BRDA:49,8,1,0
BRDA:49,9,0,0
BRDA:49,9,1,0
BRDA:50,10,0,0
BRDA:50,10,1,0
BRDA:51,11,0,0
BRDA:51,11,1,0
BRDA:52,12,0,0
BRDA:52,12,1,0
BRDA:53,13,0,0
BRDA:53,13,1,0
BRDA:55,14,0,0
BRDA:55,14,1,0
BRDA:55,14,2,0
BRDA:55,14,3,0
BRDA:70,15,0,0
BRDA:70,15,1,0
BRDA:70,15,2,0
BRDA:86,16,0,0
BRDA:89,17,0,0
BRDA:89,17,1,0
BRDA:90,18,0,0
BRDA:90,18,1,0
BRDA:90,18,2,0
BRDA:90,18,3,0
BRDA:90,18,4,0
BRDA:97,19,0,0
BRDA:97,19,1,0
BRDA:99,20,0,0
BRDA:99,20,1,0
BRDA:99,20,2,0
BRDA:99,20,3,0
BRDA:99,20,4,0
BRDA:108,21,0,0
BRDA:108,21,1,0
BRDA:108,21,2,0
BRDA:108,21,3,0
BRDA:108,21,4,0
BRDA:128,22,0,0
BRDA:131,23,0,0
BRDA:131,23,1,0
BRDA:132,24,0,0
BRDA:132,24,1,0
BRDA:132,24,2,0
BRDA:132,24,3,0
BRDA:132,24,4,0
BRDA:139,25,0,0
BRDA:139,25,1,0
BRDA:141,26,0,0
BRDA:141,26,1,0
BRDA:141,26,2,0
BRDA:141,26,3,0
BRDA:141,26,4,0
BRDA:150,27,0,0
BRDA:150,27,1,0
BRDA:150,27,2,0
BRDA:150,27,3,0
BRDA:150,27,4,0
BRDA:170,28,0,0
BRDA:173,29,0,0
BRDA:173,29,1,0
BRDA:174,30,0,0
BRDA:174,30,1,0
BRDA:174,30,2,0
BRDA:174,30,3,0
BRDA:174,30,4,0
BRDA:181,31,0,0
BRDA:181,31,1,0
BRDA:183,32,0,0
BRDA:183,32,1,0
BRDA:183,32,2,0
BRDA:183,32,3,0
BRDA:183,32,4,0
BRDA:192,33,0,0
BRDA:192,33,1,0
BRDA:192,33,2,0
BRDA:192,33,3,0
BRDA:192,33,4,0
BRF:98
BRH:0
end_of_record
TN:
SF:src/lib/agent-utils/patterns/constraintCompatibility.ts
FN:91,analyzeConstraintCompatibility
FN:143,(anonymous_2)
FN:151,detectQualitativeConflicts
FN:160,(anonymous_4)
FN:161,(anonymous_5)
FN:169,(anonymous_6)
FN:175,(anonymous_7)
FN:190,detectNumericQualitativeConflicts
FN:198,(anonymous_9)
FN:208,(anonymous_10)
FN:239,detectNumericConflicts
FN:260,(anonymous_12)
FN:260,(anonymous_13)
FNF:13
FNH:0
FNDA:0,analyzeConstraintCompatibility
FNDA:0,(anonymous_2)
FNDA:0,detectQualitativeConflicts
FNDA:0,(anonymous_4)
FNDA:0,(anonymous_5)
FNDA:0,(anonymous_6)
FNDA:0,(anonymous_7)
FNDA:0,detectNumericQualitativeConflicts
FNDA:0,(anonymous_9)
FNDA:0,(anonymous_10)
FNDA:0,detectNumericConflicts
FNDA:0,(anonymous_12)
FNDA:0,(anonymous_13)
DA:9,5
DA:29,5
DA:91,0
DA:96,0
DA:103,0
DA:106,0
DA:107,0
DA:112,0
DA:113,0
DA:114,0
DA:117,0
DA:119,0
DA:120,0
DA:127,0
DA:128,0
DA:129,0
DA:138,0
DA:139,0
DA:140,0
DA:143,0
DA:145,0
DA:154,0
DA:156,0
DA:159,0
DA:160,0
DA:161,0
DA:164,0
DA:165,0
DA:166,0
DA:167,0
DA:169,0
DA:171,0
DA:172,0
DA:176,0
DA:184,0
DA:194,0
DA:196,0
DA:197,0
DA:198,0
DA:200,0
DA:202,0
DA:203,0
DA:204,0
DA:206,0
DA:208,0
DA:209,0
DA:211,0
DA:212,0
DA:214,0
DA:215,0
DA:216,0
DA:217,0
DA:218,0
DA:219,0
DA:222,0
DA:223,0
DA:233,0
DA:242,0
DA:244,0
DA:247,0
DA:249,0
DA:250,0
DA:251,0
DA:252,0
DA:254,0
DA:258,0
DA:259,0
DA:260,0
DA:262,0
DA:263,0
DA:264,0
DA:266,0
DA:267,0
DA:278,0
LF:74
LH:2
BRDA:106,0,0,0
BRDA:112,1,0,0
BRDA:113,2,0,0
BRDA:127,3,0,0
BRDA:156,4,0,0
BRDA:171,5,0,0
BRDA:176,6,0,0
BRDA:176,6,1,0
BRDA:200,7,0,0
BRDA:206,8,0,0
BRDA:209,9,0,0
BRDA:214,10,0,0
BRDA:214,10,1,0
BRDA:214,11,0,0
BRDA:214,11,1,0
BRDA:217,12,0,0
BRDA:217,13,0,0
BRDA:217,13,1,0
BRDA:222,14,0,0
BRDA:244,15,0,0
BRDA:251,16,0,0
BRDA:259,17,0,0
BRDA:262,18,0,0
BRDA:266,19,0,0
BRF:24
BRH:0
end_of_record
TN:
SF:src/lib/agent-utils/patterns/creation.ts
FN:14,createPatternInfo
FN:35,createLowSeverityPattern
FN:48,createMediumSeverityPattern
FN:61,createHighSeverityPattern
FNF:4
FNH:0
FNDA:0,createPatternInfo
FNDA:0,createLowSeverityPattern
FNDA:0,createMediumSeverityPattern
FNDA:0,createHighSeverityPattern
DA:8,16
DA:14,0
DA:22,0
DA:35,0
DA:42,0
DA:48,0
DA:55,0
DA:61,0
DA:68,0
LF:9
LH:1
BRF:0
BRH:0
end_of_record
TN:
SF:src/lib/agent-utils/patterns/extractPatternMetadata.ts
FN:16,extractPatternMetadata
FN:42,extractMetadataByType
FN:73,isPatternMetadataOfType
FNF:3
FNH:0
FNDA:0,extractPatternMetadata
FNDA:0,extractMetadataByType
FNDA:0,isPatternMetadataOfType
DA:16,0
DA:27,0
DA:28,0
DA:29,0
DA:30,0
DA:34,0
DA:35,0
DA:36,0
DA:39,0
DA:49,0
DA:54,0
DA:56,0
DA:58,0
DA:60,0
DA:62,0
DA:64,0
DA:73,0
DA:77,0
LF:18
LH:0
BRDA:28,0,0,0
BRDA:28,1,0,0
BRDA:28,1,1,0
BRDA:28,1,2,0
BRDA:34,2,0,0
BRDA:34,3,0,0
BRDA:34,3,1,0
BRDA:49,4,0,0
BRDA:49,4,1,0
BRDA:49,4,2,0
BRDA:49,4,3,0
BRDA:49,4,4,0
BRDA:49,4,5,0
BRDA:49,4,6,0
BRDA:49,4,7,0
BRDA:77,5,0,0
BRDA:77,5,1,0
BRDA:77,5,2,0
BRDA:77,5,3,0
BRF:19
BRH:0
end_of_record
TN:
SF:src/lib/agent-utils/patterns/organization.ts
FN:15,groupPatternsBySource
FN:16,(anonymous_5)
FN:31,sortPatternsBySeverityAndPosition
FN:32,(anonymous_7)
FN:45,getPatternSummary
FN:48,(anonymous_9)
FNF:6
FNH:0
FNDA:0,groupPatternsBySource
FNDA:0,(anonymous_5)
FNDA:0,sortPatternsBySeverityAndPosition
FNDA:0,(anonymous_7)
FNDA:0,getPatternSummary
FNDA:0,(anonymous_9)
DA:9,16
DA:10,16
DA:15,0
DA:16,0
DA:17,0
DA:20,0
DA:21,0
DA:23,0
DA:24,0
DA:31,0
DA:32,0
DA:34,0
DA:35,0
DA:38,0
DA:45,0
DA:46,0
DA:47,0
DA:48,0
DA:50,0
LF:19
LH:2
BRDA:17,0,0,0
BRDA:17,0,1,0
BRDA:20,1,0,0
BRDA:35,2,0,0
BRF:4
BRH:0
end_of_record
TN:
SF:src/lib/agent-utils/patterns/personaStepDetection.ts
FN:5,detectPersonaStepMarker
FN:6,(anonymous_2)
FNF:2
FNH:0
FNDA:0,detectPersonaStepMarker
FNDA:0,(anonymous_2)
DA:5,0
DA:6,0
DA:7,0
DA:8,0
DA:9,0
LF:5
LH:0
BRDA:7,0,0,0
BRDA:8,1,0,0
BRDA:8,2,0,0
BRDA:8,2,1,0
BRDA:8,2,2,0
BRDA:8,3,0,0
BRDA:8,3,1,0
BRF:7
BRH:0
end_of_record
TN:
SF:src/lib/agent-utils/patterns/stepAnalysis.ts
FN:56,analyzeStepContent
FN:71,(anonymous_2)
FN:72,(anonymous_3)
FNF:3
FNH:0
FNDA:0,analyzeStepContent
FNDA:0,(anonymous_2)
FNDA:0,(anonymous_3)
DA:9,5
DA:28,5
DA:56,0
DA:64,0
DA:65,0
DA:66,0
DA:68,0
DA:69,0
DA:71,0
DA:72,0
DA:74,0
DA:75,0
DA:76,0
DA:77,0
DA:79,0
DA:83,0
DA:84,0
DA:88,0
DA:89,0
DA:92,0
DA:94,0
LF:21
LH:2
BRDA:69,0,0,0
BRDA:69,0,1,0
BRDA:69,1,0,0
BRDA:69,1,1,0
BRDA:74,2,0,0
BRDA:74,2,1,0
BRDA:76,3,0,0
BRDA:76,3,1,0
BRDA:88,4,0,0
BRDA:88,4,1,0
BRF:10
BRH:0
end_of_record
TN:
SF:src/lib/agent-utils/patterns/toneStylePatterns.ts
FNF:0
FNH:0
DA:4,0
LF:1
LH:0
BRF:0
BRH:0
end_of_record
TN:
SF:src/lib/agent-utils/patterns/validation.ts
FN:14,validatePattern
FN:36,sanitizePatterns
FN:37,(anonymous_5)
FNF:3
FNH:0
FNDA:0,validatePattern
FNDA:0,sanitizePatterns
FNDA:0,(anonymous_5)
DA:9,16
DA:14,0
DA:16,0
DA:17,0
DA:20,0
DA:36,0
DA:37,0
DA:38,0
DA:39,0
DA:40,0
DA:42,0
LF:11
LH:1
BRDA:16,0,0,0
BRDA:16,1,0,0
BRDA:16,1,1,0
BRDA:21,2,0,0
BRDA:21,2,1,0
BRDA:21,2,2,0
BRDA:21,2,3,0
BRDA:21,2,4,0
BRDA:21,2,5,0
BRDA:21,2,6,0
BRDA:21,2,7,0
BRDA:21,2,8,0
BRDA:39,3,0,0
BRF:13
BRH:0
end_of_record
TN:
SF:src/lib/agent-utils/scoring/normalization.ts
FN:14,normalizeScore
FN:27,applySaturation
FN:31,(anonymous_9)
FN:40,(anonymous_10)
FN:47,classifyByThreshold
FN:67,calculateConfidenceInterval
FN:96,combineWeightedScores
FN:104,(anonymous_14)
FN:110,(anonymous_15)
FN:118,(anonymous_16)
FN:128,getThresholdBoundaries
FNF:11
FNH:0
FNDA:0,normalizeScore
FNDA:0,applySaturation
FNDA:0,(anonymous_9)
FNDA:0,(anonymous_10)
FNDA:0,classifyByThreshold
FNDA:0,calculateConfidenceInterval
FNDA:0,combineWeightedScores
FNDA:0,(anonymous_14)
FNDA:0,(anonymous_15)
FNDA:0,(anonymous_16)
FNDA:0,getThresholdBoundaries
DA:8,18
DA:9,18
DA:14,0
DA:15,0
DA:16,0
DA:19,0
DA:20,0
DA:27,0
DA:28,0
DA:31,0
DA:32,0
DA:33,0
DA:36,0
DA:37,0
DA:40,0
DA:41,0
DA:47,0
DA:48,0
DA:49,0
DA:52,0
DA:53,0
DA:54,0
DA:55,0
DA:56,0
DA:57,0
DA:59,0
DA:67,0
DA:72,0
DA:73,0
DA:78,0
DA:83,0
DA:85,0
DA:96,0
DA:99,0
DA:100,0
DA:104,0
DA:105,0
DA:106,0
DA:110,0
DA:111,0
DA:114,0
DA:116,0
DA:118,0
DA:128,0
DA:129,0
DA:131,0
DA:133,0
DA:135,0
DA:137,0
DA:139,0
LF:50
LH:2
BRDA:15,0,0,0
BRDA:28,1,0,0
BRDA:31,2,0,0
BRDA:31,2,1,0
BRDA:32,3,0,0
BRDA:36,4,0,0
BRDA:37,5,0,0
BRDA:48,6,0,0
BRDA:48,7,0,0
BRDA:48,7,1,0
BRDA:52,8,0,0
BRDA:52,8,1,0
BRDA:54,9,0,0
BRDA:54,9,1,0
BRDA:56,10,0,0
BRDA:56,10,1,0
BRDA:69,11,0,0
BRDA:70,12,0,0
BRDA:72,13,0,0
BRDA:72,14,0,0
BRDA:72,14,1,0
BRDA:78,15,0,0
BRDA:78,15,1,0
BRDA:79,16,0,0
BRDA:79,16,1,0
BRDA:80,17,0,0
BRDA:80,17,1,0
BRDA:99,18,0,0
BRDA:105,19,0,0
BRDA:129,20,0,0
BRDA:129,20,1,0
BRDA:129,20,2,0
BRDA:129,20,3,0
BRDA:129,20,4,0
BRF:34
BRH:0
end_of_record
TN:
SF:src/lib/agent-utils/scoring/riskAssessment.ts
FN:16,getHighestRiskLevel
FN:19,(anonymous_8)
FN:30,compareRiskLevels
FN:42,isRiskLevelAtLeast
FN:52,getBiasRiskLevel
FN:56,(anonymous_12)
FN:58,(anonymous_13)
FN:60,(anonymous_14)
FN:72,getMaliciousIntentRiskLevel
FN:76,(anonymous_16)
FN:80,(anonymous_17)
FN:84,(anonymous_18)
FN:95,(anonymous_19)
FNF:13
FNH:0
FNDA:0,getHighestRiskLevel
FNDA:0,(anonymous_8)
FNDA:0,compareRiskLevels
FNDA:0,isRiskLevelAtLeast
FNDA:0,getBiasRiskLevel
FNDA:0,(anonymous_12)
FNDA:0,(anonymous_13)
FNDA:0,(anonymous_14)
FNDA:0,getMaliciousIntentRiskLevel
FNDA:0,(anonymous_16)
FNDA:0,(anonymous_17)
FNDA:0,(anonymous_18)
FNDA:0,(anonymous_19)
DA:8,18
DA:10,18
DA:16,0
DA:17,0
DA:19,0
DA:20,0
DA:30,0
DA:31,0
DA:32,0
DA:34,0
DA:35,0
DA:36,0
DA:42,0
DA:43,0
DA:52,0
DA:53,0
DA:56,0
DA:57,0
DA:58,0
DA:59,0
DA:60,0
DA:61,0
DA:63,0
DA:72,0
DA:73,0
DA:76,0
DA:77,0
DA:80,0
DA:81,0
DA:84,0
DA:85,0
DA:87,0
DA:95,18
DA:96,0
DA:97,0
DA:98,0
DA:99,0
DA:100,0
LF:38
LH:3
BRDA:17,0,0,0
BRDA:20,1,0,0
BRDA:20,1,1,0
BRDA:34,2,0,0
BRDA:35,3,0,0
BRDA:53,4,0,0
BRDA:56,5,0,0
BRDA:56,5,1,0
BRDA:58,6,0,0
BRDA:58,6,1,0
BRDA:60,7,0,0
BRDA:60,7,1,0
BRDA:73,8,0,0
BRDA:77,9,0,0
BRDA:81,10,0,0
BRDA:85,11,0,0
BRDA:96,12,0,0
BRDA:96,12,1,0
BRDA:96,12,2,0
BRDA:96,12,3,0
BRF:20
BRH:0
end_of_record
TN:
SF:src/lib/agent-utils/scoring/scoreUtils.ts
FN:5,(anonymous_10)
FN:33,(anonymous_11)
FN:34,(anonymous_12)
FN:37,(anonymous_13)
FN:52,(anonymous_14)
FN:56,clampHybridScore
FN:60,(anonymous_16)
FN:68,(anonymous_17)
FN:76,(anonymous_18)
FN:95,(anonymous_19)
FN:118,(anonymous_20)
FNF:11
FNH:0
FNDA:0,(anonymous_10)
FNDA:0,(anonymous_11)
FNDA:0,(anonymous_12)
FNDA:0,(anonymous_13)
FNDA:0,(anonymous_14)
FNDA:0,clampHybridScore
FNDA:0,(anonymous_16)
FNDA:0,(anonymous_17)
FNDA:0,(anonymous_18)
FNDA:0,(anonymous_19)
FNDA:0,(anonymous_20)
DA:5,17
DA:6,0
DA:7,0
DA:10,0
DA:11,0
DA:13,0
DA:15,0
DA:16,0
DA:18,0
DA:19,0
DA:20,0
DA:24,0
DA:25,0
DA:28,0
DA:30,0
DA:33,17
DA:34,0
DA:35,0
DA:37,0
DA:39,0
DA:41,0
DA:49,17
DA:50,17
DA:52,17
DA:53,0
DA:56,0
DA:57,0
DA:60,17
DA:61,0
DA:62,0
DA:63,0
DA:65,0
DA:68,17
DA:69,0
DA:70,0
DA:71,0
DA:73,0
DA:76,17
DA:82,0
DA:83,0
DA:87,0
DA:88,0
DA:89,0
DA:91,0
DA:95,17
DA:100,0
DA:101,0
DA:104,0
DA:105,0
DA:106,0
DA:109,0
DA:118,17
DA:119,0
DA:120,0
DA:122,0
DA:123,0
DA:125,0
DA:126,0
DA:128,0
DA:129,0
DA:131,0
LF:61
LH:10
BRDA:6,0,0,0
BRDA:6,1,0,0
BRDA:6,1,1,0
BRDA:15,2,0,0
BRDA:15,2,1,0
BRDA:15,3,0,0
BRDA:15,3,1,0
BRDA:16,4,0,0
BRDA:16,4,1,0
BRDA:16,5,0,0
BRDA:16,5,1,0
BRDA:18,6,0,0
BRDA:24,7,0,0
BRDA:35,8,0,0
BRDA:35,8,1,0
BRDA:35,9,0,0
BRDA:35,9,1,0
BRDA:37,10,0,0
BRDA:37,10,1,0
BRDA:39,11,0,0
BRDA:52,12,0,0
BRDA:52,13,0,0
BRDA:62,14,0,0
BRDA:70,15,0,0
BRDA:80,16,0,0
BRDA:83,17,0,0
BRDA:83,17,1,0
BRDA:85,18,0,0
BRDA:85,18,1,0
BRDA:87,19,0,0
BRDA:98,20,0,0
BRDA:100,21,0,0
BRDA:100,22,0,0
BRDA:100,22,1,0
BRDA:105,23,0,0
BRDA:105,24,0,0
BRDA:105,24,1,0
BRDA:119,25,0,0
BRDA:122,26,0,0
BRDA:125,27,0,0
BRDA:128,28,0,0
BRF:41
BRH:0
end_of_record
TN:
SF:src/lib/agent-utils/scoring/severityManagement.ts
FN:15,getHighestSeverity
FN:18,(anonymous_7)
FN:28,countBySeverity
FN:29,(anonymous_9)
FN:44,filterBySeverity
FN:49,(anonymous_11)
FN:55,hasPatternAtSeverity
FN:57,(anonymous_13)
FN:64,severityCountsToScore
FN:73,(anonymous_15)
FN:77,(anonymous_16)
FNF:11
FNH:0
FNDA:0,getHighestSeverity
FNDA:0,(anonymous_7)
FNDA:0,countBySeverity
FNDA:0,(anonymous_9)
FNDA:0,filterBySeverity
FNDA:0,(anonymous_11)
FNDA:0,hasPatternAtSeverity
FNDA:0,(anonymous_13)
FNDA:0,severityCountsToScore
FNDA:0,(anonymous_15)
FNDA:0,(anonymous_16)
DA:8,25
DA:10,25
DA:15,0
DA:16,0
DA:18,0
DA:19,0
DA:28,0
DA:29,0
DA:30,0
DA:31,0
DA:44,0
DA:48,0
DA:49,0
DA:55,0
DA:56,0
DA:57,0
DA:64,0
DA:65,0
DA:73,0
DA:74,0
DA:77,0
DA:78,0
DA:79,0
DA:83,0
DA:86,0
DA:88,0
LF:26
LH:2
BRDA:16,0,0,0
BRDA:19,1,0,0
BRDA:19,1,1,0
BRDA:74,2,0,0
BRF:4
BRH:0
end_of_record
TN:
SF:src/lib/agents/AgentManager.ts
FN:54,(anonymous_1)
FN:66,(anonymous_2)
FN:75,(anonymous_3)
FN:134,(anonymous_4)
FN:165,(anonymous_5)
FN:170,(anonymous_6)
FN:182,(anonymous_7)
FN:223,(anonymous_8)
FN:225,(anonymous_9)
FN:226,(anonymous_10)
FN:264,(anonymous_11)
FN:271,(anonymous_12)
FN:272,(anonymous_13)
FN:273,(anonymous_14)
FN:281,(anonymous_15)
FN:284,(anonymous_16)
FN:285,(anonymous_17)
FN:288,(anonymous_18)
FN:301,(anonymous_19)
FN:356,(anonymous_20)
FN:357,(anonymous_21)
FN:368,(anonymous_22)
FN:380,(anonymous_23)
FN:394,(anonymous_24)
FN:404,(anonymous_25)
FNF:25
FNH:0
FNDA:0,(anonymous_1)
FNDA:0,(anonymous_2)
FNDA:0,(anonymous_3)
FNDA:0,(anonymous_4)
FNDA:0,(anonymous_5)
FNDA:0,(anonymous_6)
FNDA:0,(anonymous_7)
FNDA:0,(anonymous_8)
FNDA:0,(anonymous_9)
FNDA:0,(anonymous_10)
FNDA:0,(anonymous_11)
FNDA:0,(anonymous_12)
FNDA:0,(anonymous_13)
FNDA:0,(anonymous_14)
FNDA:0,(anonymous_15)
FNDA:0,(anonymous_16)
FNDA:0,(anonymous_17)
FNDA:0,(anonymous_18)
FNDA:0,(anonymous_19)
FNDA:0,(anonymous_20)
FNDA:0,(anonymous_21)
FNDA:0,(anonymous_22)
FNDA:0,(anonymous_23)
FNDA:0,(anonymous_24)
FNDA:0,(anonymous_25)
DA:3,3
DA:4,3
DA:5,3
DA:11,3
DA:15,3
DA:16,3
DA:17,3
DA:18,3
DA:27,3
DA:36,3
DA:41,3
DA:46,3
DA:48,0
DA:55,0
DA:56,0
DA:57,0
DA:58,0
DA:67,0
DA:68,0
DA:71,0
DA:74,0
DA:76,0
DA:77,0
DA:81,0
DA:84,0
DA:85,0
DA:101,0
DA:105,0
DA:112,0
DA:114,0
DA:118,0
DA:122,0
DA:127,0
DA:130,0
DA:133,0
DA:134,0
DA:135,0
DA:136,0
DA:140,0
DA:143,0
DA:146,0
DA:149,0
DA:151,0
DA:159,0
DA:166,0
DA:167,0
DA:168,0
DA:170,0
DA:172,0
DA:173,0
DA:175,0
DA:176,0
DA:178,0
DA:181,0
DA:182,0
DA:185,0
DA:190,0
DA:203,0
DA:204,0
DA:206,0
DA:225,0
DA:226,0
DA:231,0
DA:232,0
DA:235,0
DA:236,0
DA:242,0
DA:243,0
DA:250,0
DA:266,0
DA:267,0
DA:270,0
DA:271,0
DA:272,0
DA:274,0
DA:275,0
DA:281,0
DA:284,0
DA:285,0
DA:288,0
DA:289,0
DA:293,0
DA:294,0
DA:295,0
DA:296,0
DA:301,0
DA:302,0
DA:306,0
DA:307,0
DA:308,0
DA:309,0
DA:314,0
DA:315,0
DA:316,0
DA:317,0
DA:318,0
DA:319,0
DA:321,0
DA:325,0
DA:326,0
DA:327,0
DA:328,0
DA:332,0
DA:333,0
DA:334,0
DA:335,0
DA:339,0
DA:357,0
DA:362,0
DA:369,0
DA:381,0
DA:395,0
DA:405,0
LF:113
LH:12
BRDA:84,0,0,0
BRDA:114,1,0,0
BRDA:114,1,1,0
BRDA:118,2,0,0
BRDA:118,2,1,0
BRDA:122,3,0,0
BRDA:122,3,1,0
BRDA:172,4,0,0
BRDA:181,5,0,0
BRDA:181,6,0,0
BRDA:181,6,1,0
BRDA:187,7,0,0
BRDA:187,7,1,0
BRDA:227,8,0,0
BRDA:227,8,1,0
BRDA:228,9,0,0
BRDA:228,9,1,0
BRDA:235,10,0,0
BRDA:235,10,1,0
BRDA:239,11,0,0
BRDA:239,11,1,0
BRDA:242,12,0,0
BRDA:242,12,1,0
BRDA:246,13,0,0
BRDA:246,13,1,0
BRDA:253,14,0,0
BRDA:253,14,1,0
BRDA:271,15,0,0
BRDA:271,15,1,0
BRDA:289,16,0,0
BRDA:289,16,1,0
BRDA:295,17,0,0
BRDA:302,18,0,0
BRDA:302,18,1,0
BRDA:308,19,0,0
BRDA:314,20,0,0
BRDA:314,20,1,0
BRDA:316,21,0,0
BRDA:316,21,1,0
BRDA:318,22,0,0
BRDA:318,22,1,0
BRDA:325,23,0,0
BRDA:325,24,0,0
BRDA:325,24,1,0
BRDA:327,25,0,0
BRDA:332,26,0,0
BRDA:332,27,0,0
BRDA:332,27,1,0
BRDA:334,28,0,0
BRDA:345,29,0,0
BRDA:345,29,1,0
BRDA:346,30,0,0
BRDA:346,30,1,0
BRDA:358,31,0,0
BRDA:358,31,1,0
BRDA:359,32,0,0
BRDA:359,32,1,0
BRF:57
BRH:0
end_of_record
TN:
SF:src/lib/agents/ClarityPurposeAgent.ts
FN:54,(anonymous_6)
FN:87,(anonymous_7)
FN:90,(anonymous_8)
FN:125,(anonymous_9)
FN:262,(anonymous_10)
FN:316,(anonymous_11)
FN:382,(anonymous_12)
FN:430,(anonymous_13)
FN:562,(anonymous_14)
FN:604,(anonymous_15)
FNF:10
FNH:0
FNDA:0,(anonymous_6)
FNDA:0,(anonymous_7)
FNDA:0,(anonymous_8)
FNDA:0,(anonymous_9)
FNDA:0,(anonymous_10)
FNDA:0,(anonymous_11)
FNDA:0,(anonymous_12)
FNDA:0,(anonymous_13)
FNDA:0,(anonymous_14)
FNDA:0,(anonymous_15)
DA:3,6
DA:16,6
DA:24,6
DA:30,6
DA:31,6
DA:32,6
DA:36,6
DA:45,6
DA:54,6
DA:57,0
DA:58,0
DA:59,0
DA:63,0
DA:64,0
DA:65,0
DA:66,0
DA:71,0
DA:73,0
DA:74,0
DA:81,0
DA:83,0
DA:86,0
DA:87,0
DA:89,0
DA:90,0
DA:94,0
DA:95,0
DA:96,0
DA:97,0
DA:98,0
DA:99,0
DA:100,0
DA:102,0
DA:103,0
DA:105,0
DA:106,0
DA:107,0
DA:108,0
DA:113,0
DA:114,0
DA:115,0
DA:116,0
DA:120,0
DA:121,0
DA:122,0
DA:123,0
DA:125,0
DA:126,0
DA:127,0
DA:128,0
DA:129,0
DA:131,0
DA:132,0
DA:134,0
DA:137,0
DA:138,0
DA:142,0
DA:143,0
DA:144,0
DA:146,0
DA:147,0
DA:148,0
DA:150,0
DA:151,0
DA:152,0
DA:158,0
DA:159,0
DA:160,0
DA:163,0
DA:166,0
DA:168,0
DA:169,0
DA:170,0
DA:171,0
DA:172,0
DA:175,0
DA:176,0
DA:177,0
DA:180,0
DA:181,0
DA:183,0
DA:186,0
DA:193,0
DA:194,0
DA:200,0
DA:201,0
DA:205,0
DA:206,0
DA:207,0
DA:208,0
DA:209,0
DA:210,0
DA:213,0
DA:214,0
DA:215,0
DA:219,0
DA:222,0
DA:223,0
DA:229,0
DA:230,0
DA:231,0
DA:236,0
DA:237,0
DA:238,0
DA:239,0
DA:244,0
DA:245,0
DA:246,0
DA:249,0
DA:262,6
DA:265,0
DA:266,0
DA:268,0
DA:271,0
DA:272,0
DA:273,0
DA:274,0
DA:275,0
DA:276,0
DA:281,0
DA:282,0
DA:283,0
DA:285,0
DA:286,0
DA:290,0
DA:291,0
DA:292,0
DA:293,0
DA:295,0
DA:302,0
DA:303,0
DA:305,0
DA:306,0
DA:307,0
DA:309,0
DA:314,0
DA:315,0
DA:316,0
DA:317,0
DA:318,0
DA:321,0
DA:322,0
DA:323,0
DA:325,0
DA:326,0
DA:330,0
DA:331,0
DA:332,0
DA:333,0
DA:334,0
DA:335,0
DA:336,0
DA:340,0
DA:341,0
DA:342,0
DA:343,0
DA:344,0
DA:345,0
DA:347,0
DA:353,0
DA:361,0
DA:362,0
DA:363,0
DA:364,0
DA:366,0
DA:369,0
DA:382,6
DA:385,0
DA:386,0
DA:391,0
DA:392,0
DA:393,0
DA:394,0
DA:395,0
DA:396,0
DA:397,0
DA:399,0
DA:400,0
DA:401,0
DA:402,0
DA:403,0
DA:406,0
DA:407,0
DA:408,0
DA:409,0
DA:411,0
DA:412,0
DA:413,0
DA:415,0
DA:416,0
DA:417,0
DA:421,0
DA:422,0
DA:423,0
DA:429,0
DA:430,0
DA:433,0
DA:436,0
DA:437,0
DA:438,0
DA:439,0
DA:442,0
DA:443,0
DA:444,0
DA:452,0
DA:453,0
DA:455,0
DA:456,0
DA:457,0
DA:458,0
DA:459,0
DA:461,0
DA:462,0
DA:463,0
DA:468,0
DA:469,0
DA:470,0
DA:471,0
DA:473,0
DA:474,0
DA:478,0
DA:479,0
DA:480,0
DA:486,0
DA:487,0
DA:488,0
DA:490,0
DA:491,0
DA:492,0
DA:496,0
DA:498,0
DA:503,0
DA:504,0
DA:505,0
DA:506,0
DA:507,0
DA:508,0
DA:514,0
DA:515,0
DA:517,0
DA:519,0
DA:520,0
DA:521,0
DA:522,0
DA:523,0
DA:524,0
DA:525,0
DA:529,0
DA:530,0
DA:531,0
DA:538,0
DA:541,0
DA:542,0
DA:543,0
DA:548,0
DA:550,0
DA:562,6
DA:565,0
DA:566,0
DA:568,0
DA:569,0
DA:572,0
DA:573,0
DA:575,0
DA:576,0
DA:577,0
DA:578,0
DA:580,0
DA:581,0
DA:582,0
DA:583,0
DA:587,0
DA:592,0
DA:604,6
DA:615,0
DA:623,0
DA:628,0
DA:629,0
DA:633,0
DA:640,0
DA:641,0
DA:645,0
LF:282
LH:13
BRDA:59,0,0,0
BRDA:59,0,1,0
BRDA:63,1,0,0
BRDA:63,1,1,0
BRDA:64,2,0,0
BRDA:64,2,1,0
BRDA:65,3,0,0
BRDA:65,3,1,0
BRDA:66,4,0,0
BRDA:66,4,1,0
BRDA:66,4,2,0
BRDA:71,5,0,0
BRDA:81,6,0,0
BRDA:81,6,1,0
BRDA:87,7,0,0
BRDA:87,7,1,0
BRDA:94,8,0,0
BRDA:98,9,0,0
BRDA:98,10,0,0
BRDA:98,10,1,0
BRDA:102,11,0,0
BRDA:107,12,0,0
BRDA:113,13,0,0
BRDA:113,14,0,0
BRDA:113,14,1,0
BRDA:127,15,0,0
BRDA:128,16,0,0
BRDA:131,17,0,0
BRDA:131,17,1,0
BRDA:137,18,0,0
BRDA:142,19,0,0
BRDA:146,20,0,0
BRDA:150,21,0,0
BRDA:158,22,0,0
BRDA:158,22,1,0
BRDA:160,23,0,0
BRDA:160,23,1,0
BRDA:163,24,0,0
BRDA:163,24,1,0
BRDA:166,25,0,0
BRDA:166,25,1,0
BRDA:171,26,0,0
BRDA:175,27,0,0
BRDA:176,28,0,0
BRDA:181,29,0,0
BRDA:181,29,1,0
BRDA:181,30,0,0
BRDA:181,30,1,0
BRDA:193,31,0,0
BRDA:200,32,0,0
BRDA:200,33,0,0
BRDA:200,33,1,0
BRDA:200,33,2,0
BRDA:205,34,0,0
BRDA:205,34,1,0
BRDA:208,35,0,0
BRDA:208,36,0,0
BRDA:208,36,1,0
BRDA:213,37,0,0
BRDA:213,38,0,0
BRDA:213,38,1,0
BRDA:213,39,0,0
BRDA:213,39,1,0
BRDA:222,40,0,0
BRDA:229,41,0,0
BRDA:236,42,0,0
BRDA:237,43,0,0
BRDA:237,44,0,0
BRDA:237,44,1,0
BRDA:244,45,0,0
BRDA:244,46,0,0
BRDA:244,46,1,0
BRDA:271,47,0,0
BRDA:271,47,1,0
BRDA:274,48,0,0
BRDA:281,49,0,0
BRDA:281,49,1,0
BRDA:291,50,0,0
BRDA:291,50,1,0
BRDA:291,51,0,0
BRDA:291,51,1,0
BRDA:303,52,0,0
BRDA:303,52,1,0
BRDA:303,53,0,0
BRDA:303,53,1,0
BRDA:315,54,0,0
BRDA:315,54,1,0
BRDA:315,55,0,0
BRDA:315,55,1,0
BRDA:318,56,0,0
BRDA:318,56,1,0
BRDA:321,57,0,0
BRDA:321,57,1,0
BRDA:331,58,0,0
BRDA:331,58,1,0
BRDA:335,59,0,0
BRDA:336,60,0,0
BRDA:336,61,0,0
BRDA:336,61,1,0
BRDA:341,62,0,0
BRDA:341,62,1,0
BRDA:342,63,0,0
BRDA:342,63,1,0
BRDA:355,64,0,0
BRDA:355,64,1,0
BRDA:356,65,0,0
BRDA:356,65,1,0
BRDA:361,66,0,0
BRDA:361,66,1,0
BRDA:363,67,0,0
BRDA:363,67,1,0
BRDA:391,68,0,0
BRDA:391,68,1,0
BRDA:392,69,0,0
BRDA:392,69,1,0
BRDA:393,70,0,0
BRDA:393,70,1,0
BRDA:395,71,0,0
BRDA:395,71,1,0
BRDA:396,72,0,0
BRDA:396,72,1,0
BRDA:397,73,0,0
BRDA:397,73,1,0
BRDA:406,74,0,0
BRDA:406,74,1,0
BRDA:407,75,0,0
BRDA:407,75,1,0
BRDA:411,76,0,0
BRDA:415,77,0,0
BRDA:421,78,0,0
BRDA:429,79,0,0
BRDA:429,79,1,0
BRDA:430,80,0,0
BRDA:430,80,1,0
BRDA:437,81,0,0
BRDA:442,82,0,0
BRDA:452,83,0,0
BRDA:455,84,0,0
BRDA:455,84,1,0
BRDA:456,85,0,0
BRDA:461,86,0,0
BRDA:468,87,0,0
BRDA:468,87,1,0
BRDA:468,88,0,0
BRDA:468,88,1,0
BRDA:471,89,0,0
BRDA:478,90,0,0
BRDA:478,91,0,0
BRDA:478,91,1,0
BRDA:478,91,2,0
BRDA:478,91,3,0
BRDA:478,91,4,0
BRDA:486,92,0,0
BRDA:486,92,1,0
BRDA:490,93,0,0
BRDA:496,94,0,0
BRDA:503,95,0,0
BRDA:503,95,1,0
BRDA:506,96,0,0
BRDA:517,97,0,0
BRDA:517,97,1,0
BRDA:517,98,0,0
BRDA:517,98,1,0
BRDA:519,99,0,0
BRDA:519,99,1,0
BRDA:519,100,0,0
BRDA:519,100,1,0
BRDA:522,101,0,0
BRDA:522,102,0,0
BRDA:522,102,1,0
BRDA:523,103,0,0
BRDA:523,103,1,0
BRDA:523,104,0,0
BRDA:523,104,1,0
BRDA:529,105,0,0
BRDA:529,106,0,0
BRDA:529,106,1,0
BRDA:529,106,2,0
BRDA:538,107,0,0
BRDA:538,107,1,0
BRDA:538,107,2,0
BRDA:538,107,3,0
BRDA:538,108,0,0
BRDA:538,108,1,0
BRDA:539,109,0,0
BRDA:539,109,1,0
BRDA:541,110,0,0
BRDA:568,111,0,0
BRDA:568,111,1,0
BRDA:569,112,0,0
BRDA:569,112,1,0
BRDA:575,113,0,0
BRDA:580,114,0,0
BRDA:587,115,0,0
BRDA:587,116,0,0
BRDA:587,116,1,0
BRDA:594,117,0,0
BRDA:594,117,1,0
BRDA:628,118,0,0
BRDA:640,119,0,0
BRF:200
BRH:0
end_of_record
TN:
SF:src/lib/agents/ContextContentAgent.ts
FN:17,(anonymous_4)
FN:92,(anonymous_5)
FN:128,evaluateContextContentHybrid
FNF:3
FNH:0
FNDA:0,(anonymous_4)
FNDA:0,(anonymous_5)
FNDA:0,evaluateContextContentHybrid
DA:6,9
DA:7,9
DA:8,9
DA:9,9
DA:10,9
DA:11,9
DA:17,9
DA:20,0
DA:21,0
DA:24,0
DA:25,0
DA:26,0
DA:27,0
DA:29,0
DA:30,0
DA:31,0
DA:32,0
DA:35,0
DA:36,0
DA:37,0
DA:40,0
DA:41,0
DA:42,0
DA:45,0
DA:46,0
DA:47,0
DA:48,0
DA:50,0
DA:51,0
DA:53,0
DA:54,0
DA:55,0
DA:59,0
DA:60,0
DA:61,0
DA:62,0
DA:63,0
DA:65,0
DA:66,0
DA:67,0
DA:68,0
DA:69,0
DA:73,0
DA:74,0
DA:75,0
DA:76,0
DA:77,0
DA:78,0
DA:81,0
DA:92,9
DA:95,0
DA:96,0
DA:98,0
DA:99,0
DA:102,0
DA:103,0
DA:104,0
DA:105,0
DA:106,0
DA:111,0
DA:112,0
DA:117,0
DA:128,0
DA:136,0
DA:142,0
DA:144,0
DA:145,0
DA:149,0
DA:151,0
DA:152,0
DA:156,0
LF:71
LH:8
BRDA:24,0,0,0
BRDA:24,0,1,0
BRDA:29,1,0,0
BRDA:29,1,1,0
BRDA:35,2,0,0
BRDA:40,3,0,0
BRDA:45,4,0,0
BRDA:45,4,1,0
BRDA:46,5,0,0
BRDA:50,6,0,0
BRDA:50,6,1,0
BRDA:51,7,0,0
BRDA:53,8,0,0
BRDA:53,8,1,0
BRDA:59,9,0,0
BRDA:59,9,1,0
BRDA:60,10,0,0
BRDA:65,11,0,0
BRDA:65,11,1,0
BRDA:66,12,0,0
BRDA:66,12,1,0
BRDA:67,13,0,0
BRDA:67,14,0,0
BRDA:67,14,1,0
BRDA:74,15,0,0
BRDA:74,15,1,0
BRDA:74,16,0,0
BRDA:74,16,1,0
BRDA:75,17,0,0
BRDA:98,18,0,0
BRDA:98,18,1,0
BRDA:99,19,0,0
BRDA:99,19,1,0
BRDA:102,20,0,0
BRDA:102,21,0,0
BRDA:102,21,1,0
BRDA:104,22,0,0
BRDA:111,23,0,0
BRDA:144,24,0,0
BRDA:151,25,0,0
BRF:40
BRH:0
end_of_record
TN:
SF:src/lib/agents/ContextContentAgentV2.ts
FN:13,(anonymous_3)
FN:22,(anonymous_4)
FN:25,(anonymous_5)
FN:27,(anonymous_6)
FN:111,(anonymous_7)
FN:131,(anonymous_8)
FNF:6
FNH:0
FNDA:0,(anonymous_3)
FNDA:0,(anonymous_4)
FNDA:0,(anonymous_5)
FNDA:0,(anonymous_6)
FNDA:0,(anonymous_7)
FNDA:0,(anonymous_8)
DA:5,0
DA:6,0
DA:7,0
DA:13,0
DA:17,0
DA:18,0
DA:22,0
DA:23,0
DA:24,0
DA:25,0
DA:26,0
DA:27,0
DA:28,0
DA:29,0
DA:30,0
DA:31,0
DA:33,0
DA:35,0
DA:39,0
DA:40,0
DA:41,0
DA:42,0
DA:44,0
DA:45,0
DA:47,0
DA:49,0
DA:50,0
DA:53,0
DA:54,0
DA:57,0
DA:58,0
DA:59,0
DA:61,0
DA:62,0
DA:63,0
DA:64,0
DA:67,0
DA:68,0
DA:69,0
DA:70,0
DA:74,0
DA:75,0
DA:76,0
DA:77,0
DA:80,0
DA:81,0
DA:85,0
DA:86,0
DA:87,0
DA:88,0
DA:89,0
DA:91,0
DA:92,0
DA:93,0
DA:94,0
DA:95,0
DA:100,0
DA:111,0
DA:114,0
DA:115,0
DA:117,0
DA:118,0
DA:121,0
DA:122,0
DA:123,0
DA:124,0
DA:125,0
DA:130,0
DA:131,0
DA:132,0
DA:137,0
LF:71
LH:0
BRDA:22,0,0,0
BRDA:22,1,0,0
BRDA:23,2,0,0
BRDA:23,3,0,0
BRDA:23,3,1,0
BRDA:24,4,0,0
BRDA:24,5,0,0
BRDA:24,5,1,0
BRDA:26,6,0,0
BRDA:26,6,1,0
BRDA:28,7,0,0
BRDA:28,7,1,0
BRDA:29,8,0,0
BRDA:29,9,0,0
BRDA:29,9,1,0
BRDA:29,9,2,0
BRDA:30,10,0,0
BRDA:30,11,0,0
BRDA:30,11,1,0
BRDA:30,11,2,0
BRDA:30,11,3,0
BRDA:31,12,0,0
BRDA:31,12,1,0
BRDA:39,13,0,0
BRDA:39,13,1,0
BRDA:40,14,0,0
BRDA:40,14,1,0
BRDA:49,15,0,0
BRDA:49,15,1,0
BRDA:61,16,0,0
BRDA:61,16,1,0
BRDA:61,17,0,0
BRDA:61,17,1,0
BRDA:63,18,0,0
BRDA:63,18,1,0
BRDA:74,19,0,0
BRDA:74,19,1,0
BRDA:75,20,0,0
BRDA:80,21,0,0
BRDA:85,22,0,0
BRDA:85,22,1,0
BRDA:86,23,0,0
BRDA:91,24,0,0
BRDA:91,24,1,0
BRDA:92,25,0,0
BRDA:92,25,1,0
BRDA:93,26,0,0
BRDA:93,27,0,0
BRDA:93,27,1,0
BRDA:117,28,0,0
BRDA:117,28,1,0
BRDA:118,29,0,0
BRDA:118,29,1,0
BRDA:121,30,0,0
BRDA:121,31,0,0
BRDA:121,31,1,0
BRDA:123,32,0,0
BRDA:130,33,0,0
BRDA:130,33,1,0
BRDA:131,34,0,0
BRF:60
BRH:0
end_of_record
TN:
SF:src/lib/agents/InstructionsStructureAgent.ts
FN:73,(anonymous_8)
FN:150,(anonymous_9)
FN:281,(anonymous_10)
FN:317,(anonymous_11)
FN:360,(anonymous_12)
FN:413,(anonymous_13)
FN:414,(anonymous_14)
FN:443,(anonymous_15)
FN:464,(anonymous_16)
FN:522,(anonymous_17)
FN:561,(anonymous_18)
FN:581,(anonymous_19)
FN:600,(anonymous_20)
FN:703,(anonymous_21)
FN:768,(anonymous_22)
FNF:15
FNH:0
FNDA:0,(anonymous_8)
FNDA:0,(anonymous_9)
FNDA:0,(anonymous_10)
FNDA:0,(anonymous_11)
FNDA:0,(anonymous_12)
FNDA:0,(anonymous_13)
FNDA:0,(anonymous_14)
FNDA:0,(anonymous_15)
FNDA:0,(anonymous_16)
FNDA:0,(anonymous_17)
FNDA:0,(anonymous_18)
FNDA:0,(anonymous_19)
FNDA:0,(anonymous_20)
FNDA:0,(anonymous_21)
FNDA:0,(anonymous_22)
DA:13,5
DA:23,5
DA:25,5
DA:26,5
DA:30,5
DA:45,5
DA:52,5
DA:53,5
DA:54,5
DA:58,5
DA:66,5
DA:73,6
DA:76,0
DA:77,0
DA:80,0
DA:81,0
DA:82,0
DA:83,0
DA:84,0
DA:87,0
DA:88,0
DA:89,0
DA:90,0
DA:94,0
DA:95,0
DA:100,0
DA:101,0
DA:102,0
DA:103,0
DA:110,0
DA:111,0
DA:112,0
DA:113,0
DA:114,0
DA:118,0
DA:119,0
DA:120,0
DA:121,0
DA:127,0
DA:128,0
DA:129,0
DA:133,0
DA:134,0
DA:135,0
DA:138,0
DA:150,5
DA:153,0
DA:154,0
DA:156,0
DA:157,0
DA:158,0
DA:159,0
DA:160,0
DA:163,0
DA:164,0
DA:166,0
DA:167,0
DA:172,0
DA:177,0
DA:179,0
DA:180,0
DA:181,0
DA:182,0
DA:187,0
DA:194,0
DA:195,0
DA:198,0
DA:199,0
DA:200,0
DA:202,0
DA:203,0
DA:204,0
DA:205,0
DA:206,0
DA:210,0
DA:211,0
DA:212,0
DA:213,0
DA:214,0
DA:218,0
DA:219,0
DA:220,0
DA:221,0
DA:225,0
DA:226,0
DA:227,0
DA:231,0
DA:232,0
DA:233,0
DA:236,0
DA:237,0
DA:238,0
DA:244,0
DA:245,0
DA:246,0
DA:250,0
DA:251,0
DA:252,0
DA:256,0
DA:257,0
DA:258,0
DA:263,0
DA:264,0
DA:265,0
DA:269,0
DA:281,5
DA:284,0
DA:285,0
DA:287,0
DA:288,0
DA:291,0
DA:292,0
DA:296,0
DA:297,0
DA:299,0
DA:300,0
DA:301,0
DA:303,0
DA:312,0
DA:313,0
DA:314,0
DA:317,0
DA:318,0
DA:319,0
DA:320,0
DA:321,0
DA:322,0
DA:323,0
DA:324,0
DA:333,0
DA:334,0
DA:335,0
DA:338,0
DA:339,0
DA:340,0
DA:346,0
DA:347,0
DA:350,0
DA:352,0
DA:354,0
DA:355,0
DA:360,0
DA:362,0
DA:363,0
DA:364,0
DA:365,0
DA:367,0
DA:368,0
DA:369,0
DA:370,0
DA:373,0
DA:374,0
DA:375,0
DA:376,0
DA:377,0
DA:379,0
DA:380,0
DA:382,0
DA:384,0
DA:385,0
DA:386,0
DA:387,0
DA:388,0
DA:390,0
DA:391,0
DA:392,0
DA:393,0
DA:395,0
DA:396,0
DA:397,0
DA:400,0
DA:404,0
DA:405,0
DA:406,0
DA:407,0
DA:408,0
DA:412,0
DA:413,0
DA:414,0
DA:415,0
DA:419,0
DA:420,0
DA:426,0
DA:427,0
DA:428,0
DA:431,0
DA:443,5
DA:446,0
DA:447,0
DA:449,0
DA:450,0
DA:451,0
DA:452,0
DA:453,0
DA:456,0
DA:457,0
DA:462,0
DA:463,0
DA:464,0
DA:468,0
DA:469,0
DA:473,0
DA:474,0
DA:476,0
DA:477,0
DA:478,0
DA:479,0
DA:480,0
DA:481,0
DA:484,0
DA:485,0
DA:487,0
DA:488,0
DA:489,0
DA:490,0
DA:492,0
DA:493,0
DA:494,0
DA:495,0
DA:498,0
DA:499,0
DA:503,0
DA:509,0
DA:510,0
DA:511,0
DA:515,0
DA:516,0
DA:517,0
DA:518,0
DA:522,0
DA:523,0
DA:524,0
DA:528,0
DA:529,0
DA:530,0
DA:531,0
DA:537,0
DA:538,0
DA:539,0
DA:543,0
DA:544,0
DA:545,0
DA:549,0
DA:561,5
DA:564,0
DA:565,0
DA:567,0
DA:568,0
DA:569,0
DA:570,0
DA:571,0
DA:574,0
DA:575,0
DA:580,0
DA:581,0
DA:585,0
DA:586,0
DA:588,0
DA:589,0
DA:593,0
DA:595,0
DA:596,0
DA:600,0
DA:601,0
DA:602,0
DA:604,0
DA:605,0
DA:606,0
DA:607,0
DA:608,0
DA:609,0
DA:612,0
DA:613,0
DA:614,0
DA:617,0
DA:618,0
DA:619,0
DA:621,0
DA:623,0
DA:624,0
DA:629,0
DA:630,0
DA:631,0
DA:632,0
DA:638,0
DA:639,0
DA:645,0
DA:646,0
DA:647,0
DA:648,0
DA:649,0
DA:653,0
DA:654,0
DA:655,0
DA:656,0
DA:657,0
DA:658,0
DA:662,0
DA:663,0
DA:669,0
DA:670,0
DA:671,0
DA:672,0
DA:680,0
DA:681,0
DA:682,0
DA:685,0
DA:686,0
DA:687,0
DA:688,0
DA:691,0
DA:703,5
DA:707,0
DA:708,0
DA:711,0
DA:712,0
DA:713,0
DA:714,0
DA:717,0
DA:718,0
DA:722,0
DA:725,0
DA:726,0
DA:727,0
DA:728,0
DA:729,0
DA:734,0
DA:736,0
DA:737,0
DA:738,0
DA:739,0
DA:744,0
DA:745,0
DA:746,0
DA:751,0
DA:752,0
DA:753,0
DA:756,0
DA:768,5
DA:781,0
DA:791,0
DA:796,0
DA:797,0
DA:801,0
DA:808,0
DA:809,0
DA:813,0
LF:347
LH:18
BRDA:80,0,0,0
BRDA:80,0,1,0
BRDA:81,1,0,0
BRDA:81,1,1,0
BRDA:83,2,0,0
BRDA:83,2,1,0
BRDA:84,3,0,0
BRDA:84,3,1,0
BRDA:94,4,0,0
BRDA:94,5,0,0
BRDA:94,5,1,0
BRDA:94,5,2,0
BRDA:100,6,0,0
BRDA:110,7,0,0
BRDA:118,8,0,0
BRDA:127,9,0,0
BRDA:127,10,0,0
BRDA:127,10,1,0
BRDA:127,10,2,0
BRDA:133,11,0,0
BRDA:133,12,0,0
BRDA:133,12,1,0
BRDA:133,12,2,0
BRDA:156,13,0,0
BRDA:156,13,1,0
BRDA:157,14,0,0
BRDA:157,14,1,0
BRDA:159,15,0,0
BRDA:159,15,1,0
BRDA:160,16,0,0
BRDA:160,16,1,0
BRDA:166,17,0,0
BRDA:179,18,0,0
BRDA:179,18,1,0
BRDA:181,19,0,0
BRDA:198,20,0,0
BRDA:202,21,0,0
BRDA:211,22,0,0
BRDA:211,23,0,0
BRDA:211,23,1,0
BRDA:218,24,0,0
BRDA:218,25,0,0
BRDA:218,25,1,0
BRDA:218,25,2,0
BRDA:225,26,0,0
BRDA:225,27,0,0
BRDA:225,27,1,0
BRDA:225,27,2,0
BRDA:231,28,0,0
BRDA:231,29,0,0
BRDA:231,29,1,0
BRDA:231,29,2,0
BRDA:236,30,0,0
BRDA:236,31,0,0
BRDA:236,31,1,0
BRDA:236,31,2,0
BRDA:244,32,0,0
BRDA:244,33,0,0
BRDA:244,33,1,0
BRDA:250,34,0,0
BRDA:250,35,0,0
BRDA:250,35,1,0
BRDA:256,36,0,0
BRDA:256,37,0,0
BRDA:256,37,1,0
BRDA:263,38,0,0
BRDA:263,39,0,0
BRDA:263,39,1,0
BRDA:287,40,0,0
BRDA:287,40,1,0
BRDA:288,41,0,0
BRDA:288,41,1,0
BRDA:296,42,0,0
BRDA:299,43,0,0
BRDA:299,44,0,0
BRDA:299,44,1,0
BRDA:299,45,0,0
BRDA:299,45,1,0
BRDA:319,46,0,0
BRDA:321,47,0,0
BRDA:321,47,1,0
BRDA:323,48,0,0
BRDA:333,49,0,0
BRDA:338,50,0,0
BRDA:346,51,0,0
BRDA:346,51,1,0
BRDA:347,52,0,0
BRDA:347,52,1,0
BRDA:350,53,0,0
BRDA:350,53,1,0
BRDA:360,54,0,0
BRDA:360,54,1,0
BRDA:365,55,0,0
BRDA:365,55,1,0
BRDA:370,56,0,0
BRDA:370,56,1,0
BRDA:373,57,0,0
BRDA:373,57,1,0
BRDA:373,58,0,0
BRDA:373,58,1,0
BRDA:373,58,2,0
BRDA:382,59,0,0
BRDA:382,59,1,0
BRDA:382,60,0,0
BRDA:382,60,1,0
BRDA:388,61,0,0
BRDA:388,61,1,0
BRDA:393,62,0,0
BRDA:393,62,1,0
BRDA:404,63,0,0
BRDA:412,64,0,0
BRDA:419,65,0,0
BRDA:426,66,0,0
BRDA:426,67,0,0
BRDA:426,67,1,0
BRDA:450,68,0,0
BRDA:450,68,1,0
BRDA:452,69,0,0
BRDA:452,69,1,0
BRDA:453,70,0,0
BRDA:453,70,1,0
BRDA:462,71,0,0
BRDA:462,71,1,0
BRDA:463,72,0,0
BRDA:463,72,1,0
BRDA:464,73,0,0
BRDA:464,73,1,0
BRDA:473,74,0,0
BRDA:473,74,1,0
BRDA:476,75,0,0
BRDA:476,75,1,0
BRDA:477,76,0,0
BRDA:477,76,1,0
BRDA:479,77,0,0
BRDA:479,77,1,0
BRDA:480,78,0,0
BRDA:480,78,1,0
BRDA:480,78,2,0
BRDA:485,79,0,0
BRDA:485,79,1,0
BRDA:487,80,0,0
BRDA:487,80,1,0
BRDA:487,81,0,0
BRDA:487,81,1,0
BRDA:487,81,2,0
BRDA:487,81,3,0
BRDA:487,81,4,0
BRDA:490,82,0,0
BRDA:490,82,1,0
BRDA:490,83,0,0
BRDA:490,83,1,0
BRDA:490,83,2,0
BRDA:495,84,0,0
BRDA:516,85,0,0
BRDA:524,86,0,0
BRDA:524,86,1,0
BRDA:528,87,0,0
BRDA:537,88,0,0
BRDA:537,89,0,0
BRDA:537,89,1,0
BRDA:537,89,2,0
BRDA:543,90,0,0
BRDA:543,91,0,0
BRDA:543,91,1,0
BRDA:568,92,0,0
BRDA:568,92,1,0
BRDA:570,93,0,0
BRDA:570,93,1,0
BRDA:571,94,0,0
BRDA:571,94,1,0
BRDA:580,95,0,0
BRDA:580,95,1,0
BRDA:581,96,0,0
BRDA:581,96,1,0
BRDA:586,97,0,0
BRDA:586,97,1,0
BRDA:586,97,2,0
BRDA:593,98,0,0
BRDA:593,98,1,0
BRDA:602,99,0,0
BRDA:602,99,1,0
BRDA:602,100,0,0
BRDA:602,100,1,0
BRDA:607,101,0,0
BRDA:612,102,0,0
BRDA:612,103,0,0
BRDA:612,103,1,0
BRDA:617,104,0,0
BRDA:621,105,0,0
BRDA:621,106,0,0
BRDA:621,106,1,0
BRDA:621,106,2,0
BRDA:629,107,0,0
BRDA:638,108,0,0
BRDA:648,109,0,0
BRDA:656,110,0,0
BRDA:656,111,0,0
BRDA:656,111,1,0
BRDA:662,112,0,0
BRDA:680,113,0,0
BRDA:680,114,0,0
BRDA:680,114,1,0
BRDA:680,114,2,0
BRDA:685,115,0,0
BRDA:685,116,0,0
BRDA:685,116,1,0
BRDA:685,116,2,0
BRDA:711,117,0,0
BRDA:711,117,1,0
BRDA:713,118,0,0
BRDA:713,118,1,0
BRDA:714,119,0,0
BRDA:714,119,1,0
BRDA:722,120,0,0
BRDA:734,121,0,0
BRDA:744,122,0,0
BRDA:744,123,0,0
BRDA:744,123,1,0
BRDA:751,124,0,0
BRDA:751,125,0,0
BRDA:751,125,1,0
BRDA:751,125,2,0
BRDA:796,126,0,0
BRDA:808,127,0,0
BRF:224
BRH:0
end_of_record
TN:
SF:src/lib/agents/SafetyEthicsAgent.ts
FN:50,(anonymous_4)
FN:91,(anonymous_5)
FN:153,(anonymous_6)
FN:186,(anonymous_7)
FNF:4
FNH:0
FNDA:0,(anonymous_4)
FNDA:0,(anonymous_5)
FNDA:0,(anonymous_6)
FNDA:0,(anonymous_7)
DA:3,5
DA:13,5
DA:21,5
DA:27,5
DA:32,5
DA:34,5
DA:35,5
DA:39,5
DA:50,5
DA:53,0
DA:54,0
DA:55,0
DA:59,0
DA:61,0
DA:63,0
DA:64,0
DA:67,0
DA:68,0
DA:71,0
DA:75,0
DA:76,0
DA:79,0
DA:91,5
DA:94,0
DA:95,0
DA:96,0
DA:97,0
DA:100,0
DA:101,0
DA:102,0
DA:103,0
DA:104,0
DA:108,0
DA:109,0
DA:111,0
DA:112,0
DA:114,0
DA:118,0
DA:119,0
DA:120,0
DA:123,0
DA:126,0
DA:130,0
DA:131,0
DA:134,0
DA:136,0
DA:138,0
DA:139,0
DA:140,0
DA:142,0
DA:148,0
DA:149,0
DA:153,0
DA:154,0
DA:155,0
DA:156,0
DA:157,0
DA:158,0
DA:162,0
DA:163,0
DA:165,0
DA:186,5
DA:195,0
DA:201,0
DA:206,0
DA:207,0
DA:211,0
DA:218,0
DA:219,0
DA:223,0
LF:70
LH:11
BRDA:61,0,0,0
BRDA:61,1,0,0
BRDA:61,1,1,0
BRDA:75,2,0,0
BRDA:75,3,0,0
BRDA:75,3,1,0
BRDA:81,4,0,0
BRDA:81,4,1,0
BRDA:100,5,0,0
BRDA:100,6,0,0
BRDA:100,6,1,0
BRDA:108,7,0,0
BRDA:108,8,0,0
BRDA:108,8,1,0
BRDA:111,9,0,0
BRDA:118,10,0,0
BRDA:118,11,0,0
BRDA:118,11,1,0
BRDA:130,12,0,0
BRDA:138,13,0,0
BRDA:139,14,0,0
BRDA:139,14,1,0
BRDA:148,15,0,0
BRDA:154,16,0,0
BRDA:154,16,1,0
BRDA:154,16,2,0
BRDA:154,16,3,0
BRDA:167,17,0,0
BRDA:167,17,1,0
BRDA:206,18,0,0
BRDA:218,19,0,0
BRF:31
BRH:0
end_of_record
TN:
SF:src/lib/ai-modules/ClarityAnalysisModule.ts
FN:23,(anonymous_1)
FN:29,(anonymous_2)
FN:37,(anonymous_3)
FN:74,(anonymous_4)
FN:89,(anonymous_5)
FN:95,(anonymous_6)
FN:130,(anonymous_7)
FN:136,(anonymous_8)
FN:172,(anonymous_9)
FN:255,(anonymous_10)
FN:262,(anonymous_11)
FN:328,(anonymous_12)
FN:329,(anonymous_13)
FNF:13
FNH:0
FNDA:0,(anonymous_1)
FNDA:0,(anonymous_2)
FNDA:0,(anonymous_3)
FNDA:0,(anonymous_4)
FNDA:0,(anonymous_5)
FNDA:0,(anonymous_6)
FNDA:0,(anonymous_7)
FNDA:0,(anonymous_8)
FNDA:0,(anonymous_9)
FNDA:0,(anonymous_10)
FNDA:0,(anonymous_11)
FNDA:0,(anonymous_12)
FNDA:0,(anonymous_13)
DA:5,5
DA:6,5
DA:7,5
DA:8,5
DA:11,5
DA:17,0
DA:24,0
DA:25,0
DA:26,0
DA:30,0
DA:41,0
DA:42,0
DA:44,0
DA:75,0
DA:89,0
DA:96,0
DA:130,0
DA:138,0
DA:141,0
DA:143,0
DA:144,0
DA:147,0
DA:148,0
DA:149,0
DA:152,0
DA:153,0
DA:154,0
DA:157,0
DA:158,0
DA:160,0
DA:166,0
DA:173,0
DA:246,0
DA:247,0
DA:248,0
DA:251,0
DA:255,0
DA:266,0
DA:267,0
DA:273,0
DA:274,0
DA:275,0
DA:276,0
DA:278,0
DA:281,0
DA:283,0
DA:294,0
DA:295,0
DA:302,0
DA:304,0
DA:307,0
DA:309,0
DA:313,0
DA:329,0
DA:330,0
LF:55
LH:5
BRDA:50,0,0,0
BRDA:50,0,1,0
BRDA:51,1,0,0
BRDA:51,1,1,0
BRDA:52,2,0,0
BRDA:52,2,1,0
BRDA:53,3,0,0
BRDA:53,3,1,0
BRDA:143,4,0,0
BRDA:147,5,0,0
BRDA:152,6,0,0
BRDA:157,7,0,0
BRDA:162,8,0,0
BRDA:162,8,1,0
BRDA:248,9,0,0
BRDA:266,10,0,0
BRDA:291,11,0,0
BRDA:291,11,1,0
BRDA:294,12,0,0
BRDA:307,13,0,0
BRDA:314,14,0,0
BRDA:314,14,1,0
BRF:22
BRH:0
end_of_record
TN:
SF:src/lib/ai-modules/ContextContentModule.ts
FN:16,(anonymous_1)
FN:22,(anonymous_2)
FN:26,(anonymous_3)
FN:28,(anonymous_4)
FN:62,(anonymous_5)
FN:95,(anonymous_6)
FN:120,(anonymous_7)
FN:166,(anonymous_8)
FN:167,(anonymous_9)
FNF:9
FNH:0
FNDA:0,(anonymous_1)
FNDA:0,(anonymous_2)
FNDA:0,(anonymous_3)
FNDA:0,(anonymous_4)
FNDA:0,(anonymous_5)
FNDA:0,(anonymous_6)
FNDA:0,(anonymous_7)
FNDA:0,(anonymous_8)
FNDA:0,(anonymous_9)
DA:4,4
DA:5,4
DA:6,4
DA:7,4
DA:9,4
DA:11,0
DA:17,0
DA:18,0
DA:19,0
DA:23,0
DA:27,0
DA:28,0
DA:29,0
DA:30,0
DA:32,0
DA:63,0
DA:96,0
DA:99,0
DA:101,0
DA:102,0
DA:103,0
DA:109,0
DA:110,0
DA:111,0
DA:117,0
DA:121,0
DA:122,0
DA:128,0
DA:129,0
DA:130,0
DA:131,0
DA:132,0
DA:133,0
DA:135,0
DA:146,0
DA:147,0
DA:154,0
DA:156,0
DA:157,0
DA:167,0
DA:168,0
LF:41
LH:5
BRDA:27,0,0,0
BRDA:27,0,1,0
BRDA:28,1,0,0
BRDA:28,1,1,0
BRDA:28,2,0,0
BRDA:28,2,1,0
BRDA:29,3,0,0
BRDA:29,3,1,0
BRDA:30,4,0,0
BRDA:30,4,1,0
BRDA:101,5,0,0
BRDA:105,6,0,0
BRDA:105,6,1,0
BRDA:109,7,0,0
BRDA:113,8,0,0
BRDA:113,8,1,0
BRDA:121,9,0,0
BRDA:143,10,0,0
BRDA:143,10,1,0
BRDA:146,11,0,0
BRDA:156,12,0,0
BRDA:157,13,0,0
BRDA:157,13,1,0
BRF:23
BRH:0
end_of_record
TN:
SF:src/lib/ai-modules/InstructionsStructureModule.ts
FN:24,(anonymous_1)
FN:30,(anonymous_2)
FN:45,(anonymous_3)
FN:65,(anonymous_4)
FN:107,(anonymous_5)
FN:142,(anonymous_6)
FN:148,(anonymous_7)
FN:236,(anonymous_8)
FN:243,(anonymous_9)
FN:280,(anonymous_10)
FN:344,(anonymous_11)
FN:345,(anonymous_12)
FNF:12
FNH:0
FNDA:0,(anonymous_1)
FNDA:0,(anonymous_2)
FNDA:0,(anonymous_3)
FNDA:0,(anonymous_4)
FNDA:0,(anonymous_5)
FNDA:0,(anonymous_6)
FNDA:0,(anonymous_7)
FNDA:0,(anonymous_8)
FNDA:0,(anonymous_9)
FNDA:0,(anonymous_10)
FNDA:0,(anonymous_11)
FNDA:0,(anonymous_12)
DA:4,5
DA:5,5
DA:6,5
DA:8,5
DA:11,5
DA:18,0
DA:25,0
DA:26,0
DA:27,0
DA:31,0
DA:49,0
DA:50,0
DA:53,0
DA:54,0
DA:55,0
DA:56,0
DA:57,0
DA:60,0
DA:61,0
DA:62,0
DA:63,0
DA:64,0
DA:65,0
DA:67,0
DA:70,0
DA:71,0
DA:72,0
DA:73,0
DA:74,0
DA:75,0
DA:77,0
DA:78,0
DA:80,0
DA:83,0
DA:84,0
DA:85,0
DA:86,0
DA:87,0
DA:88,0
DA:90,0
DA:93,0
DA:94,0
DA:95,0
DA:96,0
DA:101,0
DA:108,0
DA:142,0
DA:149,0
DA:227,0
DA:228,0
DA:229,0
DA:232,0
DA:236,0
DA:248,0
DA:250,0
DA:252,0
DA:253,0
DA:254,0
DA:257,0
DA:259,0
DA:265,0
DA:266,0
DA:269,0
DA:274,0
DA:284,0
DA:285,0
DA:291,0
DA:292,0
DA:294,0
DA:295,0
DA:297,0
DA:300,0
DA:302,0
DA:313,0
DA:314,0
DA:322,0
DA:323,0
DA:326,0
DA:327,0
DA:329,0
DA:345,0
DA:347,0
DA:350,0
LF:83
LH:5
BRDA:53,0,0,0
BRDA:56,1,0,0
BRDA:56,1,1,0
BRDA:57,2,0,0
BRDA:57,2,1,0
BRDA:60,3,0,0
BRDA:63,4,0,0
BRDA:63,4,1,0
BRDA:64,5,0,0
BRDA:64,6,0,0
BRDA:64,6,1,0
BRDA:70,7,0,0
BRDA:74,8,0,0
BRDA:74,9,0,0
BRDA:74,9,1,0
BRDA:77,10,0,0
BRDA:77,11,0,0
BRDA:77,11,1,0
BRDA:83,12,0,0
BRDA:85,13,0,0
BRDA:85,13,1,0
BRDA:86,14,0,0
BRDA:86,14,1,0
BRDA:87,15,0,0
BRDA:229,16,0,0
BRDA:253,17,0,0
BRDA:257,18,0,0
BRDA:257,18,1,0
BRDA:257,19,0,0
BRDA:257,19,1,0
BRDA:257,19,2,0
BRDA:266,20,0,0
BRDA:266,20,1,0
BRDA:284,21,0,0
BRDA:310,22,0,0
BRDA:310,22,1,0
BRDA:313,23,0,0
BRDA:326,24,0,0
BRDA:347,25,0,0
BRDA:347,25,1,0
BRDA:347,26,0,0
BRDA:347,26,1,0
BRF:42
BRH:0
end_of_record
TN:
SF:src/lib/ai-modules/SafetyAnalysisModule.ts
FN:23,(anonymous_1)
FN:29,(anonymous_2)
FN:71,(anonymous_3)
FN:87,(anonymous_4)
FN:109,(anonymous_5)
FN:155,(anonymous_6)
FN:161,(anonymous_7)
FN:193,(anonymous_8)
FN:199,(anonymous_9)
FN:227,(anonymous_10)
FN:320,(anonymous_11)
FN:381,(anonymous_12)
FN:386,(anonymous_13)
FNF:13
FNH:1
FNDA:2,(anonymous_1)
FNDA:0,(anonymous_2)
FNDA:0,(anonymous_3)
FNDA:0,(anonymous_4)
FNDA:0,(anonymous_5)
FNDA:0,(anonymous_6)
FNDA:0,(anonymous_7)
FNDA:0,(anonymous_8)
FNDA:0,(anonymous_9)
FNDA:0,(anonymous_10)
FNDA:0,(anonymous_11)
FNDA:0,(anonymous_12)
FNDA:0,(anonymous_13)
DA:5,5
DA:6,5
DA:7,5
DA:8,5
DA:11,5
DA:17,2
DA:24,2
DA:25,2
DA:26,2
DA:30,0
DA:75,0
DA:76,0
DA:78,0
DA:87,0
DA:110,0
DA:155,0
DA:162,0
DA:193,0
DA:201,0
DA:204,0
DA:206,0
DA:207,0
DA:208,0
DA:211,0
DA:212,0
DA:213,0
DA:216,0
DA:217,0
DA:218,0
DA:221,0
DA:228,0
DA:303,0
DA:304,0
DA:305,0
DA:306,0
DA:310,0
DA:324,0
DA:325,0
DA:331,0
DA:332,0
DA:333,0
DA:334,0
DA:335,0
DA:338,0
DA:340,0
DA:351,0
DA:352,0
DA:359,0
DA:362,0
DA:363,0
DA:366,0
DA:385,0
DA:386,0
LF:53
LH:9
BRDA:84,0,0,0
BRDA:84,0,1,0
BRDA:85,1,0,0
BRDA:85,1,1,0
BRDA:85,2,0,0
BRDA:85,2,1,0
BRDA:86,3,0,0
BRDA:86,3,1,0
BRDA:87,4,0,0
BRDA:87,4,1,0
BRDA:201,5,0,0
BRDA:201,5,1,0
BRDA:206,6,0,0
BRDA:211,7,0,0
BRDA:216,8,0,0
BRDA:305,9,0,0
BRDA:324,10,0,0
BRDA:348,11,0,0
BRDA:348,11,1,0
BRDA:351,12,0,0
BRDA:362,13,0,0
BRDA:367,14,0,0
BRDA:367,14,1,0
BRF:23
BRH:0
end_of_record
TN:
SF:src/lib/analyzer/promptAnalyzer.ts
FN:48,(anonymous_2)
FN:72,(anonymous_3)
FN:148,(anonymous_4)
FN:148,(anonymous_5)
FNF:4
FNH:0
FNDA:0,(anonymous_2)
FNDA:0,(anonymous_3)
FNDA:0,(anonymous_4)
FNDA:0,(anonymous_5)
DA:2,9
DA:3,9
DA:11,9
DA:26,9
DA:34,9
DA:35,9
DA:37,9
DA:42,9
DA:44,9
DA:46,9
DA:48,9
DA:49,0
DA:50,0
DA:51,0
DA:53,0
DA:56,0
DA:57,0
DA:58,0
DA:59,0
DA:60,0
DA:62,0
DA:64,0
DA:65,0
DA:66,0
DA:67,0
DA:68,0
DA:70,0
DA:71,0
DA:72,0
DA:74,0
DA:75,0
DA:81,0
DA:141,0
DA:142,0
DA:143,0
DA:147,0
DA:148,0
DA:149,0
DA:150,0
DA:159,0
DA:160,0
DA:161,0
DA:166,0
DA:167,0
DA:168,0
DA:173,0
DA:174,0
DA:175,0
DA:176,0
DA:178,0
DA:179,0
DA:180,0
DA:182,0
DA:183,0
DA:186,0
DA:187,0
DA:190,0
DA:191,0
DA:196,0
DA:198,0
DA:199,0
DA:202,0
DA:203,0
DA:206,0
DA:207,0
DA:210,0
DA:211,0
DA:218,0
DA:219,0
DA:230,0
DA:234,0
DA:237,0
DA:239,0
DA:240,0
DA:241,0
DA:244,0
DA:246,0
DA:247,0
DA:249,0
DA:250,0
DA:251,0
DA:253,0
DA:257,0
DA:262,0
DA:263,0
DA:264,0
DA:265,0
DA:266,0
DA:270,0
DA:271,0
DA:272,0
DA:276,0
DA:277,0
DA:278,0
DA:279,0
DA:280,0
DA:281,0
DA:285,0
DA:288,0
DA:294,0
DA:300,0
DA:304,0
DA:307,0
DA:314,0
DA:315,0
DA:318,0
DA:319,0
DA:322,0
DA:323,0
DA:326,0
DA:327,0
DA:330,0
DA:331,0
DA:332,0
DA:333,0
DA:337,0
DA:344,0
DA:345,0
DA:346,0
DA:348,0
LF:120
LH:11
BRDA:64,0,0,0
BRDA:64,1,0,0
BRDA:64,1,1,0
BRDA:66,2,0,0
BRDA:66,2,1,0
BRDA:71,3,0,0
BRDA:71,4,0,0
BRDA:71,4,1,0
BRDA:74,5,0,0
BRDA:141,6,0,0
BRDA:147,7,0,0
BRDA:149,8,0,0
BRDA:150,9,0,0
BRDA:150,9,1,0
BRDA:160,10,0,0
BRDA:166,11,0,0
BRDA:166,11,1,0
BRDA:167,12,0,0
BRDA:173,13,0,0
BRDA:173,13,1,0
BRDA:174,14,0,0
BRDA:174,14,1,0
BRDA:175,15,0,0
BRDA:179,16,0,0
BRDA:182,17,0,0
BRDA:182,18,0,0
BRDA:182,18,1,0
BRDA:182,18,2,0
BRDA:186,19,0,0
BRDA:190,20,0,0
BRDA:198,21,0,0
BRDA:202,22,0,0
BRDA:206,23,0,0
BRDA:210,24,0,0
BRDA:218,25,0,0
BRDA:239,26,0,0
BRDA:241,27,0,0
BRDA:241,27,1,0
BRDA:244,28,0,0
BRDA:244,28,1,0
BRDA:244,29,0,0
BRDA:244,29,1,0
BRDA:247,30,0,0
BRDA:247,30,1,0
BRDA:250,31,0,0
BRDA:250,31,1,0
BRDA:265,32,0,0
BRDA:271,33,0,0
BRDA:279,34,0,0
BRDA:314,35,0,0
BRDA:318,36,0,0
BRDA:322,37,0,0
BRDA:326,38,0,0
BRDA:330,39,0,0
BRDA:338,40,0,0
BRDA:338,40,1,0
BRDA:339,41,0,0
BRDA:339,41,1,0
BRDA:340,42,0,0
BRDA:340,42,1,0
BRDA:341,43,0,0
BRDA:341,43,1,0
BRF:62
BRH:0
end_of_record
TN:
SF:src/lib/config/appConfig.ts
FNF:0
FNH:0
DA:8,0
DA:10,0
DA:57,0
DA:58,0
DA:61,0
LF:5
LH:0
BRDA:19,0,0,0
BRDA:19,0,1,0
BRDA:41,1,0,0
BRDA:41,1,1,0
BRDA:41,2,0,0
BRDA:41,2,1,0
BRF:6
BRH:0
end_of_record
TN:
SF:src/lib/config/scoringThresholds.ts
FNF:0
FNH:0
DA:12,13
DA:25,13
DA:36,13
DA:51,13
DA:67,13
DA:84,13
DA:95,13
DA:113,13
DA:124,13
DA:135,13
DA:146,13
DA:157,13
DA:168,13
DA:179,13
DA:195,13
DA:205,13
DA:220,13
DA:232,13
DA:243,13
LF:19
LH:19
BRF:0
BRH:0
end_of_record
TN:
SF:src/lib/config/keywords/clarityAndPurpose.ts
FNF:0
FNH:0
DA:2,18
DA:5,18
DA:7,18
DA:38,18
DA:59,18
DA:86,18
DA:96,18
DA:134,18
LF:8
LH:8
BRF:0
BRH:0
end_of_record
TN:
SF:src/lib/config/keywords/commonLists.ts
FNF:0
FNH:0
DA:4,18
DA:15,18
DA:16,18
DA:26,18
DA:36,18
LF:5
LH:5
BRF:0
BRH:0
end_of_record
TN:
SF:src/lib/config/keywords/instructionsStructure.ts
FNF:0
FNH:0
DA:2,18
DA:3,18
DA:6,18
DA:29,18
DA:64,18
DA:70,18
DA:81,18
DA:89,18
DA:99,18
DA:141,18
DA:152,18
DA:210,18
LF:12
LH:12
BRF:0
BRH:0
end_of_record
TN:
SF:src/lib/config/keywords/safetyAndEthics.ts
FNF:0
FNH:0
DA:4,18
DA:5,18
DA:7,18
DA:77,18
DA:140,18
DA:160,18
DA:177,18
DA:203,18
LF:8
LH:8
BRF:0
BRH:0
end_of_record
TN:
SF:src/lib/config/keywords/specificityDetailScope.ts
FNF:0
FNH:0
DA:2,0
LF:1
LH:0
BRF:0
BRH:0
end_of_record
TN:
SF:src/lib/config/kpis/clarityPurposeKpis.ts
FNF:0
FNH:0
DA:11,3
DA:13,3
LF:2
LH:2
BRF:0
BRH:0
end_of_record
TN:
SF:src/lib/config/kpis/contextContentKpis.ts
FNF:0
FNH:0
DA:7,3
DA:9,3
LF:2
LH:2
BRF:0
BRH:0
end_of_record
TN:
SF:src/lib/config/kpis/instructionsStructureKpis.ts
FNF:0
FNH:0
DA:13,3
LF:1
LH:1
BRF:0
BRH:0
end_of_record
TN:
SF:src/lib/config/kpis/safetyEthicsKpis.ts
FN:36,(anonymous_1)
FN:37,(anonymous_2)
FN:38,(anonymous_3)
FNF:3
FNH:0
FNDA:0,(anonymous_1)
FNDA:0,(anonymous_2)
FNDA:0,(anonymous_3)
DA:3,3
DA:4,3
DA:5,3
DA:7,3
DA:36,0
DA:37,0
DA:38,0
LF:7
LH:4
BRF:0
BRH:0
end_of_record
TN:
SF:src/lib/config/regex/promptAnalysisRegex.ts
FNF:0
FNH:0
DA:27,9
DA:44,9
DA:67,9
DA:89,9
DA:112,9
DA:134,9
DA:137,9
LF:7
LH:7
BRF:0
BRH:0
end_of_record
TN:
SF:src/lib/config/safety/safetyGatekeeper.ts
FNF:0
FNH:0
DA:40,3
DA:41,3
DA:47,3
DA:48,3
DA:49,3
DA:50,3
DA:51,3
LF:7
LH:7
BRF:0
BRH:0
end_of_record
TN:
SF:src/lib/exceptions/AIError.ts
FN:3,(anonymous_4)
FN:23,(anonymous_5)
FN:52,(anonymous_6)
FN:66,(anonymous_7)
FN:88,(anonymous_8)
FN:106,withAIErrorHandling
FNF:6
FNH:1
FNDA:16,(anonymous_4)
FNDA:0,(anonymous_5)
FNDA:0,(anonymous_6)
FNDA:0,(anonymous_7)
FNDA:0,(anonymous_8)
FNDA:0,withAIErrorHandling
DA:3,16
DA:15,0
DA:34,0
DA:35,0
DA:36,0
DA:37,0
DA:38,0
DA:39,0
DA:40,0
DA:41,0
DA:44,0
DA:45,0
DA:53,0
DA:67,0
DA:69,0
DA:72,0
DA:74,0
DA:77,0
DA:79,0
DA:81,0
DA:89,0
DA:106,0
DA:114,0
DA:115,0
DA:117,0
DA:119,0
DA:128,0
DA:129,0
DA:131,0
DA:132,0
DA:133,0
DA:134,0
DA:135,0
DA:136,0
DA:137,0
DA:138,0
DA:139,0
DA:140,0
DA:141,0
DA:145,0
LF:40
LH:1
BRDA:3,0,0,16
BRDA:3,0,1,16
BRDA:41,1,0,0
BRDA:41,1,1,0
BRDA:44,2,0,0
BRDA:67,3,0,0
BRDA:67,3,1,0
BRDA:67,3,2,0
BRDA:67,3,3,0
BRDA:67,3,4,0
BRDA:67,3,5,0
BRDA:67,3,6,0
BRDA:67,3,7,0
BRDA:117,4,0,0
BRDA:121,5,0,0
BRDA:121,5,1,0
BRDA:122,6,0,0
BRDA:122,6,1,0
BRDA:123,7,0,0
BRDA:123,7,1,0
BRDA:131,8,0,0
BRDA:133,9,0,0
BRDA:133,9,1,0
BRDA:136,10,0,0
BRDA:136,10,1,0
BRDA:136,11,0,0
BRDA:136,11,1,0
BRDA:139,12,0,0
BRDA:146,13,0,0
BRDA:146,13,1,0
BRF:30
BRH:2
end_of_record
TN:
SF:src/lib/llm-clients/getClient.ts
FN:7,getLLMClient
FN:23,getDefaultModels
FNF:2
FNH:1
FNDA:0,getLLMClient
FNDA:19,getDefaultModels
DA:1,10
DA:5,10
DA:7,0
DA:8,0
DA:10,0
DA:11,0
DA:15,0
DA:17,0
DA:19,0
DA:23,19
DA:24,19
DA:32,19
DA:33,19
DA:39,0
DA:44,19
DA:45,19
DA:47,19
LF:17
LH:9
BRDA:8,0,0,0
BRDA:8,0,1,0
BRDA:10,1,0,0
BRDA:15,2,0,0
BRDA:24,3,0,19
BRDA:24,3,1,0
BRDA:32,4,0,19
BRDA:32,4,1,0
BRDA:34,5,0,19
BRDA:34,5,1,0
BRDA:34,5,2,0
BRDA:35,6,0,19
BRDA:35,6,1,0
BRDA:35,6,2,0
BRDA:40,7,0,0
BRDA:40,7,1,0
BRDA:40,7,2,0
BRDA:41,8,0,0
BRDA:41,8,1,0
BRDA:41,8,2,0
BRDA:44,9,0,19
BRDA:44,9,1,0
BRDA:45,10,0,19
BRDA:45,10,1,0
BRF:24
BRH:6
end_of_record
TN:
SF:src/lib/llm-clients/ollamaAdapter.ts
FN:6,(anonymous_1)
FNF:1
FNH:0
FNDA:0,(anonymous_1)
DA:1,10
DA:4,10
DA:8,0
DA:9,0
DA:13,10
LF:5
LH:3
BRDA:6,0,0,0
BRDA:6,1,0,0
BRDA:6,2,0,0
BRF:3
BRH:0
end_of_record
TN:
SF:src/lib/llm-clients/ollamaClient.ts
FN:15,sleep
FN:16,(anonymous_3)
FN:19,ollamaChatCompletion
FN:26,(anonymous_5)
FNF:4
FNH:0
FNDA:0,sleep
FNDA:0,(anonymous_3)
FNDA:0,ollamaChatCompletion
FNDA:0,(anonymous_5)
DA:2,10
DA:5,10
DA:6,10
DA:7,10
DA:10,10
DA:16,0
DA:19,0
DA:26,0
DA:29,0
DA:30,0
DA:31,0
DA:37,0
DA:39,0
DA:40,0
DA:41,0
DA:42,0
DA:43,0
DA:47,0
LF:18
LH:5
BRDA:5,0,0,10
BRDA:5,0,1,0
BRDA:6,1,0,10
BRDA:6,1,1,0
BRDA:7,2,0,10
BRDA:7,2,1,0
BRDA:20,3,0,0
BRDA:22,4,0,0
BRDA:23,5,0,0
BRDA:40,6,0,0
BRDA:47,7,0,0
BRDA:47,7,1,0
BRF:12
BRH:3
end_of_record
TN:
SF:src/lib/llm-clients/openaiAdapter.ts
FN:6,(anonymous_1)
FNF:1
FNH:0
FNDA:0,(anonymous_1)
DA:1,0
DA:4,0
DA:7,0
DA:8,0
DA:17,0
DA:18,0
DA:22,0
LF:7
LH:0
BRDA:6,0,0,0
BRDA:6,1,0,0
BRDA:6,2,0,0
BRDA:13,3,0,0
BRDA:13,3,1,0
BRDA:17,4,0,0
BRDA:17,4,1,0
BRF:7
BRH:0
end_of_record
TN:
SF:src/lib/llm-clients/openaiClient.ts
FN:4,getOpenAIClient
FNF:1
FNH:0
FNDA:0,getOpenAIClient
DA:2,0
DA:4,0
DA:5,0
DA:6,0
DA:7,0
DA:8,0
DA:12,0
LF:7
LH:0
BRDA:5,0,0,0
BRF:1
BRH:0
end_of_record
TN:
SF:src/lib/types/kpiTypes_old.ts
FNF:0
FNH:0
DA:65,0
DA:70,0
DA:74,0
DA:78,0
DA:82,0
DA:88,0
LF:6
LH:0
BRF:0
BRH:0
end_of_record
TN:
SF:src/lib/types/metadataTypes.ts
FNF:0
FNH:0
DA:2,20
DA:12,180
DA:21,90
DA:30,108
DA:38,360
DA:49,360
LF:6
LH:6
BRF:0
BRH:0
end_of_record
TN:
SF:src/lib/types/outputLength.ts
FNF:0
FNH:0
DA:3,20
DA:8,20
DA:12,20
DA:16,20
DA:20,20
DA:26,20
DA:36,20
DA:42,20
LF:8
LH:8
BRF:0
BRH:0
end_of_record
TN:
SF:src/lib/types/riskAssessment.ts
FNF:0
FNH:0
DA:4,36
DA:10,36
DA:20,2268
DA:39,36
DA:99,36
DA:111,36
LF:6
LH:6
BRF:0
BRH:0
end_of_record
TN:
SF:src/lib/types/shared.ts
FN:17,(anonymous_3)
FN:39,(anonymous_4)
FNF:2
FNH:2
FNDA:40,(anonymous_3)
FNDA:40,(anonymous_4)
DA:17,40
DA:20,40
DA:24,40
DA:28,40
DA:32,40
DA:39,40
DA:43,40
DA:47,40
DA:51,40
DA:55,40
DA:60,40
LF:11
LH:11
BRDA:17,0,0,40
BRDA:17,0,1,40
BRDA:39,1,0,40
BRDA:39,1,1,40
BRF:4
BRH:4
end_of_record
TN:
SF:src/lib/utils/envUtils.ts
FN:3,(anonymous_3)
FN:8,(anonymous_4)
FNF:2
FNH:0
FNDA:0,(anonymous_3)
FNDA:0,(anonymous_4)
DA:3,0
DA:4,0
DA:5,0
DA:8,0
DA:9,0
DA:10,0
DA:11,0
LF:7
LH:0
BRDA:3,0,0,0
BRDA:4,1,0,0
BRDA:9,2,0,0
BRDA:11,3,0,0
BRDA:11,3,1,0
BRF:5
BRH:0
end_of_record
TN:
SF:src/lib/utils/filterMatchUtils.ts
FN:13,filterOverlappingMatches
FN:21,(anonymous_2)
FN:31,(anonymous_3)
FN:68,(anonymous_4)
FNF:4
FNH:0
FNDA:0,filterOverlappingMatches
FNDA:0,(anonymous_2)
FNDA:0,(anonymous_3)
FNDA:0,(anonymous_4)
DA:13,0
DA:14,0
DA:15,0
DA:20,0
DA:21,0
DA:24,0
DA:25,0
DA:31,0
DA:32,0
DA:33,0
DA:35,0
DA:36,0
DA:38,0
DA:41,0
DA:42,0
DA:44,0
DA:45,0
DA:46,0
DA:51,0
DA:54,0
DA:55,0
DA:59,0
DA:60,0
DA:61,0
DA:68,0
LF:25
LH:0
BRDA:14,0,0,0
BRDA:14,1,0,0
BRDA:14,1,1,0
BRDA:21,2,0,0
BRDA:21,2,1,0
BRDA:24,3,0,0
BRDA:35,4,0,0
BRDA:51,5,0,0
BRDA:59,6,0,0
BRF:9
BRH:0
end_of_record
TN:
SF:src/lib/utils/response.ts
FN:20,(anonymous_5)
FN:36,(anonymous_6)
FN:75,(anonymous_7)
FNF:3
FNH:0
FNDA:0,(anonymous_5)
FNDA:0,(anonymous_6)
FNDA:0,(anonymous_7)
DA:2,0
DA:20,0
DA:21,0
DA:36,0
DA:42,0
DA:43,0
DA:47,0
DA:48,0
DA:56,0
DA:58,0
DA:64,0
DA:75,0
DA:80,0
LF:13
LH:0
BRDA:20,0,0,0
BRDA:38,1,0,0
BRDA:42,2,0,0
BRDA:42,2,1,0
BRDA:47,3,0,0
BRDA:47,3,1,0
BRDA:56,4,0,0
BRDA:56,4,1,0
BRDA:78,5,0,0
BRF:9
BRH:0
end_of_record
TN:
SF:src/lib/utils/safetyRisk.ts
FN:8,(anonymous_1)
FN:15,(anonymous_2)
FNF:2
FNH:0
FNDA:0,(anonymous_1)
FNDA:0,(anonymous_2)
DA:3,9
DA:4,9
DA:8,9
DA:9,0
DA:10,0
DA:11,0
DA:12,0
DA:15,9
DA:16,0
DA:17,0
DA:20,0
DA:21,0
DA:22,0
DA:23,0
DA:24,0
DA:25,0
DA:26,0
DA:27,0
DA:28,0
DA:29,0
DA:32,0
DA:33,0
DA:34,0
DA:35,0
DA:39,0
DA:40,0
DA:41,0
DA:42,0
DA:43,0
DA:44,0
DA:47,0
LF:31
LH:4
BRDA:9,0,0,0
BRDA:10,1,0,0
BRDA:11,2,0,0
BRDA:16,3,0,0
BRDA:16,3,1,0
BRDA:21,4,0,0
BRDA:21,4,1,0
BRDA:23,5,0,0
BRDA:23,6,0,0
BRDA:23,6,1,0
BRDA:23,6,2,0
BRDA:23,6,3,0
BRDA:25,7,0,0
BRDA:25,7,1,0
BRDA:26,8,0,0
BRDA:26,8,1,0
BRDA:28,9,0,0
BRDA:28,9,1,0
BRDA:29,10,0,0
BRDA:32,11,0,0
BRDA:32,11,1,0
BRDA:34,12,0,0
BRDA:40,13,0,0
BRF:23
BRH:0
end_of_record
TN:
SF:src/lib/utils/textAnalysisUtils.ts
FN:27,(anonymous_17)
FN:34,(anonymous_18)
FN:46,(anonymous_19)
FN:58,(anonymous_20)
FN:86,(anonymous_21)
FN:103,(anonymous_22)
FN:151,(anonymous_23)
FN:158,(anonymous_24)
FN:164,(anonymous_25)
FN:208,(anonymous_26)
FN:228,(anonymous_27)
FN:285,(anonymous_28)
FN:319,(anonymous_29)
FN:327,(anonymous_30)
FN:332,(anonymous_31)
FN:345,(anonymous_32)
FN:378,(anonymous_33)
FN:388,(anonymous_34)
FN:415,(anonymous_35)
FN:442,(anonymous_36)
FN:466,(anonymous_37)
FN:475,(anonymous_38)
FN:479,(anonymous_39)
FN:501,(anonymous_40)
FN:522,(anonymous_41)
FN:534,(anonymous_42)
FN:579,(anonymous_43)
FN:586,(anonymous_44)
FN:589,(anonymous_45)
FN:594,(anonymous_46)
FN:602,(anonymous_47)
FN:617,(anonymous_48)
FN:622,(anonymous_49)
FN:656,(anonymous_50)
FN:668,(anonymous_51)
FN:674,(anonymous_52)
FN:724,getNounVerbBalance
FN:729,(anonymous_54)
FNF:38
FNH:0
FNDA:0,(anonymous_17)
FNDA:0,(anonymous_18)
FNDA:0,(anonymous_19)
FNDA:0,(anonymous_20)
FNDA:0,(anonymous_21)
FNDA:0,(anonymous_22)
FNDA:0,(anonymous_23)
FNDA:0,(anonymous_24)
FNDA:0,(anonymous_25)
FNDA:0,(anonymous_26)
FNDA:0,(anonymous_27)
FNDA:0,(anonymous_28)
FNDA:0,(anonymous_29)
FNDA:0,(anonymous_30)
FNDA:0,(anonymous_31)
FNDA:0,(anonymous_32)
FNDA:0,(anonymous_33)
FNDA:0,(anonymous_34)
FNDA:0,(anonymous_35)
FNDA:0,(anonymous_36)
FNDA:0,(anonymous_37)
FNDA:0,(anonymous_38)
FNDA:0,(anonymous_39)
FNDA:0,(anonymous_40)
FNDA:0,(anonymous_41)
FNDA:0,(anonymous_42)
FNDA:0,(anonymous_43)
FNDA:0,(anonymous_44)
FNDA:0,(anonymous_45)
FNDA:0,(anonymous_46)
FNDA:0,(anonymous_47)
FNDA:0,(anonymous_48)
FNDA:0,(anonymous_49)
FNDA:0,(anonymous_50)
FNDA:0,(anonymous_51)
FNDA:0,(anonymous_52)
FNDA:0,getNounVerbBalance
FNDA:0,(anonymous_54)
DA:3,18
DA:4,18
DA:14,18
DA:16,18
DA:19,18
DA:20,18
DA:22,18
DA:23,18
DA:25,18
DA:27,18
DA:34,18
DA:35,0
DA:36,0
DA:37,0
DA:46,18
DA:50,0
DA:51,0
DA:52,0
DA:55,0
DA:56,0
DA:58,0
DA:59,0
DA:62,0
DA:63,0
DA:64,0
DA:71,0
DA:72,0
DA:73,0
DA:76,0
DA:86,18
DA:87,0
DA:89,0
DA:90,0
DA:103,18
DA:108,0
DA:114,0
DA:115,0
DA:118,0
DA:119,0
DA:122,0
DA:124,0
DA:126,0
DA:127,0
DA:129,0
DA:132,0
DA:140,0
DA:151,18
DA:155,0
DA:156,0
DA:158,0
DA:159,0
DA:161,0
DA:162,0
DA:164,0
DA:165,0
DA:166,0
DA:171,0
DA:172,0
DA:175,0
DA:176,0
DA:177,0
DA:179,0
DA:190,0
DA:196,0
DA:208,18
DA:209,0
DA:212,0
DA:213,0
DA:220,0
DA:226,0
DA:228,0
DA:229,0
DA:230,0
DA:231,0
DA:232,0
DA:234,0
DA:235,0
DA:236,0
DA:239,0
DA:240,0
DA:241,0
DA:245,0
DA:246,0
DA:248,0
DA:252,0
DA:262,0
DA:269,0
DA:281,0
DA:282,0
DA:283,0
DA:285,0
DA:286,0
DA:287,0
DA:288,0
DA:289,0
DA:290,0
DA:292,0
DA:293,0
DA:299,0
DA:306,0
DA:319,0
DA:327,18
DA:328,0
DA:329,0
DA:332,0
DA:333,0
DA:334,0
DA:335,0
DA:345,0
DA:346,0
DA:347,0
DA:348,0
DA:349,0
DA:350,0
DA:364,0
DA:378,18
DA:379,0
DA:380,0
DA:384,0
DA:385,0
DA:387,0
DA:388,0
DA:389,0
DA:390,0
DA:391,0
DA:392,0
DA:397,0
DA:406,0
DA:412,0
DA:414,0
DA:415,0
DA:416,0
DA:417,0
DA:419,0
DA:420,0
DA:425,0
DA:434,0
DA:440,0
DA:441,0
DA:442,0
DA:443,0
DA:445,0
DA:446,0
DA:447,0
DA:452,0
DA:461,0
DA:466,0
DA:475,18
DA:476,0
DA:477,0
DA:479,0
DA:480,0
DA:481,0
DA:484,0
DA:501,18
DA:502,0
DA:505,0
DA:507,0
DA:509,0
DA:510,0
DA:513,0
DA:522,18
DA:523,0
DA:530,0
DA:532,0
DA:534,0
DA:536,0
DA:537,0
DA:538,0
DA:539,0
DA:540,0
DA:543,0
DA:544,0
DA:545,0
DA:549,0
DA:550,0
DA:551,0
DA:553,0
DA:554,0
DA:556,0
DA:557,0
DA:558,0
DA:559,0
DA:561,0
DA:565,0
DA:570,0
DA:579,18
DA:580,0
DA:582,0
DA:586,0
DA:587,0
DA:589,0
DA:590,0
DA:594,0
DA:596,0
DA:597,0
DA:599,0
DA:602,0
DA:606,0
DA:607,0
DA:609,0
DA:614,0
DA:617,0
DA:619,0
DA:621,0
DA:622,0
DA:624,0
DA:629,0
DA:630,0
DA:640,0
DA:656,18
DA:660,0
DA:661,0
DA:666,0
DA:668,0
DA:669,0
DA:670,0
DA:672,0
DA:674,0
DA:675,0
DA:676,0
DA:677,0
DA:680,0
DA:684,0
DA:685,0
DA:688,0
DA:689,0
DA:696,0
DA:706,0
DA:707,0
DA:715,0
DA:724,0
DA:725,0
DA:726,0
DA:727,0
DA:728,0
DA:729,0
DA:730,0
DA:731,0
DA:732,0
DA:734,0
DA:735,0
LF:242
LH:23
BRDA:35,0,0,0
BRDA:35,1,0,0
BRDA:35,1,1,0
BRDA:37,2,0,0
BRDA:37,2,1,0
BRDA:50,3,0,0
BRDA:51,4,0,0
BRDA:62,5,0,0
BRDA:62,6,0,0
BRDA:62,6,1,0
BRDA:71,7,0,0
BRDA:71,8,0,0
BRDA:71,8,1,0
BRDA:87,9,0,0
BRDA:90,10,0,0
BRDA:90,10,1,0
BRDA:108,11,0,0
BRDA:108,12,0,0
BRDA:108,12,1,0
BRDA:114,13,0,0
BRDA:114,14,0,0
BRDA:114,14,1,0
BRDA:114,14,2,0
BRDA:115,15,0,0
BRDA:115,16,0,0
BRDA:115,16,1,0
BRDA:119,17,0,0
BRDA:119,18,0,0
BRDA:119,18,1,0
BRDA:124,19,0,0
BRDA:124,20,0,0
BRDA:124,20,1,0
BRDA:156,21,0,0
BRDA:156,22,0,0
BRDA:156,22,1,0
BRDA:156,22,2,0
BRDA:161,23,0,0
BRDA:161,23,1,0
BRDA:166,24,0,0
BRDA:166,24,1,0
BRDA:172,25,0,0
BRDA:176,26,0,0
BRDA:176,26,1,0
BRDA:229,27,0,0
BRDA:229,27,1,0
BRDA:231,28,0,0
BRDA:231,28,1,0
BRDA:232,29,0,0
BRDA:232,29,1,0
BRDA:235,30,0,0
BRDA:235,30,1,0
BRDA:239,31,0,0
BRDA:239,31,1,0
BRDA:240,32,0,0
BRDA:245,33,0,0
BRDA:245,33,1,0
BRDA:258,34,0,0
BRDA:258,34,1,0
BRDA:287,35,0,0
BRDA:287,35,1,0
BRDA:289,36,0,0
BRDA:289,36,1,0
BRDA:290,37,0,0
BRDA:290,37,1,0
BRDA:292,38,0,0
BRDA:328,39,0,0
BRDA:328,39,1,0
BRDA:329,40,0,0
BRDA:329,41,0,0
BRDA:329,41,1,0
BRDA:332,42,0,0
BRDA:332,42,1,0
BRDA:333,43,0,0
BRDA:334,44,0,0
BRDA:334,44,1,0
BRDA:336,45,0,0
BRDA:336,45,1,0
BRDA:345,46,0,0
BRDA:345,46,1,0
BRDA:346,47,0,0
BRDA:347,48,0,0
BRDA:347,48,1,0
BRDA:348,49,0,0
BRDA:348,49,1,0
BRDA:349,50,0,0
BRDA:349,50,1,0
BRDA:349,51,0,0
BRDA:349,51,1,0
BRDA:351,52,0,0
BRDA:351,52,1,0
BRDA:351,53,0,0
BRDA:351,53,1,0
BRDA:354,54,0,0
BRDA:354,54,1,0
BRDA:355,55,0,0
BRDA:355,55,1,0
BRDA:390,56,0,0
BRDA:390,57,0,0
BRDA:390,57,1,0
BRDA:391,58,0,0
BRDA:391,58,1,0
BRDA:417,59,0,0
BRDA:417,60,0,0
BRDA:417,60,1,0
BRDA:419,61,0,0
BRDA:419,61,1,0
BRDA:445,62,0,0
BRDA:445,63,0,0
BRDA:445,63,1,0
BRDA:445,63,2,0
BRDA:446,64,0,0
BRDA:446,64,1,0
BRDA:477,65,0,0
BRDA:477,66,0,0
BRDA:477,66,1,0
BRDA:480,67,0,0
BRDA:502,68,0,0
BRDA:502,69,0,0
BRDA:502,69,1,0
BRDA:507,70,0,0
BRDA:507,71,0,0
BRDA:507,71,1,0
BRDA:527,72,0,0
BRDA:527,72,1,0
BRDA:530,73,0,0
BRDA:530,74,0,0
BRDA:530,74,1,0
BRDA:539,75,0,0
BRDA:544,76,0,0
BRDA:549,77,0,0
BRDA:549,78,0,0
BRDA:549,78,1,0
BRDA:553,79,0,0
BRDA:553,79,1,0
BRDA:556,80,0,0
BRDA:556,80,1,0
BRDA:558,81,0,0
BRDA:558,81,1,0
BRDA:580,82,0,0
BRDA:580,83,0,0
BRDA:580,83,1,0
BRDA:596,84,0,0
BRDA:606,85,0,0
BRDA:658,86,0,0
BRDA:661,87,0,0
BRDA:676,88,0,0
BRDA:676,88,1,0
BRDA:684,89,0,0
BRDA:688,90,0,0
BRDA:706,91,0,0
BRDA:725,92,0,0
BRDA:725,93,0,0
BRDA:725,93,1,0
BRDA:731,94,0,0
BRDA:731,95,0,0
BRDA:731,95,1,0
BRDA:732,96,0,0
BRDA:734,97,0,0
BRF:158
BRH:0
end_of_record
